<?xml version="1.0" encoding="UTF-8" standalone="yes"?><!DOCTYPE report PUBLIC "-//JACOCO//DTD Report 1.1//EN" "report.dtd"><report name="OpenAPI codegen for Micronaut"><sessioninfo id="fv-az1052-424-c25ee2a3" start="1703799201232" dump="1703799210946"/><package name="org/openapitools/codegen/languages"><class name="org/openapitools/codegen/languages/MicronautCodegen" sourcefilename="MicronautCodegen.java"><method name="&lt;init&gt;" desc="()V" line="68"><counter type="INSTRUCTION" missed="0" covered="569"/><counter type="LINE" missed="0" covered="99"/><counter type="COMPLEXITY" missed="0" covered="1"/><counter type="METHOD" missed="0" covered="1"/></method><method name="getName" desc="()Ljava/lang/String;" line="188"><counter type="INSTRUCTION" missed="0" covered="2"/><counter type="LINE" missed="0" covered="1"/><counter type="COMPLEXITY" missed="0" covered="1"/><counter type="METHOD" missed="0" covered="1"/></method><method name="postProcess" desc="()V" line="192"><counter type="INSTRUCTION" missed="0" covered="1"/><counter type="LINE" missed="0" covered="1"/><counter type="COMPLEXITY" missed="0" covered="1"/><counter type="METHOD" missed="0" covered="1"/></method><method name="processOpts" desc="()V" line="196"><counter type="INSTRUCTION" missed="7" covered="358"/><counter type="BRANCH" missed="13" covered="27"/><counter type="LINE" missed="1" covered="61"/><counter type="COMPLEXITY" missed="13" covered="8"/><counter type="METHOD" missed="0" covered="1"/></method><method name="fromOperation" desc="(Ljava/lang/String;Ljava/lang/String;Lio/swagger/v3/oas/models/Operation;Ljava/util/List;)Lorg/openapitools/codegen/CodegenOperation;" line="297"><counter type="INSTRUCTION" missed="23" covered="451"/><counter type="BRANCH" missed="6" covered="58"/><counter type="LINE" missed="4" covered="78"/><counter type="COMPLEXITY" missed="6" covered="27"/><counter type="METHOD" missed="0" covered="1"/></method><method name="fromResponse" desc="(Ljava/lang/String;Lio/swagger/v3/oas/models/responses/ApiResponse;)Lorg/openapitools/codegen/CodegenResponse;" line="440"><counter type="INSTRUCTION" missed="0" covered="14"/><counter type="LINE" missed="0" covered="3"/><counter type="COMPLEXITY" missed="0" covered="1"/><counter type="METHOD" missed="0" covered="1"/></method><method name="updateAllModels" desc="(Ljava/util/Map;)Ljava/util/Map;" line="452"><counter type="INSTRUCTION" missed="27" covered="379"/><counter type="BRANCH" missed="5" covered="35"/><counter type="LINE" missed="5" covered="73"/><counter type="COMPLEXITY" missed="5" covered="17"/><counter type="METHOD" missed="0" covered="1"/></method><method name="postProcessParameter" desc="(Lorg/openapitools/codegen/CodegenParameter;)V" line="591"><counter type="INSTRUCTION" missed="0" covered="44"/><counter type="BRANCH" missed="0" covered="12"/><counter type="LINE" missed="0" covered="6"/><counter type="COMPLEXITY" missed="0" covered="7"/><counter type="METHOD" missed="0" covered="1"/></method><method name="postProcessResponseWithProperty" desc="(Lorg/openapitools/codegen/CodegenResponse;Lorg/openapitools/codegen/CodegenProperty;)V" line="602"><counter type="INSTRUCTION" missed="0" covered="33"/><counter type="BRANCH" missed="4" covered="8"/><counter type="LINE" missed="0" covered="5"/><counter type="COMPLEXITY" missed="4" covered="3"/><counter type="METHOD" missed="0" covered="1"/></method><method name="postProcessModelProperty" desc="(Lorg/openapitools/codegen/CodegenModel;Lorg/openapitools/codegen/CodegenProperty;)V" line="612"><counter type="INSTRUCTION" missed="0" covered="21"/><counter type="BRANCH" missed="0" covered="6"/><counter type="LINE" missed="0" covered="4"/><counter type="COMPLEXITY" missed="0" covered="4"/><counter type="METHOD" missed="0" covered="1"/></method><method name="isDataTypeString" desc="(Ljava/lang/String;)Z" line="621"><counter type="INSTRUCTION" missed="0" covered="12"/><counter type="BRANCH" missed="1" covered="3"/><counter type="LINE" missed="0" covered="1"/><counter type="COMPLEXITY" missed="1" covered="2"/><counter type="METHOD" missed="0" covered="1"/></method><method name="getTypeDeclaration" desc="(Lio/swagger/v3/oas/models/media/Schema;)Ljava/lang/String;" line="626"><counter type="INSTRUCTION" missed="0" covered="70"/><counter type="BRANCH" missed="0" covered="8"/><counter type="LINE" missed="0" covered="10"/><counter type="COMPLEXITY" missed="0" covered="5"/><counter type="METHOD" missed="0" covered="1"/></method><method name="toDefaultValue" desc="(Lorg/openapitools/codegen/CodegenProperty;Lio/swagger/v3/oas/models/media/Schema;)Ljava/lang/String;" line="641"><counter type="INSTRUCTION" missed="0" covered="15"/><counter type="BRANCH" missed="0" covered="4"/><counter type="LINE" missed="0" covered="3"/><counter type="COMPLEXITY" missed="0" covered="3"/><counter type="METHOD" missed="0" covered="1"/></method><method name="toDefaultValue" desc="(Lio/swagger/v3/oas/models/media/Schema;)Ljava/lang/String;" line="649"><counter type="INSTRUCTION" missed="8" covered="6"/><counter type="BRANCH" missed="3" covered="1"/><counter type="LINE" missed="1" covered="2"/><counter type="COMPLEXITY" missed="2" covered="1"/><counter type="METHOD" missed="0" covered="1"/></method><method name="toExampleValue" desc="(Lio/swagger/v3/oas/models/media/Schema;)Ljava/lang/String;" line="662"><counter type="INSTRUCTION" missed="27" covered="181"/><counter type="BRANCH" missed="5" covered="37"/><counter type="LINE" missed="4" covered="45"/><counter type="COMPLEXITY" missed="5" covered="17"/><counter type="METHOD" missed="0" covered="1"/></method><method name="toEnumName" desc="(Lorg/openapitools/codegen/CodegenProperty;)Ljava/lang/String;" line="748"><counter type="INSTRUCTION" missed="0" covered="3"/><counter type="LINE" missed="0" covered="1"/><counter type="COMPLEXITY" missed="0" covered="1"/><counter type="METHOD" missed="0" covered="1"/></method><method name="toEnumVarName" desc="(Ljava/lang/String;Ljava/lang/String;)Ljava/lang/String;" line="753"><counter type="INSTRUCTION" missed="0" covered="8"/><counter type="LINE" missed="0" covered="1"/><counter type="COMPLEXITY" missed="0" covered="1"/><counter type="METHOD" missed="0" covered="1"/></method><method name="toEnumValue" desc="(Ljava/lang/String;Ljava/lang/String;)Ljava/lang/String;" line="758"><counter type="INSTRUCTION" missed="6" covered="38"/><counter type="BRANCH" missed="2" covered="6"/><counter type="LINE" missed="2" covered="7"/><counter type="COMPLEXITY" missed="2" covered="3"/><counter type="METHOD" missed="0" covered="1"/></method><method name="setUseBeanValidation" desc="(Z)V" line="777"><counter type="INSTRUCTION" missed="4" covered="0"/><counter type="LINE" missed="2" covered="0"/><counter type="COMPLEXITY" missed="1" covered="0"/><counter type="METHOD" missed="1" covered="0"/></method><method name="setUseGenericResponse" desc="(Z)V" line="782"><counter type="INSTRUCTION" missed="4" covered="0"/><counter type="LINE" missed="2" covered="0"/><counter type="COMPLEXITY" missed="1" covered="0"/><counter type="METHOD" missed="1" covered="0"/></method><method name="setUseOptional" desc="(Z)V" line="787"><counter type="INSTRUCTION" missed="4" covered="0"/><counter type="LINE" missed="2" covered="0"/><counter type="COMPLEXITY" missed="1" covered="0"/><counter type="METHOD" missed="1" covered="0"/></method><method name="addSupportingFile" desc="(Ljava/lang/String;Ljava/lang/String;Ljava/lang/String;)V" line="793"><counter type="INSTRUCTION" missed="0" covered="28"/><counter type="BRANCH" missed="0" covered="2"/><counter type="LINE" missed="0" covered="6"/><counter type="COMPLEXITY" missed="0" covered="2"/><counter type="METHOD" missed="0" covered="1"/></method><method name="copy" desc="(Lorg/openapitools/codegen/CodegenModel;)Lorg/openapitools/codegen/CodegenModel;" line="802"><counter type="INSTRUCTION" missed="52" covered="428"/><counter type="BRANCH" missed="21" covered="21"/><counter type="LINE" missed="0" covered="79"/><counter type="COMPLEXITY" missed="21" covered="1"/><counter type="METHOD" missed="0" covered="1"/></method><method name="getBeanValidation" desc="(Lio/swagger/v3/oas/models/media/Schema;)Ljava/util/List;" line="887"><counter type="INSTRUCTION" missed="0" covered="160"/><counter type="BRANCH" missed="5" covered="37"/><counter type="LINE" missed="0" covered="36"/><counter type="COMPLEXITY" missed="5" covered="17"/><counter type="METHOD" missed="0" covered="1"/></method><method name="removeValidation" desc="(Ljava/lang/String;)Ljava/lang/String;" line="935"><counter type="INSTRUCTION" missed="0" covered="22"/><counter type="LINE" missed="0" covered="5"/><counter type="COMPLEXITY" missed="0" covered="1"/><counter type="METHOD" missed="0" covered="1"/></method><method name="lambda$toExampleValue$36" desc="(Ljava/lang/String;)Ljava/lang/String;" line="737"><counter type="INSTRUCTION" missed="0" covered="8"/><counter type="LINE" missed="0" covered="1"/><counter type="COMPLEXITY" missed="0" covered="1"/><counter type="METHOD" missed="0" covered="1"/></method><method name="lambda$toExampleValue$35" desc="(Ljava/lang/String;)Ljava/lang/String;" line="734"><counter type="INSTRUCTION" missed="0" covered="8"/><counter type="LINE" missed="0" covered="1"/><counter type="COMPLEXITY" missed="0" covered="1"/><counter type="METHOD" missed="0" covered="1"/></method><method name="lambda$toExampleValue$34" desc="(Ljava/lang/String;)Ljava/lang/String;" line="730"><counter type="INSTRUCTION" missed="0" covered="3"/><counter type="LINE" missed="0" covered="1"/><counter type="COMPLEXITY" missed="0" covered="1"/><counter type="METHOD" missed="0" covered="1"/></method><method name="lambda$toExampleValue$33" desc="(Ljava/util/Map;)Ljava/lang/String;" line="726"><counter type="INSTRUCTION" missed="0" covered="10"/><counter type="LINE" missed="0" covered="3"/><counter type="COMPLEXITY" missed="0" covered="1"/><counter type="METHOD" missed="0" covered="1"/></method><method name="lambda$toExampleValue$32" desc="(Ljava/util/Map$Entry;)Ljava/lang/String;" line="727"><counter type="INSTRUCTION" missed="0" covered="6"/><counter type="LINE" missed="0" covered="2"/><counter type="COMPLEXITY" missed="0" covered="1"/><counter type="METHOD" missed="0" covered="1"/></method><method name="lambda$toExampleValue$31" desc="(Ljava/util/Map;)Z" line="725"><counter type="INSTRUCTION" missed="1" covered="6"/><counter type="BRANCH" missed="1" covered="1"/><counter type="LINE" missed="0" covered="1"/><counter type="COMPLEXITY" missed="1" covered="1"/><counter type="METHOD" missed="0" covered="1"/></method><method name="lambda$toExampleValue$30" desc="(Ljava/lang/String;)Ljava/util/Map;" line="724"><counter type="INSTRUCTION" missed="0" covered="8"/><counter type="LINE" missed="0" covered="1"/><counter type="COMPLEXITY" missed="0" covered="1"/><counter type="METHOD" missed="0" covered="1"/></method><method name="lambda$toExampleValue$29" desc="(Ljava/lang/String;)Ljava/lang/String;" line="710"><counter type="INSTRUCTION" missed="3" covered="0"/><counter type="LINE" missed="1" covered="0"/><counter type="COMPLEXITY" missed="1" covered="0"/><counter type="METHOD" missed="1" covered="0"/></method><method name="lambda$toExampleValue$28" desc="(Ljava/lang/String;)Ljava/lang/String;" line="698"><counter type="INSTRUCTION" missed="3" covered="0"/><counter type="LINE" missed="1" covered="0"/><counter type="COMPLEXITY" missed="1" covered="0"/><counter type="METHOD" missed="1" covered="0"/></method><method name="lambda$toExampleValue$27" desc="(Ljava/lang/String;)Ljava/lang/String;" line="691"><counter type="INSTRUCTION" missed="3" covered="0"/><counter type="LINE" missed="1" covered="0"/><counter type="COMPLEXITY" missed="1" covered="0"/><counter type="METHOD" missed="1" covered="0"/></method><method name="lambda$toExampleValue$26" desc="(Ljava/lang/String;)Ljava/lang/String;" line="686"><counter type="INSTRUCTION" missed="3" covered="0"/><counter type="LINE" missed="1" covered="0"/><counter type="COMPLEXITY" missed="1" covered="0"/><counter type="METHOD" missed="1" covered="0"/></method><method name="lambda$toExampleValue$25" desc="(Lio/swagger/v3/oas/models/media/Schema;)Ljava/util/Optional;" line="665"><counter type="INSTRUCTION" missed="0" covered="6"/><counter type="LINE" missed="0" covered="1"/><counter type="COMPLEXITY" missed="0" covered="1"/><counter type="METHOD" missed="0" covered="1"/></method><method name="lambda$toExampleValue$24" desc="(Ljava/util/List;)Ljava/util/Optional;" line="665"><counter type="INSTRUCTION" missed="0" covered="4"/><counter type="LINE" missed="0" covered="1"/><counter type="COMPLEXITY" missed="0" covered="1"/><counter type="METHOD" missed="0" covered="1"/></method><method name="lambda$toExampleValue$23" desc="(Lio/swagger/v3/oas/models/media/Schema;)Ljava/util/Optional;" line="664"><counter type="INSTRUCTION" missed="0" covered="4"/><counter type="LINE" missed="0" covered="1"/><counter type="COMPLEXITY" missed="0" covered="1"/><counter type="METHOD" missed="0" covered="1"/></method><method name="lambda$getTypeDeclaration$22" desc="(Ljava/lang/String;)Ljava/lang/String;" line="631"><counter type="INSTRUCTION" missed="0" covered="3"/><counter type="LINE" missed="0" covered="1"/><counter type="COMPLEXITY" missed="0" covered="1"/><counter type="METHOD" missed="0" covered="1"/></method><method name="lambda$updateAllModels$21" desc="(Lorg/openapitools/codegen/CodegenDiscriminator;Lorg/openapitools/codegen/CodegenProperty;)Z" line="543"><counter type="INSTRUCTION" missed="0" covered="6"/><counter type="LINE" missed="0" covered="1"/><counter type="COMPLEXITY" missed="0" covered="1"/><counter type="METHOD" missed="0" covered="1"/></method><method name="lambda$updateAllModels$20" desc="(Lorg/openapitools/codegen/CodegenDiscriminator;Lorg/openapitools/codegen/CodegenProperty;)Z" line="542"><counter type="INSTRUCTION" missed="0" covered="6"/><counter type="LINE" missed="0" covered="1"/><counter type="COMPLEXITY" missed="0" covered="1"/><counter type="METHOD" missed="0" covered="1"/></method><method name="lambda$updateAllModels$19" desc="(Lorg/openapitools/codegen/CodegenDiscriminator;Lorg/openapitools/codegen/CodegenModel;Lorg/openapitools/codegen/CodegenProperty;)V" line="528"><counter type="INSTRUCTION" missed="0" covered="10"/><counter type="LINE" missed="0" covered="3"/><counter type="COMPLEXITY" missed="0" covered="1"/><counter type="METHOD" missed="0" covered="1"/></method><method name="lambda$updateAllModels$18" desc="(Lorg/openapitools/codegen/CodegenDiscriminator;Lorg/openapitools/codegen/CodegenProperty;)Z" line="526"><counter type="INSTRUCTION" missed="0" covered="6"/><counter type="LINE" missed="0" covered="1"/><counter type="COMPLEXITY" missed="0" covered="1"/><counter type="METHOD" missed="0" covered="1"/></method><method name="lambda$updateAllModels$17" desc="(Lorg/openapitools/codegen/CodegenModel;Lorg/openapitools/codegen/CodegenModel;Lorg/openapitools/codegen/CodegenProperty;)Z" line="504"><counter type="INSTRUCTION" missed="0" covered="26"/><counter type="BRANCH" missed="0" covered="2"/><counter type="LINE" missed="0" covered="6"/><counter type="COMPLEXITY" missed="0" covered="2"/><counter type="METHOD" missed="0" covered="1"/></method><method name="lambda$fromOperation$16" desc="(Lorg/openapitools/codegen/CodegenParameter;)Z" line="433"><counter type="INSTRUCTION" missed="0" covered="10"/><counter type="BRANCH" missed="0" covered="4"/><counter type="LINE" missed="0" covered="1"/><counter type="COMPLEXITY" missed="0" covered="3"/><counter type="METHOD" missed="0" covered="1"/></method><method name="lambda$fromOperation$15" desc="(Lorg/openapitools/codegen/CodegenParameter;)Ljava/lang/String;" line="407"><counter type="INSTRUCTION" missed="0" covered="4"/><counter type="LINE" missed="0" covered="1"/><counter type="COMPLEXITY" missed="0" covered="1"/><counter type="METHOD" missed="0" covered="1"/></method><method name="lambda$fromOperation$14" desc="(Lorg/openapitools/codegen/CodegenParameter;)Z" line="404"><counter type="INSTRUCTION" missed="0" covered="3"/><counter type="LINE" missed="0" covered="1"/><counter type="COMPLEXITY" missed="0" covered="1"/><counter type="METHOD" missed="0" covered="1"/></method><method name="lambda$fromOperation$13" desc="(Lorg/openapitools/codegen/CodegenOperation;Lorg/openapitools/codegen/CodegenParameter;)V" line="396"><counter type="INSTRUCTION" missed="0" covered="24"/><counter type="LINE" missed="0" covered="3"/><counter type="COMPLEXITY" missed="0" covered="1"/><counter type="METHOD" missed="0" covered="1"/></method><method name="lambda$fromOperation$12" desc="(Lorg/openapitools/codegen/CodegenParameter;)Z" line="395"><counter type="INSTRUCTION" missed="0" covered="7"/><counter type="BRANCH" missed="0" covered="2"/><counter type="LINE" missed="0" covered="1"/><counter type="COMPLEXITY" missed="0" covered="2"/><counter type="METHOD" missed="0" covered="1"/></method><method name="lambda$fromOperation$11" desc="(Lio/swagger/v3/oas/models/media/Content;)Z" line="369"><counter type="INSTRUCTION" missed="0" covered="4"/><counter type="LINE" missed="0" covered="1"/><counter type="COMPLEXITY" missed="0" covered="1"/><counter type="METHOD" missed="0" covered="1"/></method><method name="lambda$fromOperation$10" desc="(Ljava/util/Map;Lorg/openapitools/codegen/CodegenResponse;)V" line="353"><counter type="INSTRUCTION" missed="0" covered="9"/><counter type="LINE" missed="0" covered="1"/><counter type="COMPLEXITY" missed="0" covered="1"/><counter type="METHOD" missed="0" covered="1"/></method><method name="lambda$fromOperation$9" desc="(Ljava/util/Map;)Ljava/util/stream/Stream;" line="337"><counter type="INSTRUCTION" missed="0" covered="4"/><counter type="LINE" missed="0" covered="1"/><counter type="COMPLEXITY" missed="0" covered="1"/><counter type="METHOD" missed="0" covered="1"/></method><method name="lambda$fromOperation$8" desc="(Lorg/openapitools/codegen/CodegenResponse;)Z" line="322"><counter type="INSTRUCTION" missed="0" covered="3"/><counter type="LINE" missed="0" covered="1"/><counter type="COMPLEXITY" missed="0" covered="1"/><counter type="METHOD" missed="0" covered="1"/></method><method name="lambda$fromOperation$7" desc="(Lorg/openapitools/codegen/CodegenResponse;)Ljava/lang/String;" line="314"><counter type="INSTRUCTION" missed="0" covered="3"/><counter type="LINE" missed="0" covered="1"/><counter type="COMPLEXITY" missed="0" covered="1"/><counter type="METHOD" missed="0" covered="1"/></method><method name="lambda$fromOperation$6" desc="(Lorg/openapitools/codegen/CodegenResponse;)Ljava/lang/Integer;" line="312"><counter type="INSTRUCTION" missed="0" covered="5"/><counter type="LINE" missed="0" covered="1"/><counter type="COMPLEXITY" missed="0" covered="1"/><counter type="METHOD" missed="0" covered="1"/></method><method name="lambda$fromOperation$5" desc="(Lorg/openapitools/codegen/CodegenResponse;)Z" line="311"><counter type="INSTRUCTION" missed="0" covered="10"/><counter type="BRANCH" missed="0" covered="4"/><counter type="LINE" missed="0" covered="1"/><counter type="COMPLEXITY" missed="0" covered="3"/><counter type="METHOD" missed="0" covered="1"/></method><method name="lambda$processOpts$4" desc="(Ljava/lang/String;)V" line="291"><counter type="INSTRUCTION" missed="0" covered="7"/><counter type="LINE" missed="0" covered="1"/><counter type="COMPLEXITY" missed="0" covered="1"/><counter type="METHOD" missed="0" covered="1"/></method><method name="lambda$processOpts$3" desc="(Ljava/lang/String;)Z" line="290"><counter type="INSTRUCTION" missed="1" covered="6"/><counter type="BRANCH" missed="1" covered="1"/><counter type="LINE" missed="0" covered="1"/><counter type="COMPLEXITY" missed="1" covered="1"/><counter type="METHOD" missed="0" covered="1"/></method><method name="lambda$processOpts$2" desc="(Ljava/lang/String;Ljava/lang/String;)V" line="288"><counter type="INSTRUCTION" missed="0" covered="8"/><counter type="LINE" missed="0" covered="1"/><counter type="COMPLEXITY" missed="0" covered="1"/><counter type="METHOD" missed="0" covered="1"/></method><method name="lambda$processOpts$1" desc="(Ljava/lang/String;Ljava/lang/String;)Ljava/lang/String;" line="197"><counter type="INSTRUCTION" missed="0" covered="8"/><counter type="LINE" missed="0" covered="1"/><counter type="COMPLEXITY" missed="0" covered="1"/><counter type="METHOD" missed="0" covered="1"/></method><method name="lambda$processOpts$0" desc="(Ljava/lang/String;Ljava/lang/String;)Ljava/lang/Object;" line="197"><counter type="INSTRUCTION" missed="0" covered="2"/><counter type="LINE" missed="0" covered="1"/><counter type="COMPLEXITY" missed="0" covered="1"/><counter type="METHOD" missed="0" covered="1"/></method><method name="&lt;clinit&gt;" desc="()V" line="66"><counter type="INSTRUCTION" missed="0" covered="4"/><counter type="LINE" missed="0" covered="1"/><counter type="COMPLEXITY" missed="0" covered="1"/><counter type="METHOD" missed="0" covered="1"/></method><counter type="INSTRUCTION" missed="176" covered="3084"/><counter type="BRANCH" missed="67" covered="279"/><counter type="LINE" missed="23" covered="544"/><counter type="COMPLEXITY" missed="73" covered="164"/><counter type="METHOD" missed="7" covered="56"/><counter type="CLASS" missed="0" covered="1"/></class><sourcefile name="MicronautCodegen.java"><line nr="66" mi="0" ci="4" mb="0" cb="0"/><line nr="68" mi="0" ci="3" mb="0" cb="0"/><line nr="69" mi="0" ci="3" mb="0" cb="0"/><line nr="70" mi="0" ci="3" mb="0" cb="0"/><line nr="71" mi="0" ci="3" mb="0" cb="0"/><line nr="72" mi="0" ci="3" mb="0" cb="0"/><line nr="73" mi="0" ci="3" mb="0" cb="0"/><line nr="74" mi="0" ci="3" mb="0" cb="0"/><line nr="75" mi="0" ci="3" mb="0" cb="0"/><line nr="76" mi="0" ci="3" mb="0" cb="0"/><line nr="77" mi="0" ci="3" mb="0" cb="0"/><line nr="78" mi="0" ci="3" mb="0" cb="0"/><line nr="79" mi="0" ci="3" mb="0" cb="0"/><line nr="81" mi="0" ci="2" mb="0" cb="0"/><line nr="85" mi="0" ci="3" mb="0" cb="0"/><line nr="86" mi="0" ci="3" mb="0" cb="0"/><line nr="88" mi="0" ci="3" mb="0" cb="0"/><line nr="89" mi="0" ci="9" mb="0" cb="0"/><line nr="90" mi="0" ci="9" mb="0" cb="0"/><line nr="91" mi="0" ci="9" mb="0" cb="0"/><line nr="92" mi="0" ci="9" mb="0" cb="0"/><line nr="93" mi="0" ci="9" mb="0" cb="0"/><line nr="94" mi="0" ci="9" mb="0" cb="0"/><line nr="95" mi="0" ci="9" mb="0" cb="0"/><line nr="96" mi="0" ci="9" mb="0" cb="0"/><line nr="97" mi="0" ci="9" mb="0" cb="0"/><line nr="98" mi="0" ci="9" mb="0" cb="0"/><line nr="99" mi="0" ci="9" mb="0" cb="0"/><line nr="101" mi="0" ci="9" mb="0" cb="0"/><line nr="102" mi="0" ci="9" mb="0" cb="0"/><line nr="103" mi="0" ci="7" mb="0" cb="0"/><line nr="104" mi="0" ci="7" mb="0" cb="0"/><line nr="105" mi="0" ci="7" mb="0" cb="0"/><line nr="109" mi="0" ci="3" mb="0" cb="0"/><line nr="110" mi="0" ci="3" mb="0" cb="0"/><line nr="111" mi="0" ci="3" mb="0" cb="0"/><line nr="112" mi="0" ci="3" mb="0" cb="0"/><line nr="113" mi="0" ci="6" mb="0" cb="0"/><line nr="114" mi="0" ci="3" mb="0" cb="0"/><line nr="115" mi="0" ci="3" mb="0" cb="0"/><line nr="119" mi="0" ci="3" mb="0" cb="0"/><line nr="120" mi="0" ci="8" mb="0" cb="0"/><line nr="121" mi="0" ci="8" mb="0" cb="0"/><line nr="122" mi="0" ci="8" mb="0" cb="0"/><line nr="123" mi="0" ci="8" mb="0" cb="0"/><line nr="124" mi="0" ci="8" mb="0" cb="0"/><line nr="125" mi="0" ci="8" mb="0" cb="0"/><line nr="126" mi="0" ci="8" mb="0" cb="0"/><line nr="127" mi="0" ci="8" mb="0" cb="0"/><line nr="128" mi="0" ci="8" mb="0" cb="0"/><line nr="129" mi="0" ci="8" mb="0" cb="0"/><line nr="130" mi="0" ci="6" mb="0" cb="0"/><line nr="134" mi="0" ci="3" mb="0" cb="0"/><line nr="135" mi="0" ci="6" mb="0" cb="0"/><line nr="136" mi="0" ci="6" mb="0" cb="0"/><line nr="137" mi="0" ci="6" mb="0" cb="0"/><line nr="138" mi="0" ci="6" mb="0" cb="0"/><line nr="139" mi="0" ci="6" mb="0" cb="0"/><line nr="140" mi="0" ci="6" mb="0" cb="0"/><line nr="141" mi="0" ci="6" mb="0" cb="0"/><line nr="142" mi="0" ci="6" mb="0" cb="0"/><line nr="143" mi="0" ci="6" mb="0" cb="0"/><line nr="144" mi="0" ci="6" mb="0" cb="0"/><line nr="145" mi="0" ci="6" mb="0" cb="0"/><line nr="146" mi="0" ci="6" mb="0" cb="0"/><line nr="147" mi="0" ci="6" mb="0" cb="0"/><line nr="148" mi="0" ci="6" mb="0" cb="0"/><line nr="149" mi="0" ci="6" mb="0" cb="0"/><line nr="150" mi="0" ci="6" mb="0" cb="0"/><line nr="151" mi="0" ci="6" mb="0" cb="0"/><line nr="152" mi="0" ci="6" mb="0" cb="0"/><line nr="153" mi="0" ci="6" mb="0" cb="0"/><line nr="154" mi="0" ci="6" mb="0" cb="0"/><line nr="155" mi="0" ci="6" mb="0" cb="0"/><line nr="156" mi="0" ci="6" mb="0" cb="0"/><line nr="157" mi="0" ci="6" mb="0" cb="0"/><line nr="158" mi="0" ci="6" mb="0" cb="0"/><line nr="159" mi="0" ci="6" mb="0" cb="0"/><line nr="160" mi="0" ci="6" mb="0" cb="0"/><line nr="161" mi="0" ci="6" mb="0" cb="0"/><line nr="162" mi="0" ci="6" mb="0" cb="0"/><line nr="163" mi="0" ci="6" mb="0" cb="0"/><line nr="164" mi="0" ci="6" mb="0" cb="0"/><line nr="165" mi="0" ci="6" mb="0" cb="0"/><line nr="166" mi="0" ci="6" mb="0" cb="0"/><line nr="167" mi="0" ci="6" mb="0" cb="0"/><line nr="168" mi="0" ci="6" mb="0" cb="0"/><line nr="169" mi="0" ci="6" mb="0" cb="0"/><line nr="170" mi="0" ci="6" mb="0" cb="0"/><line nr="171" mi="0" ci="6" mb="0" cb="0"/><line nr="172" mi="0" ci="6" mb="0" cb="0"/><line nr="173" mi="0" ci="3" mb="0" cb="0"/><line nr="174" mi="0" ci="6" mb="0" cb="0"/><line nr="175" mi="0" ci="6" mb="0" cb="0"/><line nr="176" mi="0" ci="6" mb="0" cb="0"/><line nr="177" mi="0" ci="3" mb="0" cb="0"/><line nr="181" mi="0" ci="5" mb="0" cb="0"/><line nr="182" mi="0" ci="5" mb="0" cb="0"/><line nr="183" mi="0" ci="5" mb="0" cb="0"/><line nr="184" mi="0" ci="1" mb="0" cb="0"/><line nr="188" mi="0" ci="2" mb="0" cb="0"/><line nr="192" mi="0" ci="1" mb="0" cb="0"/><line nr="196" mi="0" ci="3" mb="0" cb="0"/><line nr="197" mi="0" ci="10" mb="0" cb="0"/><line nr="201" mi="0" ci="6" mb="0" cb="0"/><line nr="202" mi="0" ci="7" mb="0" cb="0"/><line nr="203" mi="0" ci="7" mb="0" cb="0"/><line nr="204" mi="0" ci="7" mb="0" cb="0"/><line nr="205" mi="0" ci="15" mb="0" cb="2"/><line nr="209" mi="0" ci="5" mb="1" cb="1"/><line nr="210" mi="0" ci="5" mb="0" cb="0"/><line nr="212" mi="0" ci="5" mb="1" cb="1"/><line nr="213" mi="0" ci="5" mb="0" cb="0"/><line nr="215" mi="0" ci="5" mb="1" cb="1"/><line nr="216" mi="0" ci="5" mb="0" cb="0"/><line nr="218" mi="0" ci="5" mb="1" cb="1"/><line nr="219" mi="0" ci="5" mb="0" cb="0"/><line nr="221" mi="0" ci="5" mb="0" cb="2"/><line nr="222" mi="0" ci="5" mb="0" cb="0"/><line nr="224" mi="0" ci="5" mb="1" cb="1"/><line nr="225" mi="0" ci="5" mb="0" cb="0"/><line nr="227" mi="0" ci="5" mb="1" cb="1"/><line nr="228" mi="0" ci="5" mb="0" cb="0"/><line nr="230" mi="0" ci="5" mb="1" cb="1"/><line nr="231" mi="0" ci="5" mb="0" cb="0"/><line nr="233" mi="0" ci="5" mb="0" cb="2"/><line nr="234" mi="0" ci="5" mb="0" cb="0"/><line nr="236" mi="0" ci="5" mb="1" cb="1"/><line nr="237" mi="0" ci="5" mb="0" cb="0"/><line nr="239" mi="0" ci="5" mb="0" cb="2"/><line nr="240" mi="0" ci="5" mb="0" cb="0"/><line nr="242" mi="0" ci="5" mb="1" cb="1"/><line nr="243" mi="0" ci="5" mb="0" cb="0"/><line nr="245" mi="0" ci="5" mb="1" cb="1"/><line nr="246" mi="0" ci="5" mb="0" cb="0"/><line nr="248" mi="0" ci="5" mb="1" cb="1"/><line nr="249" mi="0" ci="5" mb="0" cb="0"/><line nr="254" mi="0" ci="3" mb="0" cb="0"/><line nr="255" mi="0" ci="7" mb="0" cb="0"/><line nr="256" mi="0" ci="7" mb="0" cb="0"/><line nr="257" mi="0" ci="10" mb="0" cb="0"/><line nr="258" mi="0" ci="10" mb="0" cb="0"/><line nr="259" mi="0" ci="8" mb="0" cb="0"/><line nr="263" mi="0" ci="5" mb="0" cb="2"/><line nr="264" mi="0" ci="7" mb="0" cb="0"/><line nr="266" mi="0" ci="6" mb="0" cb="0"/><line nr="267" mi="0" ci="3" mb="1" cb="1"/><line nr="268" mi="7" ci="0" mb="0" cb="0"/><line nr="270" mi="0" ci="8" mb="1" cb="3"/><line nr="271" mi="0" ci="6" mb="0" cb="0"/><line nr="272" mi="0" ci="6" mb="0" cb="0"/><line nr="273" mi="0" ci="7" mb="0" cb="0"/><line nr="276" mi="0" ci="3" mb="0" cb="2"/><line nr="277" mi="0" ci="6" mb="0" cb="0"/><line nr="282" mi="0" ci="9" mb="0" cb="0"/><line nr="283" mi="0" ci="9" mb="0" cb="0"/><line nr="284" mi="0" ci="9" mb="0" cb="0"/><line nr="285" mi="0" ci="9" mb="0" cb="0"/><line nr="286" mi="0" ci="9" mb="0" cb="0"/><line nr="287" mi="0" ci="9" mb="0" cb="0"/><line nr="288" mi="0" ci="13" mb="0" cb="0"/><line nr="289" mi="0" ci="7" mb="0" cb="0"/><line nr="290" mi="1" ci="9" mb="1" cb="1"/><line nr="291" mi="0" ci="8" mb="0" cb="0"/><line nr="292" mi="0" ci="1" mb="0" cb="0"/><line nr="297" mi="0" ci="7" mb="0" cb="0"/><line nr="298" mi="0" ci="8" mb="0" cb="2"/><line nr="302" mi="0" ci="6" mb="1" cb="1"/><line nr="303" mi="5" ci="0" mb="0" cb="0"/><line nr="305" mi="0" ci="6" mb="1" cb="1"/><line nr="306" mi="5" ci="0" mb="0" cb="0"/><line nr="311" mi="0" ci="17" mb="0" cb="4"/><line nr="312" mi="0" ci="11" mb="0" cb="0"/><line nr="313" mi="0" ci="3" mb="0" cb="0"/><line nr="314" mi="0" ci="11" mb="0" cb="0"/><line nr="316" mi="0" ci="6" mb="0" cb="4"/><line nr="317" mi="0" ci="6" mb="0" cb="0"/><line nr="319" mi="0" ci="2" mb="0" cb="0"/><line nr="322" mi="0" ci="10" mb="0" cb="4"/><line nr="323" mi="0" ci="5" mb="0" cb="0"/><line nr="324" mi="0" ci="2" mb="0" cb="0"/><line nr="327" mi="0" ci="7" mb="0" cb="4"/><line nr="328" mi="0" ci="18" mb="0" cb="0"/><line nr="330" mi="0" ci="3" mb="0" cb="0"/><line nr="333" mi="0" ci="9" mb="0" cb="6"/><line nr="334" mi="0" ci="10" mb="0" cb="0"/><line nr="335" mi="0" ci="8" mb="0" cb="0"/><line nr="336" mi="0" ci="4" mb="0" cb="2"/><line nr="337" mi="0" ci="12" mb="0" cb="0"/><line nr="338" mi="0" ci="6" mb="0" cb="0"/><line nr="340" mi="0" ci="3" mb="0" cb="0"/><line nr="341" mi="0" ci="2" mb="0" cb="0"/><line nr="347" mi="0" ci="3" mb="0" cb="0"/><line nr="348" mi="0" ci="13" mb="0" cb="0"/><line nr="349" mi="0" ci="6" mb="0" cb="0"/><line nr="350" mi="0" ci="4" mb="0" cb="2"/><line nr="351" mi="0" ci="11" mb="0" cb="0"/><line nr="353" mi="0" ci="14" mb="0" cb="0"/><line nr="357" mi="0" ci="9" mb="0" cb="0"/><line nr="358" mi="0" ci="5" mb="1" cb="3"/><line nr="359" mi="0" ci="7" mb="0" cb="0"/><line nr="360" mi="0" ci="7" mb="0" cb="0"/><line nr="365" mi="0" ci="3" mb="0" cb="2"/><line nr="366" mi="0" ci="7" mb="0" cb="2"/><line nr="367" mi="0" ci="7" mb="0" cb="0"/><line nr="368" mi="0" ci="2" mb="0" cb="0"/><line nr="369" mi="0" ci="5" mb="0" cb="0"/><line nr="370" mi="0" ci="2" mb="0" cb="0"/><line nr="371" mi="0" ci="8" mb="0" cb="0"/><line nr="372" mi="0" ci="6" mb="0" cb="0"/><line nr="373" mi="0" ci="2" mb="0" cb="2"/><line nr="374" mi="0" ci="2" mb="0" cb="2"/><line nr="375" mi="0" ci="6" mb="0" cb="0"/><line nr="376" mi="0" ci="4" mb="1" cb="1"/><line nr="377" mi="0" ci="7" mb="0" cb="0"/><line nr="379" mi="5" ci="0" mb="0" cb="0"/><line nr="381" mi="0" ci="10" mb="0" cb="2"/><line nr="382" mi="0" ci="8" mb="0" cb="0"/><line nr="385" mi="0" ci="2" mb="1" cb="1"/><line nr="386" mi="8" ci="0" mb="0" cb="0"/><line nr="392" mi="0" ci="7" mb="0" cb="0"/><line nr="393" mi="0" ci="2" mb="0" cb="0"/><line nr="395" mi="0" ci="15" mb="0" cb="2"/><line nr="396" mi="0" ci="20" mb="0" cb="0"/><line nr="398" mi="0" ci="3" mb="0" cb="0"/><line nr="399" mi="0" ci="1" mb="0" cb="0"/><line nr="403" mi="0" ci="3" mb="0" cb="0"/><line nr="404" mi="0" ci="10" mb="0" cb="0"/><line nr="405" mi="0" ci="3" mb="0" cb="2"/><line nr="406" mi="0" ci="3" mb="0" cb="0"/><line nr="407" mi="0" ci="12" mb="0" cb="0"/><line nr="409" mi="0" ci="5" mb="0" cb="0"/><line nr="413" mi="0" ci="3" mb="0" cb="0"/><line nr="414" mi="0" ci="11" mb="0" cb="2"/><line nr="415" mi="0" ci="3" mb="0" cb="0"/><line nr="416" mi="0" ci="3" mb="0" cb="2"/><line nr="417" mi="0" ci="8" mb="0" cb="0"/><line nr="418" mi="0" ci="6" mb="0" cb="4"/><line nr="419" mi="0" ci="8" mb="0" cb="0"/><line nr="420" mi="0" ci="3" mb="0" cb="2"/><line nr="421" mi="0" ci="8" mb="0" cb="0"/><line nr="422" mi="0" ci="3" mb="0" cb="2"/><line nr="423" mi="0" ci="10" mb="0" cb="0"/><line nr="424" mi="0" ci="8" mb="1" cb="3"/><line nr="425" mi="0" ci="9" mb="0" cb="0"/><line nr="427" mi="0" ci="1" mb="0" cb="0"/><line nr="428" mi="0" ci="5" mb="0" cb="0"/><line nr="432" mi="0" ci="6" mb="0" cb="0"/><line nr="433" mi="0" ci="14" mb="0" cb="4"/><line nr="435" mi="0" ci="2" mb="0" cb="0"/><line nr="440" mi="0" ci="5" mb="0" cb="0"/><line nr="445" mi="0" ci="7" mb="0" cb="0"/><line nr="447" mi="0" ci="2" mb="0" cb="0"/><line nr="452" mi="0" ci="4" mb="0" cb="0"/><line nr="454" mi="0" ci="4" mb="0" cb="0"/><line nr="455" mi="0" ci="11" mb="0" cb="2"/><line nr="459" mi="0" ci="6" mb="1" cb="3"/><line nr="460" mi="0" ci="10" mb="0" cb="0"/><line nr="462" mi="0" ci="2" mb="0" cb="0"/><line nr="467" mi="0" ci="7" mb="1" cb="3"/><line nr="468" mi="0" ci="14" mb="0" cb="0"/><line nr="469" mi="0" ci="3" mb="0" cb="0"/><line nr="470" mi="0" ci="6" mb="0" cb="0"/><line nr="471" mi="0" ci="11" mb="0" cb="2"/><line nr="472" mi="0" ci="3" mb="0" cb="2"/><line nr="473" mi="0" ci="5" mb="0" cb="0"/><line nr="475" mi="0" ci="5" mb="0" cb="0"/><line nr="476" mi="0" ci="1" mb="0" cb="0"/><line nr="477" mi="0" ci="5" mb="0" cb="0"/><line nr="478" mi="0" ci="5" mb="0" cb="0"/><line nr="479" mi="0" ci="3" mb="0" cb="0"/><line nr="484" mi="0" ci="3" mb="0" cb="0"/><line nr="485" mi="0" ci="3" mb="0" cb="0"/><line nr="486" mi="0" ci="3" mb="0" cb="0"/><line nr="487" mi="0" ci="3" mb="0" cb="0"/><line nr="488" mi="0" ci="3" mb="0" cb="0"/><line nr="489" mi="0" ci="3" mb="0" cb="2"/><line nr="490" mi="0" ci="11" mb="0" cb="2"/><line nr="493" mi="0" ci="3" mb="0" cb="2"/><line nr="494" mi="0" ci="5" mb="0" cb="0"/><line nr="496" mi="0" ci="5" mb="0" cb="2"/><line nr="497" mi="0" ci="7" mb="0" cb="0"/><line nr="498" mi="0" ci="5" mb="0" cb="0"/><line nr="499" mi="0" ci="3" mb="0" cb="0"/><line nr="503" mi="0" ci="7" mb="0" cb="0"/><line nr="504" mi="0" ci="4" mb="0" cb="0"/><line nr="505" mi="0" ci="2" mb="0" cb="0"/><line nr="506" mi="0" ci="7" mb="0" cb="0"/><line nr="507" mi="0" ci="2" mb="0" cb="2"/><line nr="508" mi="0" ci="9" mb="0" cb="0"/><line nr="511" mi="0" ci="2" mb="0" cb="0"/><line nr="513" mi="0" ci="1" mb="0" cb="0"/><line nr="518" mi="0" ci="3" mb="0" cb="0"/><line nr="519" mi="0" ci="2" mb="0" cb="2"/><line nr="520" mi="0" ci="1" mb="0" cb="0"/><line nr="525" mi="0" ci="5" mb="0" cb="0"/><line nr="526" mi="0" ci="7" mb="0" cb="0"/><line nr="527" mi="0" ci="5" mb="0" cb="0"/><line nr="528" mi="0" ci="4" mb="0" cb="0"/><line nr="529" mi="0" ci="5" mb="0" cb="0"/><line nr="530" mi="0" ci="1" mb="0" cb="0"/><line nr="534" mi="0" ci="11" mb="0" cb="2"/><line nr="536" mi="0" ci="6" mb="0" cb="0"/><line nr="537" mi="0" ci="2" mb="1" cb="1"/><line nr="538" mi="13" ci="0" mb="0" cb="0"/><line nr="539" mi="7" ci="0" mb="0" cb="0"/><line nr="540" mi="1" ci="0" mb="0" cb="0"/><line nr="542" mi="0" ci="12" mb="0" cb="0"/><line nr="543" mi="0" ci="12" mb="0" cb="0"/><line nr="545" mi="0" ci="3" mb="0" cb="0"/><line nr="546" mi="0" ci="6" mb="0" cb="0"/><line nr="547" mi="0" ci="6" mb="0" cb="0"/><line nr="548" mi="0" ci="6" mb="0" cb="0"/><line nr="549" mi="0" ci="13" mb="2" cb="2"/><line nr="550" mi="0" ci="4" mb="0" cb="0"/><line nr="551" mi="3" ci="0" mb="0" cb="0"/><line nr="552" mi="3" ci="0" mb="0" cb="0"/><line nr="553" mi="0" ci="8" mb="0" cb="0"/><line nr="555" mi="0" ci="1" mb="0" cb="0"/><line nr="556" mi="0" ci="1" mb="0" cb="0"/><line nr="560" mi="0" ci="11" mb="0" cb="2"/><line nr="561" mi="0" ci="10" mb="0" cb="6"/><line nr="563" mi="0" ci="2" mb="0" cb="0"/><line nr="564" mi="0" ci="4" mb="0" cb="0"/><line nr="565" mi="0" ci="8" mb="0" cb="0"/><line nr="566" mi="0" ci="8" mb="0" cb="0"/><line nr="567" mi="0" ci="8" mb="0" cb="0"/><line nr="568" mi="0" ci="3" mb="0" cb="0"/><line nr="569" mi="0" ci="3" mb="0" cb="0"/><line nr="570" mi="0" ci="8" mb="0" cb="0"/><line nr="571" mi="0" ci="4" mb="0" cb="0"/><line nr="572" mi="0" ci="3" mb="0" cb="0"/><line nr="574" mi="0" ci="4" mb="0" cb="0"/><line nr="575" mi="0" ci="7" mb="0" cb="0"/><line nr="576" mi="0" ci="6" mb="0" cb="0"/><line nr="577" mi="0" ci="9" mb="0" cb="0"/><line nr="578" mi="0" ci="7" mb="0" cb="0"/><line nr="581" mi="0" ci="5" mb="0" cb="0"/><line nr="584" mi="0" ci="1" mb="0" cb="0"/><line nr="586" mi="0" ci="2" mb="0" cb="0"/><line nr="591" mi="0" ci="6" mb="0" cb="4"/><line nr="592" mi="0" ci="12" mb="0" cb="2"/><line nr="594" mi="0" ci="9" mb="0" cb="6"/><line nr="595" mi="0" ci="7" mb="0" cb="0"/><line nr="597" mi="0" ci="9" mb="0" cb="0"/><line nr="598" mi="0" ci="1" mb="0" cb="0"/><line nr="602" mi="0" ci="10" mb="2" cb="4"/><line nr="603" mi="0" ci="6" mb="0" cb="0"/><line nr="605" mi="0" ci="10" mb="2" cb="4"/><line nr="606" mi="0" ci="6" mb="0" cb="0"/><line nr="608" mi="0" ci="1" mb="0" cb="0"/><line nr="612" mi="0" ci="4" mb="0" cb="0"/><line nr="614" mi="0" ci="9" mb="0" cb="6"/><line nr="615" mi="0" ci="7" mb="0" cb="0"/><line nr="617" mi="0" ci="1" mb="0" cb="0"/><line nr="621" mi="0" ci="12" mb="1" cb="3"/><line nr="626" mi="0" ci="4" mb="0" cb="0"/><line nr="627" mi="0" ci="6" mb="0" cb="2"/><line nr="628" mi="0" ci="6" mb="0" cb="4"/><line nr="629" mi="0" ci="7" mb="0" cb="0"/><line nr="630" mi="0" ci="4" mb="0" cb="0"/><line nr="631" mi="0" ci="13" mb="0" cb="0"/><line nr="632" mi="0" ci="4" mb="0" cb="0"/><line nr="633" mi="0" ci="11" mb="0" cb="2"/><line nr="634" mi="0" ci="14" mb="0" cb="0"/><line nr="636" mi="0" ci="4" mb="0" cb="0"/><line nr="641" mi="0" ci="5" mb="0" cb="4"/><line nr="642" mi="0" ci="5" mb="0" cb="0"/><line nr="644" mi="0" ci="5" mb="0" cb="0"/><line nr="649" mi="3" ci="2" mb="3" cb="1"/><line nr="650" mi="5" ci="0" mb="0" cb="0"/><line nr="652" mi="0" ci="4" mb="0" cb="0"/><line nr="662" mi="0" ci="1" mb="0" cb="0"/><line nr="663" mi="0" ci="4" mb="0" cb="0"/><line nr="664" mi="0" ci="7" mb="0" cb="0"/><line nr="665" mi="0" ci="12" mb="0" cb="0"/><line nr="666" mi="0" ci="2" mb="0" cb="0"/><line nr="670" mi="0" ci="3" mb="0" cb="2"/><line nr="671" mi="0" ci="5" mb="0" cb="0"/><line nr="673" mi="0" ci="3" mb="0" cb="2"/><line nr="674" mi="0" ci="6" mb="0" cb="0"/><line nr="676" mi="0" ci="3" mb="0" cb="2"/><line nr="677" mi="0" ci="6" mb="0" cb="0"/><line nr="679" mi="0" ci="3" mb="0" cb="2"/><line nr="680" mi="0" ci="6" mb="0" cb="0"/><line nr="682" mi="0" ci="6" mb="1" cb="3"/><line nr="683" mi="0" ci="5" mb="0" cb="0"/><line nr="685" mi="0" ci="3" mb="0" cb="2"/><line nr="686" mi="3" ci="7" mb="0" cb="0"/><line nr="689" mi="0" ci="3" mb="0" cb="2"/><line nr="690" mi="0" ci="8" mb="1" cb="1"/><line nr="691" mi="11" ci="0" mb="0" cb="0"/><line nr="694" mi="0" ci="2" mb="0" cb="0"/><line nr="696" mi="0" ci="3" mb="0" cb="2"/><line nr="697" mi="0" ci="8" mb="1" cb="1"/><line nr="698" mi="11" ci="0" mb="0" cb="0"/><line nr="701" mi="0" ci="2" mb="0" cb="0"/><line nr="703" mi="0" ci="6" mb="0" cb="4"/><line nr="704" mi="0" ci="5" mb="0" cb="0"/><line nr="706" mi="0" ci="3" mb="1" cb="1"/><line nr="707" mi="5" ci="0" mb="0" cb="0"/><line nr="709" mi="0" ci="3" mb="0" cb="2"/><line nr="710" mi="3" ci="8" mb="0" cb="0"/><line nr="712" mi="0" ci="3" mb="1" cb="1"/><line nr="713" mi="6" ci="0" mb="0" cb="0"/><line nr="715" mi="0" ci="3" mb="0" cb="2"/><line nr="716" mi="0" ci="6" mb="0" cb="0"/><line nr="718" mi="0" ci="3" mb="0" cb="2"/><line nr="719" mi="0" ci="6" mb="0" cb="0"/><line nr="722" mi="0" ci="3" mb="0" cb="2"/><line nr="723" mi="0" ci="3" mb="0" cb="0"/><line nr="724" mi="0" ci="10" mb="0" cb="0"/><line nr="725" mi="1" ci="8" mb="1" cb="1"/><line nr="726" mi="0" ci="5" mb="0" cb="0"/><line nr="727" mi="0" ci="4" mb="0" cb="0"/><line nr="728" mi="0" ci="4" mb="0" cb="0"/><line nr="729" mi="0" ci="5" mb="0" cb="0"/><line nr="730" mi="0" ci="5" mb="0" cb="0"/><line nr="731" mi="0" ci="3" mb="0" cb="0"/><line nr="733" mi="0" ci="3" mb="0" cb="2"/><line nr="734" mi="0" ci="16" mb="0" cb="0"/><line nr="736" mi="0" ci="3" mb="0" cb="2"/><line nr="737" mi="0" ci="16" mb="0" cb="0"/><line nr="741" mi="0" ci="2" mb="0" cb="0"/><line nr="748" mi="0" ci="3" mb="0" cb="0"/><line nr="753" mi="0" ci="8" mb="0" cb="0"/><line nr="758" mi="0" ci="7" mb="0" cb="2"/><line nr="759" mi="0" ci="2" mb="0" cb="0"/><line nr="761" mi="0" ci="7" mb="1" cb="1"/><line nr="762" mi="3" ci="0" mb="0" cb="0"/><line nr="764" mi="0" ci="7" mb="1" cb="1"/><line nr="765" mi="3" ci="0" mb="0" cb="0"/><line nr="767" mi="0" ci="7" mb="0" cb="2"/><line nr="768" mi="0" ci="3" mb="0" cb="0"/><line nr="770" mi="0" ci="5" mb="0" cb="0"/><line nr="777" mi="3" ci="0" mb="0" cb="0"/><line nr="778" mi="1" ci="0" mb="0" cb="0"/><line nr="782" mi="3" ci="0" mb="0" cb="0"/><line nr="783" mi="1" ci="0" mb="0" cb="0"/><line nr="787" mi="3" ci="0" mb="0" cb="0"/><line nr="788" mi="1" ci="0" mb="0" cb="0"/><line nr="793" mi="0" ci="3" mb="0" cb="0"/><line nr="794" mi="0" ci="8" mb="0" cb="0"/><line nr="795" mi="0" ci="6" mb="0" cb="0"/><line nr="796" mi="0" ci="5" mb="0" cb="2"/><line nr="797" mi="0" ci="5" mb="0" cb="0"/><line nr="799" mi="0" ci="1" mb="0" cb="0"/><line nr="802" mi="0" ci="4" mb="0" cb="0"/><line nr="804" mi="0" ci="4" mb="0" cb="0"/><line nr="805" mi="2" ci="10" mb="1" cb="1"/><line nr="806" mi="2" ci="10" mb="1" cb="1"/><line nr="807" mi="3" ci="7" mb="1" cb="1"/><line nr="808" mi="2" ci="10" mb="1" cb="1"/><line nr="809" mi="2" ci="10" mb="1" cb="1"/><line nr="810" mi="2" ci="10" mb="1" cb="1"/><line nr="811" mi="0" ci="4" mb="0" cb="0"/><line nr="812" mi="2" ci="10" mb="1" cb="1"/><line nr="813" mi="0" ci="4" mb="0" cb="0"/><line nr="814" mi="0" ci="4" mb="0" cb="0"/><line nr="815" mi="0" ci="4" mb="0" cb="0"/><line nr="816" mi="0" ci="4" mb="0" cb="0"/><line nr="817" mi="0" ci="4" mb="0" cb="0"/><line nr="818" mi="0" ci="4" mb="0" cb="0"/><line nr="819" mi="0" ci="4" mb="0" cb="0"/><line nr="820" mi="0" ci="4" mb="0" cb="0"/><line nr="821" mi="0" ci="4" mb="0" cb="0"/><line nr="822" mi="0" ci="4" mb="0" cb="0"/><line nr="823" mi="0" ci="4" mb="0" cb="0"/><line nr="824" mi="0" ci="4" mb="0" cb="0"/><line nr="825" mi="0" ci="4" mb="0" cb="0"/><line nr="826" mi="0" ci="4" mb="0" cb="0"/><line nr="827" mi="0" ci="4" mb="0" cb="0"/><line nr="828" mi="0" ci="4" mb="0" cb="0"/><line nr="829" mi="0" ci="4" mb="0" cb="0"/><line nr="830" mi="2" ci="10" mb="1" cb="1"/><line nr="831" mi="5" ci="7" mb="1" cb="1"/><line nr="832" mi="5" ci="7" mb="1" cb="1"/><line nr="833" mi="0" ci="4" mb="0" cb="0"/><line nr="834" mi="0" ci="4" mb="0" cb="0"/><line nr="835" mi="0" ci="4" mb="0" cb="0"/><line nr="836" mi="0" ci="4" mb="0" cb="0"/><line nr="837" mi="0" ci="4" mb="0" cb="0"/><line nr="838" mi="0" ci="4" mb="0" cb="0"/><line nr="839" mi="0" ci="4" mb="0" cb="0"/><line nr="840" mi="0" ci="4" mb="0" cb="0"/><line nr="841" mi="0" ci="4" mb="0" cb="0"/><line nr="842" mi="0" ci="4" mb="0" cb="0"/><line nr="843" mi="0" ci="4" mb="0" cb="0"/><line nr="844" mi="0" ci="4" mb="0" cb="0"/><line nr="845" mi="0" ci="4" mb="0" cb="0"/><line nr="846" mi="0" ci="4" mb="0" cb="0"/><line nr="847" mi="0" ci="4" mb="0" cb="0"/><line nr="848" mi="0" ci="4" mb="0" cb="0"/><line nr="849" mi="0" ci="4" mb="0" cb="0"/><line nr="850" mi="0" ci="4" mb="0" cb="0"/><line nr="851" mi="0" ci="4" mb="0" cb="0"/><line nr="852" mi="0" ci="4" mb="0" cb="0"/><line nr="853" mi="0" ci="4" mb="0" cb="0"/><line nr="854" mi="0" ci="4" mb="0" cb="0"/><line nr="855" mi="0" ci="4" mb="0" cb="0"/><line nr="856" mi="0" ci="4" mb="0" cb="0"/><line nr="857" mi="0" ci="4" mb="0" cb="0"/><line nr="858" mi="0" ci="4" mb="0" cb="0"/><line nr="859" mi="2" ci="10" mb="1" cb="1"/><line nr="860" mi="2" ci="10" mb="1" cb="1"/><line nr="861" mi="2" ci="10" mb="1" cb="1"/><line nr="862" mi="0" ci="4" mb="0" cb="0"/><line nr="863" mi="0" ci="4" mb="0" cb="0"/><line nr="864" mi="2" ci="10" mb="1" cb="1"/><line nr="865" mi="0" ci="4" mb="0" cb="0"/><line nr="866" mi="2" ci="10" mb="1" cb="1"/><line nr="867" mi="2" ci="10" mb="1" cb="1"/><line nr="868" mi="2" ci="10" mb="1" cb="1"/><line nr="869" mi="2" ci="10" mb="1" cb="1"/><line nr="870" mi="5" ci="7" mb="1" cb="1"/><line nr="871" mi="0" ci="4" mb="0" cb="0"/><line nr="872" mi="0" ci="4" mb="0" cb="0"/><line nr="873" mi="2" ci="10" mb="1" cb="1"/><line nr="874" mi="2" ci="10" mb="1" cb="1"/><line nr="875" mi="0" ci="4" mb="0" cb="0"/><line nr="876" mi="0" ci="4" mb="0" cb="0"/><line nr="877" mi="0" ci="4" mb="0" cb="0"/><line nr="879" mi="0" ci="4" mb="0" cb="0"/><line nr="880" mi="0" ci="4" mb="0" cb="0"/><line nr="881" mi="0" ci="4" mb="0" cb="0"/><line nr="883" mi="0" ci="2" mb="0" cb="0"/><line nr="887" mi="0" ci="4" mb="0" cb="0"/><line nr="888" mi="0" ci="3" mb="0" cb="2"/><line nr="889" mi="0" ci="4" mb="0" cb="0"/><line nr="891" mi="0" ci="4" mb="0" cb="2"/><line nr="892" mi="0" ci="3" mb="1" cb="1"/><line nr="893" mi="0" ci="2" mb="1" cb="1"/><line nr="894" mi="0" ci="7" mb="1" cb="3"/><line nr="895" mi="0" ci="4" mb="0" cb="0"/><line nr="896" mi="0" ci="5" mb="0" cb="0"/><line nr="898" mi="0" ci="3" mb="0" cb="2"/><line nr="899" mi="0" ci="4" mb="0" cb="0"/><line nr="901" mi="0" ci="6" mb="0" cb="4"/><line nr="902" mi="0" ci="5" mb="0" cb="0"/><line nr="903" mi="0" ci="2" mb="0" cb="0"/><line nr="904" mi="0" ci="2" mb="0" cb="0"/><line nr="905" mi="0" ci="3" mb="0" cb="2"/><line nr="906" mi="0" ci="7" mb="0" cb="0"/><line nr="907" mi="0" ci="3" mb="0" cb="2"/><line nr="908" mi="0" ci="7" mb="0" cb="0"/><line nr="910" mi="0" ci="3" mb="0" cb="2"/><line nr="911" mi="0" ci="3" mb="0" cb="2"/><line nr="912" mi="0" ci="4" mb="0" cb="0"/><line nr="913" mi="0" ci="2" mb="0" cb="0"/><line nr="914" mi="0" ci="12" mb="0" cb="2"/><line nr="916" mi="0" ci="3" mb="0" cb="2"/><line nr="917" mi="0" ci="5" mb="0" cb="0"/><line nr="918" mi="0" ci="2" mb="0" cb="0"/><line nr="919" mi="0" ci="12" mb="0" cb="2"/><line nr="921" mi="0" ci="3" mb="0" cb="2"/><line nr="922" mi="0" ci="3" mb="0" cb="2"/><line nr="923" mi="0" ci="7" mb="0" cb="0"/><line nr="925" mi="0" ci="3" mb="0" cb="2"/><line nr="926" mi="0" ci="8" mb="0" cb="0"/><line nr="928" mi="0" ci="6" mb="2" cb="2"/><line nr="929" mi="0" ci="4" mb="0" cb="0"/><line nr="931" mi="0" ci="2" mb="0" cb="0"/><line nr="935" mi="0" ci="2" mb="0" cb="0"/><line nr="936" mi="0" ci="5" mb="0" cb="0"/><line nr="937" mi="0" ci="5" mb="0" cb="0"/><line nr="938" mi="0" ci="5" mb="0" cb="0"/><line nr="939" mi="0" ci="5" mb="0" cb="0"/><counter type="INSTRUCTION" missed="176" covered="3084"/><counter type="BRANCH" missed="67" covered="279"/><counter type="LINE" missed="23" covered="544"/><counter type="COMPLEXITY" missed="73" covered="164"/><counter type="METHOD" missed="7" covered="56"/><counter type="CLASS" missed="0" covered="1"/></sourcefile><counter type="INSTRUCTION" missed="176" covered="3084"/><counter type="BRANCH" missed="67" covered="279"/><counter type="LINE" missed="23" covered="544"/><counter type="COMPLEXITY" missed="73" covered="164"/><counter type="METHOD" missed="7" covered="56"/><counter type="CLASS" missed="0" covered="1"/></package><counter type="INSTRUCTION" missed="176" covered="3084"/><counter type="BRANCH" missed="67" covered="279"/><counter type="LINE" missed="23" covered="544"/><counter type="COMPLEXITY" missed="73" covered="164"/><counter type="METHOD" missed="7" covered="56"/><counter type="CLASS" missed="0" covered="1"/></report>