<?xml version="1.0" encoding="UTF-8" standalone="yes"?><!DOCTYPE report PUBLIC "-//JACOCO//DTD Report 1.1//EN" "report.dtd"><report name="OpenAPI codegen for Micronaut"><sessioninfo id="fv-az1269-454-7a2be3ae" start="1703497068318" dump="1703497077470"/><package name="org/openapitools/codegen/languages"><class name="org/openapitools/codegen/languages/MicronautCodegen" sourcefilename="MicronautCodegen.java"><method name="&lt;init&gt;" desc="()V" line="67"><counter type="INSTRUCTION" missed="0" covered="569"/><counter type="LINE" missed="0" covered="99"/><counter type="COMPLEXITY" missed="0" covered="1"/><counter type="METHOD" missed="0" covered="1"/></method><method name="getName" desc="()Ljava/lang/String;" line="187"><counter type="INSTRUCTION" missed="0" covered="2"/><counter type="LINE" missed="0" covered="1"/><counter type="COMPLEXITY" missed="0" covered="1"/><counter type="METHOD" missed="0" covered="1"/></method><method name="postProcess" desc="()V" line="191"><counter type="INSTRUCTION" missed="0" covered="1"/><counter type="LINE" missed="0" covered="1"/><counter type="COMPLEXITY" missed="0" covered="1"/><counter type="METHOD" missed="0" covered="1"/></method><method name="processOpts" desc="()V" line="195"><counter type="INSTRUCTION" missed="7" covered="358"/><counter type="BRANCH" missed="13" covered="27"/><counter type="LINE" missed="1" covered="61"/><counter type="COMPLEXITY" missed="13" covered="8"/><counter type="METHOD" missed="0" covered="1"/></method><method name="fromOperation" desc="(Ljava/lang/String;Ljava/lang/String;Lio/swagger/v3/oas/models/Operation;Ljava/util/List;)Lorg/openapitools/codegen/CodegenOperation;" line="296"><counter type="INSTRUCTION" missed="23" covered="451"/><counter type="BRANCH" missed="6" covered="58"/><counter type="LINE" missed="4" covered="78"/><counter type="COMPLEXITY" missed="6" covered="27"/><counter type="METHOD" missed="0" covered="1"/></method><method name="fromResponse" desc="(Ljava/lang/String;Lio/swagger/v3/oas/models/responses/ApiResponse;)Lorg/openapitools/codegen/CodegenResponse;" line="439"><counter type="INSTRUCTION" missed="0" covered="14"/><counter type="LINE" missed="0" covered="3"/><counter type="COMPLEXITY" missed="0" covered="1"/><counter type="METHOD" missed="0" covered="1"/></method><method name="updateAllModels" desc="(Ljava/util/Map;)Ljava/util/Map;" line="451"><counter type="INSTRUCTION" missed="27" covered="379"/><counter type="BRANCH" missed="5" covered="35"/><counter type="LINE" missed="5" covered="73"/><counter type="COMPLEXITY" missed="5" covered="17"/><counter type="METHOD" missed="0" covered="1"/></method><method name="postProcessParameter" desc="(Lorg/openapitools/codegen/CodegenParameter;)V" line="590"><counter type="INSTRUCTION" missed="0" covered="42"/><counter type="BRANCH" missed="0" covered="12"/><counter type="LINE" missed="0" covered="6"/><counter type="COMPLEXITY" missed="0" covered="7"/><counter type="METHOD" missed="0" covered="1"/></method><method name="postProcessModelProperty" desc="(Lorg/openapitools/codegen/CodegenModel;Lorg/openapitools/codegen/CodegenProperty;)V" line="602"><counter type="INSTRUCTION" missed="0" covered="28"/><counter type="BRANCH" missed="0" covered="6"/><counter type="LINE" missed="0" covered="5"/><counter type="COMPLEXITY" missed="0" covered="4"/><counter type="METHOD" missed="0" covered="1"/></method><method name="isDataTypeString" desc="(Ljava/lang/String;)Z" line="613"><counter type="INSTRUCTION" missed="0" covered="12"/><counter type="BRANCH" missed="1" covered="3"/><counter type="LINE" missed="0" covered="1"/><counter type="COMPLEXITY" missed="1" covered="2"/><counter type="METHOD" missed="0" covered="1"/></method><method name="toDefaultValue" desc="(Lorg/openapitools/codegen/CodegenProperty;Lio/swagger/v3/oas/models/media/Schema;)Ljava/lang/String;" line="618"><counter type="INSTRUCTION" missed="0" covered="15"/><counter type="BRANCH" missed="0" covered="4"/><counter type="LINE" missed="0" covered="3"/><counter type="COMPLEXITY" missed="0" covered="3"/><counter type="METHOD" missed="0" covered="1"/></method><method name="toDefaultValue" desc="(Lio/swagger/v3/oas/models/media/Schema;)Ljava/lang/String;" line="626"><counter type="INSTRUCTION" missed="8" covered="6"/><counter type="BRANCH" missed="3" covered="1"/><counter type="LINE" missed="1" covered="2"/><counter type="COMPLEXITY" missed="2" covered="1"/><counter type="METHOD" missed="0" covered="1"/></method><method name="toExampleValue" desc="(Lio/swagger/v3/oas/models/media/Schema;)Ljava/lang/String;" line="639"><counter type="INSTRUCTION" missed="33" covered="175"/><counter type="BRANCH" missed="6" covered="36"/><counter type="LINE" missed="5" covered="44"/><counter type="COMPLEXITY" missed="6" covered="16"/><counter type="METHOD" missed="0" covered="1"/></method><method name="toEnumName" desc="(Lorg/openapitools/codegen/CodegenProperty;)Ljava/lang/String;" line="725"><counter type="INSTRUCTION" missed="0" covered="3"/><counter type="LINE" missed="0" covered="1"/><counter type="COMPLEXITY" missed="0" covered="1"/><counter type="METHOD" missed="0" covered="1"/></method><method name="toEnumVarName" desc="(Ljava/lang/String;Ljava/lang/String;)Ljava/lang/String;" line="730"><counter type="INSTRUCTION" missed="0" covered="8"/><counter type="LINE" missed="0" covered="1"/><counter type="COMPLEXITY" missed="0" covered="1"/><counter type="METHOD" missed="0" covered="1"/></method><method name="toEnumValue" desc="(Ljava/lang/String;Ljava/lang/String;)Ljava/lang/String;" line="735"><counter type="INSTRUCTION" missed="6" covered="38"/><counter type="BRANCH" missed="2" covered="6"/><counter type="LINE" missed="2" covered="7"/><counter type="COMPLEXITY" missed="2" covered="3"/><counter type="METHOD" missed="0" covered="1"/></method><method name="setUseBeanValidation" desc="(Z)V" line="754"><counter type="INSTRUCTION" missed="4" covered="0"/><counter type="LINE" missed="2" covered="0"/><counter type="COMPLEXITY" missed="1" covered="0"/><counter type="METHOD" missed="1" covered="0"/></method><method name="setUseGenericResponse" desc="(Z)V" line="759"><counter type="INSTRUCTION" missed="4" covered="0"/><counter type="LINE" missed="2" covered="0"/><counter type="COMPLEXITY" missed="1" covered="0"/><counter type="METHOD" missed="1" covered="0"/></method><method name="setUseOptional" desc="(Z)V" line="764"><counter type="INSTRUCTION" missed="4" covered="0"/><counter type="LINE" missed="2" covered="0"/><counter type="COMPLEXITY" missed="1" covered="0"/><counter type="METHOD" missed="1" covered="0"/></method><method name="addSupportingFile" desc="(Ljava/lang/String;Ljava/lang/String;Ljava/lang/String;)V" line="770"><counter type="INSTRUCTION" missed="0" covered="28"/><counter type="BRANCH" missed="0" covered="2"/><counter type="LINE" missed="0" covered="6"/><counter type="COMPLEXITY" missed="0" covered="2"/><counter type="METHOD" missed="0" covered="1"/></method><method name="copy" desc="(Lorg/openapitools/codegen/CodegenModel;)Lorg/openapitools/codegen/CodegenModel;" line="779"><counter type="INSTRUCTION" missed="52" covered="428"/><counter type="BRANCH" missed="21" covered="21"/><counter type="LINE" missed="0" covered="79"/><counter type="COMPLEXITY" missed="21" covered="1"/><counter type="METHOD" missed="0" covered="1"/></method><method name="lambda$toExampleValue$35" desc="(Ljava/lang/String;)Ljava/lang/String;" line="714"><counter type="INSTRUCTION" missed="0" covered="8"/><counter type="LINE" missed="0" covered="1"/><counter type="COMPLEXITY" missed="0" covered="1"/><counter type="METHOD" missed="0" covered="1"/></method><method name="lambda$toExampleValue$34" desc="(Ljava/lang/String;)Ljava/lang/String;" line="711"><counter type="INSTRUCTION" missed="0" covered="8"/><counter type="LINE" missed="0" covered="1"/><counter type="COMPLEXITY" missed="0" covered="1"/><counter type="METHOD" missed="0" covered="1"/></method><method name="lambda$toExampleValue$33" desc="(Ljava/lang/String;)Ljava/lang/String;" line="707"><counter type="INSTRUCTION" missed="0" covered="3"/><counter type="LINE" missed="0" covered="1"/><counter type="COMPLEXITY" missed="0" covered="1"/><counter type="METHOD" missed="0" covered="1"/></method><method name="lambda$toExampleValue$32" desc="(Ljava/util/Map;)Ljava/lang/String;" line="703"><counter type="INSTRUCTION" missed="0" covered="10"/><counter type="LINE" missed="0" covered="3"/><counter type="COMPLEXITY" missed="0" covered="1"/><counter type="METHOD" missed="0" covered="1"/></method><method name="lambda$toExampleValue$31" desc="(Ljava/util/Map$Entry;)Ljava/lang/String;" line="704"><counter type="INSTRUCTION" missed="0" covered="6"/><counter type="LINE" missed="0" covered="2"/><counter type="COMPLEXITY" missed="0" covered="1"/><counter type="METHOD" missed="0" covered="1"/></method><method name="lambda$toExampleValue$30" desc="(Ljava/util/Map;)Z" line="702"><counter type="INSTRUCTION" missed="1" covered="6"/><counter type="BRANCH" missed="1" covered="1"/><counter type="LINE" missed="0" covered="1"/><counter type="COMPLEXITY" missed="1" covered="1"/><counter type="METHOD" missed="0" covered="1"/></method><method name="lambda$toExampleValue$29" desc="(Ljava/lang/String;)Ljava/util/Map;" line="701"><counter type="INSTRUCTION" missed="0" covered="8"/><counter type="LINE" missed="0" covered="1"/><counter type="COMPLEXITY" missed="0" covered="1"/><counter type="METHOD" missed="0" covered="1"/></method><method name="lambda$toExampleValue$28" desc="(Ljava/lang/String;)Ljava/lang/String;" line="687"><counter type="INSTRUCTION" missed="3" covered="0"/><counter type="LINE" missed="1" covered="0"/><counter type="COMPLEXITY" missed="1" covered="0"/><counter type="METHOD" missed="1" covered="0"/></method><method name="lambda$toExampleValue$27" desc="(Ljava/lang/String;)Ljava/lang/String;" line="675"><counter type="INSTRUCTION" missed="3" covered="0"/><counter type="LINE" missed="1" covered="0"/><counter type="COMPLEXITY" missed="1" covered="0"/><counter type="METHOD" missed="1" covered="0"/></method><method name="lambda$toExampleValue$26" desc="(Ljava/lang/String;)Ljava/lang/String;" line="668"><counter type="INSTRUCTION" missed="3" covered="0"/><counter type="LINE" missed="1" covered="0"/><counter type="COMPLEXITY" missed="1" covered="0"/><counter type="METHOD" missed="1" covered="0"/></method><method name="lambda$toExampleValue$25" desc="(Ljava/lang/String;)Ljava/lang/String;" line="663"><counter type="INSTRUCTION" missed="3" covered="0"/><counter type="LINE" missed="1" covered="0"/><counter type="COMPLEXITY" missed="1" covered="0"/><counter type="METHOD" missed="1" covered="0"/></method><method name="lambda$toExampleValue$24" desc="(Lio/swagger/v3/oas/models/media/Schema;)Ljava/util/Optional;" line="642"><counter type="INSTRUCTION" missed="0" covered="6"/><counter type="LINE" missed="0" covered="1"/><counter type="COMPLEXITY" missed="0" covered="1"/><counter type="METHOD" missed="0" covered="1"/></method><method name="lambda$toExampleValue$23" desc="(Ljava/util/List;)Ljava/util/Optional;" line="642"><counter type="INSTRUCTION" missed="0" covered="4"/><counter type="LINE" missed="0" covered="1"/><counter type="COMPLEXITY" missed="0" covered="1"/><counter type="METHOD" missed="0" covered="1"/></method><method name="lambda$toExampleValue$22" desc="(Lio/swagger/v3/oas/models/media/Schema;)Ljava/util/Optional;" line="641"><counter type="INSTRUCTION" missed="0" covered="4"/><counter type="LINE" missed="0" covered="1"/><counter type="COMPLEXITY" missed="0" covered="1"/><counter type="METHOD" missed="0" covered="1"/></method><method name="lambda$updateAllModels$21" desc="(Lorg/openapitools/codegen/CodegenDiscriminator;Lorg/openapitools/codegen/CodegenProperty;)Z" line="542"><counter type="INSTRUCTION" missed="0" covered="6"/><counter type="LINE" missed="0" covered="1"/><counter type="COMPLEXITY" missed="0" covered="1"/><counter type="METHOD" missed="0" covered="1"/></method><method name="lambda$updateAllModels$20" desc="(Lorg/openapitools/codegen/CodegenDiscriminator;Lorg/openapitools/codegen/CodegenProperty;)Z" line="541"><counter type="INSTRUCTION" missed="0" covered="6"/><counter type="LINE" missed="0" covered="1"/><counter type="COMPLEXITY" missed="0" covered="1"/><counter type="METHOD" missed="0" covered="1"/></method><method name="lambda$updateAllModels$19" desc="(Lorg/openapitools/codegen/CodegenDiscriminator;Lorg/openapitools/codegen/CodegenModel;Lorg/openapitools/codegen/CodegenProperty;)V" line="527"><counter type="INSTRUCTION" missed="0" covered="10"/><counter type="LINE" missed="0" covered="3"/><counter type="COMPLEXITY" missed="0" covered="1"/><counter type="METHOD" missed="0" covered="1"/></method><method name="lambda$updateAllModels$18" desc="(Lorg/openapitools/codegen/CodegenDiscriminator;Lorg/openapitools/codegen/CodegenProperty;)Z" line="525"><counter type="INSTRUCTION" missed="0" covered="6"/><counter type="LINE" missed="0" covered="1"/><counter type="COMPLEXITY" missed="0" covered="1"/><counter type="METHOD" missed="0" covered="1"/></method><method name="lambda$updateAllModels$17" desc="(Lorg/openapitools/codegen/CodegenModel;Lorg/openapitools/codegen/CodegenModel;Lorg/openapitools/codegen/CodegenProperty;)Z" line="503"><counter type="INSTRUCTION" missed="0" covered="26"/><counter type="BRANCH" missed="0" covered="2"/><counter type="LINE" missed="0" covered="6"/><counter type="COMPLEXITY" missed="0" covered="2"/><counter type="METHOD" missed="0" covered="1"/></method><method name="lambda$fromOperation$16" desc="(Lorg/openapitools/codegen/CodegenParameter;)Z" line="432"><counter type="INSTRUCTION" missed="0" covered="10"/><counter type="BRANCH" missed="0" covered="4"/><counter type="LINE" missed="0" covered="1"/><counter type="COMPLEXITY" missed="0" covered="3"/><counter type="METHOD" missed="0" covered="1"/></method><method name="lambda$fromOperation$15" desc="(Lorg/openapitools/codegen/CodegenParameter;)Ljava/lang/String;" line="406"><counter type="INSTRUCTION" missed="0" covered="4"/><counter type="LINE" missed="0" covered="1"/><counter type="COMPLEXITY" missed="0" covered="1"/><counter type="METHOD" missed="0" covered="1"/></method><method name="lambda$fromOperation$14" desc="(Lorg/openapitools/codegen/CodegenParameter;)Z" line="403"><counter type="INSTRUCTION" missed="0" covered="3"/><counter type="LINE" missed="0" covered="1"/><counter type="COMPLEXITY" missed="0" covered="1"/><counter type="METHOD" missed="0" covered="1"/></method><method name="lambda$fromOperation$13" desc="(Lorg/openapitools/codegen/CodegenOperation;Lorg/openapitools/codegen/CodegenParameter;)V" line="395"><counter type="INSTRUCTION" missed="0" covered="24"/><counter type="LINE" missed="0" covered="3"/><counter type="COMPLEXITY" missed="0" covered="1"/><counter type="METHOD" missed="0" covered="1"/></method><method name="lambda$fromOperation$12" desc="(Lorg/openapitools/codegen/CodegenParameter;)Z" line="394"><counter type="INSTRUCTION" missed="0" covered="7"/><counter type="BRANCH" missed="0" covered="2"/><counter type="LINE" missed="0" covered="1"/><counter type="COMPLEXITY" missed="0" covered="2"/><counter type="METHOD" missed="0" covered="1"/></method><method name="lambda$fromOperation$11" desc="(Lio/swagger/v3/oas/models/media/Content;)Z" line="368"><counter type="INSTRUCTION" missed="0" covered="4"/><counter type="LINE" missed="0" covered="1"/><counter type="COMPLEXITY" missed="0" covered="1"/><counter type="METHOD" missed="0" covered="1"/></method><method name="lambda$fromOperation$10" desc="(Ljava/util/Map;Lorg/openapitools/codegen/CodegenResponse;)V" line="352"><counter type="INSTRUCTION" missed="0" covered="9"/><counter type="LINE" missed="0" covered="1"/><counter type="COMPLEXITY" missed="0" covered="1"/><counter type="METHOD" missed="0" covered="1"/></method><method name="lambda$fromOperation$9" desc="(Ljava/util/Map;)Ljava/util/stream/Stream;" line="336"><counter type="INSTRUCTION" missed="0" covered="4"/><counter type="LINE" missed="0" covered="1"/><counter type="COMPLEXITY" missed="0" covered="1"/><counter type="METHOD" missed="0" covered="1"/></method><method name="lambda$fromOperation$8" desc="(Lorg/openapitools/codegen/CodegenResponse;)Z" line="321"><counter type="INSTRUCTION" missed="0" covered="3"/><counter type="LINE" missed="0" covered="1"/><counter type="COMPLEXITY" missed="0" covered="1"/><counter type="METHOD" missed="0" covered="1"/></method><method name="lambda$fromOperation$7" desc="(Lorg/openapitools/codegen/CodegenResponse;)Ljava/lang/String;" line="313"><counter type="INSTRUCTION" missed="0" covered="3"/><counter type="LINE" missed="0" covered="1"/><counter type="COMPLEXITY" missed="0" covered="1"/><counter type="METHOD" missed="0" covered="1"/></method><method name="lambda$fromOperation$6" desc="(Lorg/openapitools/codegen/CodegenResponse;)Ljava/lang/Integer;" line="311"><counter type="INSTRUCTION" missed="0" covered="5"/><counter type="LINE" missed="0" covered="1"/><counter type="COMPLEXITY" missed="0" covered="1"/><counter type="METHOD" missed="0" covered="1"/></method><method name="lambda$fromOperation$5" desc="(Lorg/openapitools/codegen/CodegenResponse;)Z" line="310"><counter type="INSTRUCTION" missed="0" covered="10"/><counter type="BRANCH" missed="0" covered="4"/><counter type="LINE" missed="0" covered="1"/><counter type="COMPLEXITY" missed="0" covered="3"/><counter type="METHOD" missed="0" covered="1"/></method><method name="lambda$processOpts$4" desc="(Ljava/lang/String;)V" line="290"><counter type="INSTRUCTION" missed="0" covered="7"/><counter type="LINE" missed="0" covered="1"/><counter type="COMPLEXITY" missed="0" covered="1"/><counter type="METHOD" missed="0" covered="1"/></method><method name="lambda$processOpts$3" desc="(Ljava/lang/String;)Z" line="289"><counter type="INSTRUCTION" missed="1" covered="6"/><counter type="BRANCH" missed="1" covered="1"/><counter type="LINE" missed="0" covered="1"/><counter type="COMPLEXITY" missed="1" covered="1"/><counter type="METHOD" missed="0" covered="1"/></method><method name="lambda$processOpts$2" desc="(Ljava/lang/String;Ljava/lang/String;)V" line="287"><counter type="INSTRUCTION" missed="0" covered="8"/><counter type="LINE" missed="0" covered="1"/><counter type="COMPLEXITY" missed="0" covered="1"/><counter type="METHOD" missed="0" covered="1"/></method><method name="lambda$processOpts$1" desc="(Ljava/lang/String;Ljava/lang/String;)Ljava/lang/String;" line="196"><counter type="INSTRUCTION" missed="0" covered="8"/><counter type="LINE" missed="0" covered="1"/><counter type="COMPLEXITY" missed="0" covered="1"/><counter type="METHOD" missed="0" covered="1"/></method><method name="lambda$processOpts$0" desc="(Ljava/lang/String;Ljava/lang/String;)Ljava/lang/Object;" line="196"><counter type="INSTRUCTION" missed="0" covered="2"/><counter type="LINE" missed="0" covered="1"/><counter type="COMPLEXITY" missed="0" covered="1"/><counter type="METHOD" missed="0" covered="1"/></method><method name="&lt;clinit&gt;" desc="()V" line="65"><counter type="INSTRUCTION" missed="0" covered="4"/><counter type="LINE" missed="0" covered="1"/><counter type="COMPLEXITY" missed="0" covered="1"/><counter type="METHOD" missed="0" covered="1"/></method><counter type="INSTRUCTION" missed="182" covered="2795"/><counter type="BRANCH" missed="59" covered="225"/><counter type="LINE" missed="24" covered="488"/><counter type="COMPLEXITY" missed="65" covered="136"/><counter type="METHOD" missed="7" covered="51"/><counter type="CLASS" missed="0" covered="1"/></class><sourcefile name="MicronautCodegen.java"><line nr="65" mi="0" ci="4" mb="0" cb="0"/><line nr="67" mi="0" ci="3" mb="0" cb="0"/><line nr="68" mi="0" ci="3" mb="0" cb="0"/><line nr="69" mi="0" ci="3" mb="0" cb="0"/><line nr="70" mi="0" ci="3" mb="0" cb="0"/><line nr="71" mi="0" ci="3" mb="0" cb="0"/><line nr="72" mi="0" ci="3" mb="0" cb="0"/><line nr="73" mi="0" ci="3" mb="0" cb="0"/><line nr="74" mi="0" ci="3" mb="0" cb="0"/><line nr="75" mi="0" ci="3" mb="0" cb="0"/><line nr="76" mi="0" ci="3" mb="0" cb="0"/><line nr="77" mi="0" ci="3" mb="0" cb="0"/><line nr="78" mi="0" ci="3" mb="0" cb="0"/><line nr="80" mi="0" ci="2" mb="0" cb="0"/><line nr="84" mi="0" ci="3" mb="0" cb="0"/><line nr="85" mi="0" ci="3" mb="0" cb="0"/><line nr="87" mi="0" ci="3" mb="0" cb="0"/><line nr="88" mi="0" ci="9" mb="0" cb="0"/><line nr="89" mi="0" ci="9" mb="0" cb="0"/><line nr="90" mi="0" ci="9" mb="0" cb="0"/><line nr="91" mi="0" ci="9" mb="0" cb="0"/><line nr="92" mi="0" ci="9" mb="0" cb="0"/><line nr="93" mi="0" ci="9" mb="0" cb="0"/><line nr="94" mi="0" ci="9" mb="0" cb="0"/><line nr="95" mi="0" ci="9" mb="0" cb="0"/><line nr="96" mi="0" ci="9" mb="0" cb="0"/><line nr="97" mi="0" ci="9" mb="0" cb="0"/><line nr="98" mi="0" ci="9" mb="0" cb="0"/><line nr="100" mi="0" ci="9" mb="0" cb="0"/><line nr="101" mi="0" ci="9" mb="0" cb="0"/><line nr="102" mi="0" ci="7" mb="0" cb="0"/><line nr="103" mi="0" ci="7" mb="0" cb="0"/><line nr="104" mi="0" ci="7" mb="0" cb="0"/><line nr="108" mi="0" ci="3" mb="0" cb="0"/><line nr="109" mi="0" ci="3" mb="0" cb="0"/><line nr="110" mi="0" ci="3" mb="0" cb="0"/><line nr="111" mi="0" ci="3" mb="0" cb="0"/><line nr="112" mi="0" ci="6" mb="0" cb="0"/><line nr="113" mi="0" ci="3" mb="0" cb="0"/><line nr="114" mi="0" ci="3" mb="0" cb="0"/><line nr="118" mi="0" ci="3" mb="0" cb="0"/><line nr="119" mi="0" ci="8" mb="0" cb="0"/><line nr="120" mi="0" ci="8" mb="0" cb="0"/><line nr="121" mi="0" ci="8" mb="0" cb="0"/><line nr="122" mi="0" ci="8" mb="0" cb="0"/><line nr="123" mi="0" ci="8" mb="0" cb="0"/><line nr="124" mi="0" ci="8" mb="0" cb="0"/><line nr="125" mi="0" ci="8" mb="0" cb="0"/><line nr="126" mi="0" ci="8" mb="0" cb="0"/><line nr="127" mi="0" ci="8" mb="0" cb="0"/><line nr="128" mi="0" ci="8" mb="0" cb="0"/><line nr="129" mi="0" ci="6" mb="0" cb="0"/><line nr="133" mi="0" ci="3" mb="0" cb="0"/><line nr="134" mi="0" ci="6" mb="0" cb="0"/><line nr="135" mi="0" ci="6" mb="0" cb="0"/><line nr="136" mi="0" ci="6" mb="0" cb="0"/><line nr="137" mi="0" ci="6" mb="0" cb="0"/><line nr="138" mi="0" ci="6" mb="0" cb="0"/><line nr="139" mi="0" ci="6" mb="0" cb="0"/><line nr="140" mi="0" ci="6" mb="0" cb="0"/><line nr="141" mi="0" ci="6" mb="0" cb="0"/><line nr="142" mi="0" ci="6" mb="0" cb="0"/><line nr="143" mi="0" ci="6" mb="0" cb="0"/><line nr="144" mi="0" ci="6" mb="0" cb="0"/><line nr="145" mi="0" ci="6" mb="0" cb="0"/><line nr="146" mi="0" ci="6" mb="0" cb="0"/><line nr="147" mi="0" ci="6" mb="0" cb="0"/><line nr="148" mi="0" ci="6" mb="0" cb="0"/><line nr="149" mi="0" ci="6" mb="0" cb="0"/><line nr="150" mi="0" ci="6" mb="0" cb="0"/><line nr="151" mi="0" ci="6" mb="0" cb="0"/><line nr="152" mi="0" ci="6" mb="0" cb="0"/><line nr="153" mi="0" ci="6" mb="0" cb="0"/><line nr="154" mi="0" ci="6" mb="0" cb="0"/><line nr="155" mi="0" ci="6" mb="0" cb="0"/><line nr="156" mi="0" ci="6" mb="0" cb="0"/><line nr="157" mi="0" ci="6" mb="0" cb="0"/><line nr="158" mi="0" ci="6" mb="0" cb="0"/><line nr="159" mi="0" ci="6" mb="0" cb="0"/><line nr="160" mi="0" ci="6" mb="0" cb="0"/><line nr="161" mi="0" ci="6" mb="0" cb="0"/><line nr="162" mi="0" ci="6" mb="0" cb="0"/><line nr="163" mi="0" ci="6" mb="0" cb="0"/><line nr="164" mi="0" ci="6" mb="0" cb="0"/><line nr="165" mi="0" ci="6" mb="0" cb="0"/><line nr="166" mi="0" ci="6" mb="0" cb="0"/><line nr="167" mi="0" ci="6" mb="0" cb="0"/><line nr="168" mi="0" ci="6" mb="0" cb="0"/><line nr="169" mi="0" ci="6" mb="0" cb="0"/><line nr="170" mi="0" ci="6" mb="0" cb="0"/><line nr="171" mi="0" ci="6" mb="0" cb="0"/><line nr="172" mi="0" ci="3" mb="0" cb="0"/><line nr="173" mi="0" ci="6" mb="0" cb="0"/><line nr="174" mi="0" ci="6" mb="0" cb="0"/><line nr="175" mi="0" ci="6" mb="0" cb="0"/><line nr="176" mi="0" ci="3" mb="0" cb="0"/><line nr="180" mi="0" ci="5" mb="0" cb="0"/><line nr="181" mi="0" ci="5" mb="0" cb="0"/><line nr="182" mi="0" ci="5" mb="0" cb="0"/><line nr="183" mi="0" ci="1" mb="0" cb="0"/><line nr="187" mi="0" ci="2" mb="0" cb="0"/><line nr="191" mi="0" ci="1" mb="0" cb="0"/><line nr="195" mi="0" ci="3" mb="0" cb="0"/><line nr="196" mi="0" ci="10" mb="0" cb="0"/><line nr="200" mi="0" ci="6" mb="0" cb="0"/><line nr="201" mi="0" ci="7" mb="0" cb="0"/><line nr="202" mi="0" ci="7" mb="0" cb="0"/><line nr="203" mi="0" ci="7" mb="0" cb="0"/><line nr="204" mi="0" ci="15" mb="0" cb="2"/><line nr="208" mi="0" ci="5" mb="1" cb="1"/><line nr="209" mi="0" ci="5" mb="0" cb="0"/><line nr="211" mi="0" ci="5" mb="1" cb="1"/><line nr="212" mi="0" ci="5" mb="0" cb="0"/><line nr="214" mi="0" ci="5" mb="1" cb="1"/><line nr="215" mi="0" ci="5" mb="0" cb="0"/><line nr="217" mi="0" ci="5" mb="1" cb="1"/><line nr="218" mi="0" ci="5" mb="0" cb="0"/><line nr="220" mi="0" ci="5" mb="0" cb="2"/><line nr="221" mi="0" ci="5" mb="0" cb="0"/><line nr="223" mi="0" ci="5" mb="1" cb="1"/><line nr="224" mi="0" ci="5" mb="0" cb="0"/><line nr="226" mi="0" ci="5" mb="1" cb="1"/><line nr="227" mi="0" ci="5" mb="0" cb="0"/><line nr="229" mi="0" ci="5" mb="1" cb="1"/><line nr="230" mi="0" ci="5" mb="0" cb="0"/><line nr="232" mi="0" ci="5" mb="0" cb="2"/><line nr="233" mi="0" ci="5" mb="0" cb="0"/><line nr="235" mi="0" ci="5" mb="1" cb="1"/><line nr="236" mi="0" ci="5" mb="0" cb="0"/><line nr="238" mi="0" ci="5" mb="0" cb="2"/><line nr="239" mi="0" ci="5" mb="0" cb="0"/><line nr="241" mi="0" ci="5" mb="1" cb="1"/><line nr="242" mi="0" ci="5" mb="0" cb="0"/><line nr="244" mi="0" ci="5" mb="1" cb="1"/><line nr="245" mi="0" ci="5" mb="0" cb="0"/><line nr="247" mi="0" ci="5" mb="1" cb="1"/><line nr="248" mi="0" ci="5" mb="0" cb="0"/><line nr="253" mi="0" ci="3" mb="0" cb="0"/><line nr="254" mi="0" ci="7" mb="0" cb="0"/><line nr="255" mi="0" ci="7" mb="0" cb="0"/><line nr="256" mi="0" ci="10" mb="0" cb="0"/><line nr="257" mi="0" ci="10" mb="0" cb="0"/><line nr="258" mi="0" ci="8" mb="0" cb="0"/><line nr="262" mi="0" ci="5" mb="0" cb="2"/><line nr="263" mi="0" ci="7" mb="0" cb="0"/><line nr="265" mi="0" ci="6" mb="0" cb="0"/><line nr="266" mi="0" ci="3" mb="1" cb="1"/><line nr="267" mi="7" ci="0" mb="0" cb="0"/><line nr="269" mi="0" ci="8" mb="1" cb="3"/><line nr="270" mi="0" ci="6" mb="0" cb="0"/><line nr="271" mi="0" ci="6" mb="0" cb="0"/><line nr="272" mi="0" ci="7" mb="0" cb="0"/><line nr="275" mi="0" ci="3" mb="0" cb="2"/><line nr="276" mi="0" ci="6" mb="0" cb="0"/><line nr="281" mi="0" ci="9" mb="0" cb="0"/><line nr="282" mi="0" ci="9" mb="0" cb="0"/><line nr="283" mi="0" ci="9" mb="0" cb="0"/><line nr="284" mi="0" ci="9" mb="0" cb="0"/><line nr="285" mi="0" ci="9" mb="0" cb="0"/><line nr="286" mi="0" ci="9" mb="0" cb="0"/><line nr="287" mi="0" ci="13" mb="0" cb="0"/><line nr="288" mi="0" ci="7" mb="0" cb="0"/><line nr="289" mi="1" ci="9" mb="1" cb="1"/><line nr="290" mi="0" ci="8" mb="0" cb="0"/><line nr="291" mi="0" ci="1" mb="0" cb="0"/><line nr="296" mi="0" ci="7" mb="0" cb="0"/><line nr="297" mi="0" ci="8" mb="0" cb="2"/><line nr="301" mi="0" ci="6" mb="1" cb="1"/><line nr="302" mi="5" ci="0" mb="0" cb="0"/><line nr="304" mi="0" ci="6" mb="1" cb="1"/><line nr="305" mi="5" ci="0" mb="0" cb="0"/><line nr="310" mi="0" ci="17" mb="0" cb="4"/><line nr="311" mi="0" ci="11" mb="0" cb="0"/><line nr="312" mi="0" ci="3" mb="0" cb="0"/><line nr="313" mi="0" ci="11" mb="0" cb="0"/><line nr="315" mi="0" ci="6" mb="0" cb="4"/><line nr="316" mi="0" ci="6" mb="0" cb="0"/><line nr="318" mi="0" ci="2" mb="0" cb="0"/><line nr="321" mi="0" ci="10" mb="0" cb="4"/><line nr="322" mi="0" ci="5" mb="0" cb="0"/><line nr="323" mi="0" ci="2" mb="0" cb="0"/><line nr="326" mi="0" ci="7" mb="0" cb="4"/><line nr="327" mi="0" ci="18" mb="0" cb="0"/><line nr="329" mi="0" ci="3" mb="0" cb="0"/><line nr="332" mi="0" ci="9" mb="0" cb="6"/><line nr="333" mi="0" ci="10" mb="0" cb="0"/><line nr="334" mi="0" ci="8" mb="0" cb="0"/><line nr="335" mi="0" ci="4" mb="0" cb="2"/><line nr="336" mi="0" ci="12" mb="0" cb="0"/><line nr="337" mi="0" ci="6" mb="0" cb="0"/><line nr="339" mi="0" ci="3" mb="0" cb="0"/><line nr="340" mi="0" ci="2" mb="0" cb="0"/><line nr="346" mi="0" ci="3" mb="0" cb="0"/><line nr="347" mi="0" ci="13" mb="0" cb="0"/><line nr="348" mi="0" ci="6" mb="0" cb="0"/><line nr="349" mi="0" ci="4" mb="0" cb="2"/><line nr="350" mi="0" ci="11" mb="0" cb="0"/><line nr="352" mi="0" ci="14" mb="0" cb="0"/><line nr="356" mi="0" ci="9" mb="0" cb="0"/><line nr="357" mi="0" ci="5" mb="1" cb="3"/><line nr="358" mi="0" ci="7" mb="0" cb="0"/><line nr="359" mi="0" ci="7" mb="0" cb="0"/><line nr="364" mi="0" ci="3" mb="0" cb="2"/><line nr="365" mi="0" ci="7" mb="0" cb="2"/><line nr="366" mi="0" ci="7" mb="0" cb="0"/><line nr="367" mi="0" ci="2" mb="0" cb="0"/><line nr="368" mi="0" ci="5" mb="0" cb="0"/><line nr="369" mi="0" ci="2" mb="0" cb="0"/><line nr="370" mi="0" ci="8" mb="0" cb="0"/><line nr="371" mi="0" ci="6" mb="0" cb="0"/><line nr="372" mi="0" ci="2" mb="0" cb="2"/><line nr="373" mi="0" ci="2" mb="0" cb="2"/><line nr="374" mi="0" ci="6" mb="0" cb="0"/><line nr="375" mi="0" ci="4" mb="1" cb="1"/><line nr="376" mi="0" ci="7" mb="0" cb="0"/><line nr="378" mi="5" ci="0" mb="0" cb="0"/><line nr="380" mi="0" ci="10" mb="0" cb="2"/><line nr="381" mi="0" ci="8" mb="0" cb="0"/><line nr="384" mi="0" ci="2" mb="1" cb="1"/><line nr="385" mi="8" ci="0" mb="0" cb="0"/><line nr="391" mi="0" ci="7" mb="0" cb="0"/><line nr="392" mi="0" ci="2" mb="0" cb="0"/><line nr="394" mi="0" ci="15" mb="0" cb="2"/><line nr="395" mi="0" ci="20" mb="0" cb="0"/><line nr="397" mi="0" ci="3" mb="0" cb="0"/><line nr="398" mi="0" ci="1" mb="0" cb="0"/><line nr="402" mi="0" ci="3" mb="0" cb="0"/><line nr="403" mi="0" ci="10" mb="0" cb="0"/><line nr="404" mi="0" ci="3" mb="0" cb="2"/><line nr="405" mi="0" ci="3" mb="0" cb="0"/><line nr="406" mi="0" ci="12" mb="0" cb="0"/><line nr="408" mi="0" ci="5" mb="0" cb="0"/><line nr="412" mi="0" ci="3" mb="0" cb="0"/><line nr="413" mi="0" ci="11" mb="0" cb="2"/><line nr="414" mi="0" ci="3" mb="0" cb="0"/><line nr="415" mi="0" ci="3" mb="0" cb="2"/><line nr="416" mi="0" ci="8" mb="0" cb="0"/><line nr="417" mi="0" ci="6" mb="0" cb="4"/><line nr="418" mi="0" ci="8" mb="0" cb="0"/><line nr="419" mi="0" ci="3" mb="0" cb="2"/><line nr="420" mi="0" ci="8" mb="0" cb="0"/><line nr="421" mi="0" ci="3" mb="0" cb="2"/><line nr="422" mi="0" ci="10" mb="0" cb="0"/><line nr="423" mi="0" ci="8" mb="1" cb="3"/><line nr="424" mi="0" ci="9" mb="0" cb="0"/><line nr="426" mi="0" ci="1" mb="0" cb="0"/><line nr="427" mi="0" ci="5" mb="0" cb="0"/><line nr="431" mi="0" ci="6" mb="0" cb="0"/><line nr="432" mi="0" ci="14" mb="0" cb="4"/><line nr="434" mi="0" ci="2" mb="0" cb="0"/><line nr="439" mi="0" ci="5" mb="0" cb="0"/><line nr="444" mi="0" ci="7" mb="0" cb="0"/><line nr="446" mi="0" ci="2" mb="0" cb="0"/><line nr="451" mi="0" ci="4" mb="0" cb="0"/><line nr="453" mi="0" ci="4" mb="0" cb="0"/><line nr="454" mi="0" ci="11" mb="0" cb="2"/><line nr="458" mi="0" ci="6" mb="1" cb="3"/><line nr="459" mi="0" ci="10" mb="0" cb="0"/><line nr="461" mi="0" ci="2" mb="0" cb="0"/><line nr="466" mi="0" ci="7" mb="1" cb="3"/><line nr="467" mi="0" ci="14" mb="0" cb="0"/><line nr="468" mi="0" ci="3" mb="0" cb="0"/><line nr="469" mi="0" ci="6" mb="0" cb="0"/><line nr="470" mi="0" ci="11" mb="0" cb="2"/><line nr="471" mi="0" ci="3" mb="0" cb="2"/><line nr="472" mi="0" ci="5" mb="0" cb="0"/><line nr="474" mi="0" ci="5" mb="0" cb="0"/><line nr="475" mi="0" ci="1" mb="0" cb="0"/><line nr="476" mi="0" ci="5" mb="0" cb="0"/><line nr="477" mi="0" ci="5" mb="0" cb="0"/><line nr="478" mi="0" ci="3" mb="0" cb="0"/><line nr="483" mi="0" ci="3" mb="0" cb="0"/><line nr="484" mi="0" ci="3" mb="0" cb="0"/><line nr="485" mi="0" ci="3" mb="0" cb="0"/><line nr="486" mi="0" ci="3" mb="0" cb="0"/><line nr="487" mi="0" ci="3" mb="0" cb="0"/><line nr="488" mi="0" ci="3" mb="0" cb="2"/><line nr="489" mi="0" ci="11" mb="0" cb="2"/><line nr="492" mi="0" ci="3" mb="0" cb="2"/><line nr="493" mi="0" ci="5" mb="0" cb="0"/><line nr="495" mi="0" ci="5" mb="0" cb="2"/><line nr="496" mi="0" ci="7" mb="0" cb="0"/><line nr="497" mi="0" ci="5" mb="0" cb="0"/><line nr="498" mi="0" ci="3" mb="0" cb="0"/><line nr="502" mi="0" ci="7" mb="0" cb="0"/><line nr="503" mi="0" ci="4" mb="0" cb="0"/><line nr="504" mi="0" ci="2" mb="0" cb="0"/><line nr="505" mi="0" ci="7" mb="0" cb="0"/><line nr="506" mi="0" ci="2" mb="0" cb="2"/><line nr="507" mi="0" ci="9" mb="0" cb="0"/><line nr="510" mi="0" ci="2" mb="0" cb="0"/><line nr="512" mi="0" ci="1" mb="0" cb="0"/><line nr="517" mi="0" ci="3" mb="0" cb="0"/><line nr="518" mi="0" ci="2" mb="0" cb="2"/><line nr="519" mi="0" ci="1" mb="0" cb="0"/><line nr="524" mi="0" ci="5" mb="0" cb="0"/><line nr="525" mi="0" ci="7" mb="0" cb="0"/><line nr="526" mi="0" ci="5" mb="0" cb="0"/><line nr="527" mi="0" ci="4" mb="0" cb="0"/><line nr="528" mi="0" ci="5" mb="0" cb="0"/><line nr="529" mi="0" ci="1" mb="0" cb="0"/><line nr="533" mi="0" ci="11" mb="0" cb="2"/><line nr="535" mi="0" ci="6" mb="0" cb="0"/><line nr="536" mi="0" ci="2" mb="1" cb="1"/><line nr="537" mi="13" ci="0" mb="0" cb="0"/><line nr="538" mi="7" ci="0" mb="0" cb="0"/><line nr="539" mi="1" ci="0" mb="0" cb="0"/><line nr="541" mi="0" ci="12" mb="0" cb="0"/><line nr="542" mi="0" ci="12" mb="0" cb="0"/><line nr="544" mi="0" ci="3" mb="0" cb="0"/><line nr="545" mi="0" ci="6" mb="0" cb="0"/><line nr="546" mi="0" ci="6" mb="0" cb="0"/><line nr="547" mi="0" ci="6" mb="0" cb="0"/><line nr="548" mi="0" ci="13" mb="2" cb="2"/><line nr="549" mi="0" ci="4" mb="0" cb="0"/><line nr="550" mi="3" ci="0" mb="0" cb="0"/><line nr="551" mi="3" ci="0" mb="0" cb="0"/><line nr="552" mi="0" ci="8" mb="0" cb="0"/><line nr="554" mi="0" ci="1" mb="0" cb="0"/><line nr="555" mi="0" ci="1" mb="0" cb="0"/><line nr="559" mi="0" ci="11" mb="0" cb="2"/><line nr="560" mi="0" ci="10" mb="0" cb="6"/><line nr="562" mi="0" ci="2" mb="0" cb="0"/><line nr="563" mi="0" ci="4" mb="0" cb="0"/><line nr="564" mi="0" ci="8" mb="0" cb="0"/><line nr="565" mi="0" ci="8" mb="0" cb="0"/><line nr="566" mi="0" ci="8" mb="0" cb="0"/><line nr="567" mi="0" ci="3" mb="0" cb="0"/><line nr="568" mi="0" ci="3" mb="0" cb="0"/><line nr="569" mi="0" ci="8" mb="0" cb="0"/><line nr="570" mi="0" ci="4" mb="0" cb="0"/><line nr="571" mi="0" ci="3" mb="0" cb="0"/><line nr="573" mi="0" ci="4" mb="0" cb="0"/><line nr="574" mi="0" ci="7" mb="0" cb="0"/><line nr="575" mi="0" ci="6" mb="0" cb="0"/><line nr="576" mi="0" ci="9" mb="0" cb="0"/><line nr="577" mi="0" ci="7" mb="0" cb="0"/><line nr="580" mi="0" ci="5" mb="0" cb="0"/><line nr="583" mi="0" ci="1" mb="0" cb="0"/><line nr="585" mi="0" ci="2" mb="0" cb="0"/><line nr="590" mi="0" ci="6" mb="0" cb="4"/><line nr="591" mi="0" ci="12" mb="0" cb="2"/><line nr="593" mi="0" ci="9" mb="0" cb="6"/><line nr="594" mi="0" ci="7" mb="0" cb="0"/><line nr="597" mi="0" ci="7" mb="0" cb="0"/><line nr="598" mi="0" ci="1" mb="0" cb="0"/><line nr="602" mi="0" ci="4" mb="0" cb="0"/><line nr="604" mi="0" ci="9" mb="0" cb="6"/><line nr="605" mi="0" ci="7" mb="0" cb="0"/><line nr="608" mi="0" ci="7" mb="0" cb="0"/><line nr="609" mi="0" ci="1" mb="0" cb="0"/><line nr="613" mi="0" ci="12" mb="1" cb="3"/><line nr="618" mi="0" ci="5" mb="0" cb="4"/><line nr="619" mi="0" ci="5" mb="0" cb="0"/><line nr="621" mi="0" ci="5" mb="0" cb="0"/><line nr="626" mi="3" ci="2" mb="3" cb="1"/><line nr="627" mi="5" ci="0" mb="0" cb="0"/><line nr="629" mi="0" ci="4" mb="0" cb="0"/><line nr="639" mi="0" ci="1" mb="0" cb="0"/><line nr="640" mi="0" ci="4" mb="0" cb="0"/><line nr="641" mi="0" ci="7" mb="0" cb="0"/><line nr="642" mi="0" ci="12" mb="0" cb="0"/><line nr="643" mi="0" ci="2" mb="0" cb="0"/><line nr="647" mi="0" ci="3" mb="0" cb="2"/><line nr="648" mi="0" ci="5" mb="0" cb="0"/><line nr="650" mi="0" ci="3" mb="0" cb="2"/><line nr="651" mi="0" ci="6" mb="0" cb="0"/><line nr="653" mi="0" ci="3" mb="0" cb="2"/><line nr="654" mi="0" ci="6" mb="0" cb="0"/><line nr="656" mi="0" ci="3" mb="0" cb="2"/><line nr="657" mi="0" ci="6" mb="0" cb="0"/><line nr="659" mi="0" ci="6" mb="1" cb="3"/><line nr="660" mi="0" ci="5" mb="0" cb="0"/><line nr="662" mi="0" ci="3" mb="0" cb="2"/><line nr="663" mi="3" ci="7" mb="0" cb="0"/><line nr="666" mi="0" ci="3" mb="0" cb="2"/><line nr="667" mi="0" ci="8" mb="1" cb="1"/><line nr="668" mi="11" ci="0" mb="0" cb="0"/><line nr="671" mi="0" ci="2" mb="0" cb="0"/><line nr="673" mi="0" ci="3" mb="0" cb="2"/><line nr="674" mi="0" ci="8" mb="1" cb="1"/><line nr="675" mi="11" ci="0" mb="0" cb="0"/><line nr="678" mi="0" ci="2" mb="0" cb="0"/><line nr="680" mi="0" ci="6" mb="0" cb="4"/><line nr="681" mi="0" ci="5" mb="0" cb="0"/><line nr="683" mi="0" ci="3" mb="1" cb="1"/><line nr="684" mi="5" ci="0" mb="0" cb="0"/><line nr="686" mi="0" ci="3" mb="0" cb="2"/><line nr="687" mi="3" ci="8" mb="0" cb="0"/><line nr="689" mi="0" ci="3" mb="1" cb="1"/><line nr="690" mi="6" ci="0" mb="0" cb="0"/><line nr="692" mi="0" ci="3" mb="1" cb="1"/><line nr="693" mi="6" ci="0" mb="0" cb="0"/><line nr="695" mi="0" ci="3" mb="0" cb="2"/><line nr="696" mi="0" ci="6" mb="0" cb="0"/><line nr="699" mi="0" ci="3" mb="0" cb="2"/><line nr="700" mi="0" ci="3" mb="0" cb="0"/><line nr="701" mi="0" ci="10" mb="0" cb="0"/><line nr="702" mi="1" ci="8" mb="1" cb="1"/><line nr="703" mi="0" ci="5" mb="0" cb="0"/><line nr="704" mi="0" ci="4" mb="0" cb="0"/><line nr="705" mi="0" ci="4" mb="0" cb="0"/><line nr="706" mi="0" ci="5" mb="0" cb="0"/><line nr="707" mi="0" ci="5" mb="0" cb="0"/><line nr="708" mi="0" ci="3" mb="0" cb="0"/><line nr="710" mi="0" ci="3" mb="0" cb="2"/><line nr="711" mi="0" ci="16" mb="0" cb="0"/><line nr="713" mi="0" ci="3" mb="0" cb="2"/><line nr="714" mi="0" ci="16" mb="0" cb="0"/><line nr="718" mi="0" ci="2" mb="0" cb="0"/><line nr="725" mi="0" ci="3" mb="0" cb="0"/><line nr="730" mi="0" ci="8" mb="0" cb="0"/><line nr="735" mi="0" ci="7" mb="0" cb="2"/><line nr="736" mi="0" ci="2" mb="0" cb="0"/><line nr="738" mi="0" ci="7" mb="1" cb="1"/><line nr="739" mi="3" ci="0" mb="0" cb="0"/><line nr="741" mi="0" ci="7" mb="1" cb="1"/><line nr="742" mi="3" ci="0" mb="0" cb="0"/><line nr="744" mi="0" ci="7" mb="0" cb="2"/><line nr="745" mi="0" ci="3" mb="0" cb="0"/><line nr="747" mi="0" ci="5" mb="0" cb="0"/><line nr="754" mi="3" ci="0" mb="0" cb="0"/><line nr="755" mi="1" ci="0" mb="0" cb="0"/><line nr="759" mi="3" ci="0" mb="0" cb="0"/><line nr="760" mi="1" ci="0" mb="0" cb="0"/><line nr="764" mi="3" ci="0" mb="0" cb="0"/><line nr="765" mi="1" ci="0" mb="0" cb="0"/><line nr="770" mi="0" ci="3" mb="0" cb="0"/><line nr="771" mi="0" ci="8" mb="0" cb="0"/><line nr="772" mi="0" ci="6" mb="0" cb="0"/><line nr="773" mi="0" ci="5" mb="0" cb="2"/><line nr="774" mi="0" ci="5" mb="0" cb="0"/><line nr="776" mi="0" ci="1" mb="0" cb="0"/><line nr="779" mi="0" ci="4" mb="0" cb="0"/><line nr="781" mi="0" ci="4" mb="0" cb="0"/><line nr="782" mi="2" ci="10" mb="1" cb="1"/><line nr="783" mi="2" ci="10" mb="1" cb="1"/><line nr="784" mi="3" ci="7" mb="1" cb="1"/><line nr="785" mi="2" ci="10" mb="1" cb="1"/><line nr="786" mi="2" ci="10" mb="1" cb="1"/><line nr="787" mi="2" ci="10" mb="1" cb="1"/><line nr="788" mi="0" ci="4" mb="0" cb="0"/><line nr="789" mi="2" ci="10" mb="1" cb="1"/><line nr="790" mi="0" ci="4" mb="0" cb="0"/><line nr="791" mi="0" ci="4" mb="0" cb="0"/><line nr="792" mi="0" ci="4" mb="0" cb="0"/><line nr="793" mi="0" ci="4" mb="0" cb="0"/><line nr="794" mi="0" ci="4" mb="0" cb="0"/><line nr="795" mi="0" ci="4" mb="0" cb="0"/><line nr="796" mi="0" ci="4" mb="0" cb="0"/><line nr="797" mi="0" ci="4" mb="0" cb="0"/><line nr="798" mi="0" ci="4" mb="0" cb="0"/><line nr="799" mi="0" ci="4" mb="0" cb="0"/><line nr="800" mi="0" ci="4" mb="0" cb="0"/><line nr="801" mi="0" ci="4" mb="0" cb="0"/><line nr="802" mi="0" ci="4" mb="0" cb="0"/><line nr="803" mi="0" ci="4" mb="0" cb="0"/><line nr="804" mi="0" ci="4" mb="0" cb="0"/><line nr="805" mi="0" ci="4" mb="0" cb="0"/><line nr="806" mi="0" ci="4" mb="0" cb="0"/><line nr="807" mi="2" ci="10" mb="1" cb="1"/><line nr="808" mi="5" ci="7" mb="1" cb="1"/><line nr="809" mi="5" ci="7" mb="1" cb="1"/><line nr="810" mi="0" ci="4" mb="0" cb="0"/><line nr="811" mi="0" ci="4" mb="0" cb="0"/><line nr="812" mi="0" ci="4" mb="0" cb="0"/><line nr="813" mi="0" ci="4" mb="0" cb="0"/><line nr="814" mi="0" ci="4" mb="0" cb="0"/><line nr="815" mi="0" ci="4" mb="0" cb="0"/><line nr="816" mi="0" ci="4" mb="0" cb="0"/><line nr="817" mi="0" ci="4" mb="0" cb="0"/><line nr="818" mi="0" ci="4" mb="0" cb="0"/><line nr="819" mi="0" ci="4" mb="0" cb="0"/><line nr="820" mi="0" ci="4" mb="0" cb="0"/><line nr="821" mi="0" ci="4" mb="0" cb="0"/><line nr="822" mi="0" ci="4" mb="0" cb="0"/><line nr="823" mi="0" ci="4" mb="0" cb="0"/><line nr="824" mi="0" ci="4" mb="0" cb="0"/><line nr="825" mi="0" ci="4" mb="0" cb="0"/><line nr="826" mi="0" ci="4" mb="0" cb="0"/><line nr="827" mi="0" ci="4" mb="0" cb="0"/><line nr="828" mi="0" ci="4" mb="0" cb="0"/><line nr="829" mi="0" ci="4" mb="0" cb="0"/><line nr="830" mi="0" ci="4" mb="0" cb="0"/><line nr="831" mi="0" ci="4" mb="0" cb="0"/><line nr="832" mi="0" ci="4" mb="0" cb="0"/><line nr="833" mi="0" ci="4" mb="0" cb="0"/><line nr="834" mi="0" ci="4" mb="0" cb="0"/><line nr="835" mi="0" ci="4" mb="0" cb="0"/><line nr="836" mi="2" ci="10" mb="1" cb="1"/><line nr="837" mi="2" ci="10" mb="1" cb="1"/><line nr="838" mi="2" ci="10" mb="1" cb="1"/><line nr="839" mi="0" ci="4" mb="0" cb="0"/><line nr="840" mi="0" ci="4" mb="0" cb="0"/><line nr="841" mi="2" ci="10" mb="1" cb="1"/><line nr="842" mi="0" ci="4" mb="0" cb="0"/><line nr="843" mi="2" ci="10" mb="1" cb="1"/><line nr="844" mi="2" ci="10" mb="1" cb="1"/><line nr="845" mi="2" ci="10" mb="1" cb="1"/><line nr="846" mi="2" ci="10" mb="1" cb="1"/><line nr="847" mi="5" ci="7" mb="1" cb="1"/><line nr="848" mi="0" ci="4" mb="0" cb="0"/><line nr="849" mi="0" ci="4" mb="0" cb="0"/><line nr="850" mi="2" ci="10" mb="1" cb="1"/><line nr="851" mi="2" ci="10" mb="1" cb="1"/><line nr="852" mi="0" ci="4" mb="0" cb="0"/><line nr="853" mi="0" ci="4" mb="0" cb="0"/><line nr="854" mi="0" ci="4" mb="0" cb="0"/><line nr="856" mi="0" ci="4" mb="0" cb="0"/><line nr="857" mi="0" ci="4" mb="0" cb="0"/><line nr="858" mi="0" ci="4" mb="0" cb="0"/><line nr="860" mi="0" ci="2" mb="0" cb="0"/><counter type="INSTRUCTION" missed="182" covered="2795"/><counter type="BRANCH" missed="59" covered="225"/><counter type="LINE" missed="24" covered="488"/><counter type="COMPLEXITY" missed="65" covered="136"/><counter type="METHOD" missed="7" covered="51"/><counter type="CLASS" missed="0" covered="1"/></sourcefile><counter type="INSTRUCTION" missed="182" covered="2795"/><counter type="BRANCH" missed="59" covered="225"/><counter type="LINE" missed="24" covered="488"/><counter type="COMPLEXITY" missed="65" covered="136"/><counter type="METHOD" missed="7" covered="51"/><counter type="CLASS" missed="0" covered="1"/></package><counter type="INSTRUCTION" missed="182" covered="2795"/><counter type="BRANCH" missed="59" covered="225"/><counter type="LINE" missed="24" covered="488"/><counter type="COMPLEXITY" missed="65" covered="136"/><counter type="METHOD" missed="7" covered="51"/><counter type="CLASS" missed="0" covered="1"/></report>