<?xml version="1.0" encoding="UTF-8" standalone="yes"?><!DOCTYPE report PUBLIC "-//JACOCO//DTD Report 1.1//EN" "report.dtd"><report name="OpenAPI codegen for Micronaut"><sessioninfo id="fv-az1315-192-1a6d6f89" start="1746214990544" dump="1746215002410"/><package name="org/openapitools/codegen/languages"><class name="org/openapitools/codegen/languages/MicronautCodegen" sourcefilename="MicronautCodegen.java"><method name="&lt;init&gt;" desc="()V" line="77"><counter type="INSTRUCTION" missed="0" covered="631"/><counter type="LINE" missed="0" covered="109"/><counter type="COMPLEXITY" missed="0" covered="1"/><counter type="METHOD" missed="0" covered="1"/></method><method name="getName" desc="()Ljava/lang/String;" line="207"><counter type="INSTRUCTION" missed="0" covered="2"/><counter type="LINE" missed="0" covered="1"/><counter type="COMPLEXITY" missed="0" covered="1"/><counter type="METHOD" missed="0" covered="1"/></method><method name="postProcess" desc="()V" line="212"><counter type="INSTRUCTION" missed="0" covered="1"/><counter type="LINE" missed="0" covered="1"/><counter type="COMPLEXITY" missed="0" covered="1"/><counter type="METHOD" missed="0" covered="1"/></method><method name="processOpts" desc="()V" line="216"><counter type="INSTRUCTION" missed="7" covered="368"/><counter type="BRANCH" missed="10" covered="20"/><counter type="LINE" missed="1" covered="62"/><counter type="COMPLEXITY" missed="10" covered="6"/><counter type="METHOD" missed="0" covered="1"/></method><method name="fromOperation" desc="(Ljava/lang/String;Ljava/lang/String;Lio/swagger/v3/oas/models/Operation;Ljava/util/List;)Lorg/openapitools/codegen/CodegenOperation;" line="317"><counter type="INSTRUCTION" missed="23" covered="451"/><counter type="BRANCH" missed="6" covered="58"/><counter type="LINE" missed="4" covered="78"/><counter type="COMPLEXITY" missed="6" covered="27"/><counter type="METHOD" missed="0" covered="1"/></method><method name="fromResponse" desc="(Ljava/lang/String;Lio/swagger/v3/oas/models/responses/ApiResponse;)Lorg/openapitools/codegen/CodegenResponse;" line="460"><counter type="INSTRUCTION" missed="0" covered="14"/><counter type="LINE" missed="0" covered="3"/><counter type="COMPLEXITY" missed="0" covered="1"/><counter type="METHOD" missed="0" covered="1"/></method><method name="updateAllModels" desc="(Ljava/util/Map;)Ljava/util/Map;" line="472"><counter type="INSTRUCTION" missed="34" covered="383"/><counter type="BRANCH" missed="6" covered="36"/><counter type="LINE" missed="6" covered="74"/><counter type="COMPLEXITY" missed="6" covered="17"/><counter type="METHOD" missed="0" covered="1"/></method><method name="postProcessParameter" desc="(Lorg/openapitools/codegen/CodegenParameter;)V" line="615"><counter type="INSTRUCTION" missed="0" covered="123"/><counter type="BRANCH" missed="1" covered="27"/><counter type="LINE" missed="0" covered="18"/><counter type="COMPLEXITY" missed="1" covered="14"/><counter type="METHOD" missed="0" covered="1"/></method><method name="postProcessResponseWithProperty" desc="(Lorg/openapitools/codegen/CodegenResponse;Lorg/openapitools/codegen/CodegenProperty;)V" line="646"><counter type="INSTRUCTION" missed="0" covered="33"/><counter type="BRANCH" missed="4" covered="8"/><counter type="LINE" missed="0" covered="5"/><counter type="COMPLEXITY" missed="4" covered="3"/><counter type="METHOD" missed="0" covered="1"/></method><method name="postProcessModelProperty" desc="(Lorg/openapitools/codegen/CodegenModel;Lorg/openapitools/codegen/CodegenProperty;)V" line="656"><counter type="INSTRUCTION" missed="0" covered="43"/><counter type="BRANCH" missed="1" covered="11"/><counter type="LINE" missed="0" covered="6"/><counter type="COMPLEXITY" missed="1" covered="6"/><counter type="METHOD" missed="0" covered="1"/></method><method name="isDataTypeString" desc="(Ljava/lang/String;)Z" line="668"><counter type="INSTRUCTION" missed="0" covered="12"/><counter type="BRANCH" missed="1" covered="3"/><counter type="LINE" missed="0" covered="1"/><counter type="COMPLEXITY" missed="1" covered="2"/><counter type="METHOD" missed="0" covered="1"/></method><method name="getTypeDeclaration" desc="(Lio/swagger/v3/oas/models/media/Schema;)Ljava/lang/String;" line="673"><counter type="INSTRUCTION" missed="0" covered="68"/><counter type="BRANCH" missed="0" covered="8"/><counter type="LINE" missed="0" covered="10"/><counter type="COMPLEXITY" missed="0" covered="5"/><counter type="METHOD" missed="0" covered="1"/></method><method name="toDefaultValue" desc="(Lorg/openapitools/codegen/CodegenProperty;Lio/swagger/v3/oas/models/media/Schema;)Ljava/lang/String;" line="688"><counter type="INSTRUCTION" missed="0" covered="15"/><counter type="BRANCH" missed="0" covered="4"/><counter type="LINE" missed="0" covered="3"/><counter type="COMPLEXITY" missed="0" covered="3"/><counter type="METHOD" missed="0" covered="1"/></method><method name="toDefaultValue" desc="(Lio/swagger/v3/oas/models/media/Schema;)Ljava/lang/String;" line="696"><counter type="INSTRUCTION" missed="8" covered="6"/><counter type="BRANCH" missed="3" covered="1"/><counter type="LINE" missed="1" covered="2"/><counter type="COMPLEXITY" missed="2" covered="1"/><counter type="METHOD" missed="0" covered="1"/></method><method name="toExampleValue" desc="(Lio/swagger/v3/oas/models/media/Schema;)Ljava/lang/String;" line="709"><counter type="INSTRUCTION" missed="27" covered="181"/><counter type="BRANCH" missed="5" covered="37"/><counter type="LINE" missed="4" covered="45"/><counter type="COMPLEXITY" missed="5" covered="17"/><counter type="METHOD" missed="0" covered="1"/></method><method name="toEnumName" desc="(Lorg/openapitools/codegen/CodegenProperty;)Ljava/lang/String;" line="795"><counter type="INSTRUCTION" missed="0" covered="3"/><counter type="LINE" missed="0" covered="1"/><counter type="COMPLEXITY" missed="0" covered="1"/><counter type="METHOD" missed="0" covered="1"/></method><method name="toEnumVarName" desc="(Ljava/lang/String;Ljava/lang/String;)Ljava/lang/String;" line="800"><counter type="INSTRUCTION" missed="0" covered="8"/><counter type="LINE" missed="0" covered="1"/><counter type="COMPLEXITY" missed="0" covered="1"/><counter type="METHOD" missed="0" covered="1"/></method><method name="toEnumValue" desc="(Ljava/lang/String;Ljava/lang/String;)Ljava/lang/String;" line="805"><counter type="INSTRUCTION" missed="6" covered="38"/><counter type="BRANCH" missed="2" covered="6"/><counter type="LINE" missed="2" covered="7"/><counter type="COMPLEXITY" missed="2" covered="3"/><counter type="METHOD" missed="0" covered="1"/></method><method name="setUseBeanValidation" desc="(Z)V" line="824"><counter type="INSTRUCTION" missed="0" covered="4"/><counter type="LINE" missed="0" covered="2"/><counter type="COMPLEXITY" missed="0" covered="1"/><counter type="METHOD" missed="0" covered="1"/></method><method name="setUseGenericResponse" desc="(Z)V" line="829"><counter type="INSTRUCTION" missed="0" covered="4"/><counter type="LINE" missed="0" covered="2"/><counter type="COMPLEXITY" missed="0" covered="1"/><counter type="METHOD" missed="0" covered="1"/></method><method name="setUseOptional" desc="(Z)V" line="834"><counter type="INSTRUCTION" missed="0" covered="4"/><counter type="LINE" missed="0" covered="2"/><counter type="COMPLEXITY" missed="0" covered="1"/><counter type="METHOD" missed="0" covered="1"/></method><method name="setModelBaseClass" desc="(Ljava/lang/String;)V" line="838"><counter type="INSTRUCTION" missed="0" covered="4"/><counter type="LINE" missed="0" covered="2"/><counter type="COMPLEXITY" missed="0" covered="1"/><counter type="METHOD" missed="0" covered="1"/></method><method name="addSupportingFile" desc="(Ljava/lang/String;Ljava/lang/String;Ljava/lang/String;)V" line="844"><counter type="INSTRUCTION" missed="0" covered="28"/><counter type="BRANCH" missed="0" covered="2"/><counter type="LINE" missed="0" covered="6"/><counter type="COMPLEXITY" missed="0" covered="2"/><counter type="METHOD" missed="0" covered="1"/></method><method name="copy" desc="(Lorg/openapitools/codegen/CodegenModel;)Lorg/openapitools/codegen/CodegenModel;" line="853"><counter type="INSTRUCTION" missed="52" covered="428"/><counter type="BRANCH" missed="21" covered="21"/><counter type="LINE" missed="0" covered="79"/><counter type="COMPLEXITY" missed="21" covered="1"/><counter type="METHOD" missed="0" covered="1"/></method><method name="getBeanValidation" desc="(Lio/swagger/v3/oas/models/media/Schema;)Ljava/util/List;" line="938"><counter type="INSTRUCTION" missed="2" covered="165"/><counter type="BRANCH" missed="6" covered="38"/><counter type="LINE" missed="1" covered="37"/><counter type="COMPLEXITY" missed="6" covered="17"/><counter type="METHOD" missed="0" covered="1"/></method><method name="getBeanValidation" desc="(Lorg/openapitools/codegen/CodegenParameter;)Ljava/util/List;" line="989"><counter type="INSTRUCTION" missed="72" covered="79"/><counter type="BRANCH" missed="12" covered="24"/><counter type="LINE" missed="9" covered="21"/><counter type="COMPLEXITY" missed="9" covered="10"/><counter type="METHOD" missed="0" covered="1"/></method><method name="removeValidation" desc="(Ljava/lang/String;)Ljava/lang/String;" line="1036"><counter type="INSTRUCTION" missed="0" covered="22"/><counter type="LINE" missed="0" covered="5"/><counter type="COMPLEXITY" missed="0" covered="1"/><counter type="METHOD" missed="0" covered="1"/></method><method name="lambda$toExampleValue$37" desc="(Ljava/lang/String;)Ljava/lang/String;" line="784"><counter type="INSTRUCTION" missed="0" covered="8"/><counter type="LINE" missed="0" covered="1"/><counter type="COMPLEXITY" missed="0" covered="1"/><counter type="METHOD" missed="0" covered="1"/></method><method name="lambda$toExampleValue$36" desc="(Ljava/lang/String;)Ljava/lang/String;" line="781"><counter type="INSTRUCTION" missed="0" covered="8"/><counter type="LINE" missed="0" covered="1"/><counter type="COMPLEXITY" missed="0" covered="1"/><counter type="METHOD" missed="0" covered="1"/></method><method name="lambda$toExampleValue$35" desc="(Ljava/lang/String;)Ljava/lang/String;" line="777"><counter type="INSTRUCTION" missed="0" covered="3"/><counter type="LINE" missed="0" covered="1"/><counter type="COMPLEXITY" missed="0" covered="1"/><counter type="METHOD" missed="0" covered="1"/></method><method name="lambda$toExampleValue$34" desc="(Ljava/util/Map;)Ljava/lang/String;" line="773"><counter type="INSTRUCTION" missed="0" covered="10"/><counter type="LINE" missed="0" covered="3"/><counter type="COMPLEXITY" missed="0" covered="1"/><counter type="METHOD" missed="0" covered="1"/></method><method name="lambda$toExampleValue$33" desc="(Ljava/util/Map$Entry;)Ljava/lang/String;" line="774"><counter type="INSTRUCTION" missed="0" covered="8"/><counter type="LINE" missed="0" covered="2"/><counter type="COMPLEXITY" missed="0" covered="1"/><counter type="METHOD" missed="0" covered="1"/></method><method name="lambda$toExampleValue$32" desc="(Ljava/util/Map;)Z" line="772"><counter type="INSTRUCTION" missed="1" covered="6"/><counter type="BRANCH" missed="1" covered="1"/><counter type="LINE" missed="0" covered="1"/><counter type="COMPLEXITY" missed="1" covered="1"/><counter type="METHOD" missed="0" covered="1"/></method><method name="lambda$toExampleValue$31" desc="(Ljava/lang/String;)Ljava/util/Map;" line="771"><counter type="INSTRUCTION" missed="0" covered="8"/><counter type="LINE" missed="0" covered="1"/><counter type="COMPLEXITY" missed="0" covered="1"/><counter type="METHOD" missed="0" covered="1"/></method><method name="lambda$toExampleValue$30" desc="(Ljava/lang/String;)Ljava/lang/String;" line="757"><counter type="INSTRUCTION" missed="3" covered="0"/><counter type="LINE" missed="1" covered="0"/><counter type="COMPLEXITY" missed="1" covered="0"/><counter type="METHOD" missed="1" covered="0"/></method><method name="lambda$toExampleValue$29" desc="(Ljava/lang/String;)Ljava/lang/String;" line="745"><counter type="INSTRUCTION" missed="3" covered="0"/><counter type="LINE" missed="1" covered="0"/><counter type="COMPLEXITY" missed="1" covered="0"/><counter type="METHOD" missed="1" covered="0"/></method><method name="lambda$toExampleValue$28" desc="(Ljava/lang/String;)Ljava/lang/String;" line="738"><counter type="INSTRUCTION" missed="3" covered="0"/><counter type="LINE" missed="1" covered="0"/><counter type="COMPLEXITY" missed="1" covered="0"/><counter type="METHOD" missed="1" covered="0"/></method><method name="lambda$toExampleValue$27" desc="(Ljava/lang/String;)Ljava/lang/String;" line="733"><counter type="INSTRUCTION" missed="3" covered="0"/><counter type="LINE" missed="1" covered="0"/><counter type="COMPLEXITY" missed="1" covered="0"/><counter type="METHOD" missed="1" covered="0"/></method><method name="lambda$toExampleValue$26" desc="(Lio/swagger/v3/oas/models/media/Schema;)Ljava/util/Optional;" line="712"><counter type="INSTRUCTION" missed="0" covered="6"/><counter type="LINE" missed="0" covered="1"/><counter type="COMPLEXITY" missed="0" covered="1"/><counter type="METHOD" missed="0" covered="1"/></method><method name="lambda$toExampleValue$25" desc="(Ljava/util/List;)Ljava/util/Optional;" line="712"><counter type="INSTRUCTION" missed="0" covered="4"/><counter type="LINE" missed="0" covered="1"/><counter type="COMPLEXITY" missed="0" covered="1"/><counter type="METHOD" missed="0" covered="1"/></method><method name="lambda$toExampleValue$24" desc="(Lio/swagger/v3/oas/models/media/Schema;)Ljava/util/Optional;" line="711"><counter type="INSTRUCTION" missed="0" covered="4"/><counter type="LINE" missed="0" covered="1"/><counter type="COMPLEXITY" missed="0" covered="1"/><counter type="METHOD" missed="0" covered="1"/></method><method name="lambda$getTypeDeclaration$23" desc="(Ljava/lang/String;)Ljava/lang/String;" line="678"><counter type="INSTRUCTION" missed="0" covered="3"/><counter type="LINE" missed="0" covered="1"/><counter type="COMPLEXITY" missed="0" covered="1"/><counter type="METHOD" missed="0" covered="1"/></method><method name="lambda$postProcessParameter$22" desc="(Ljava/lang/String;)Ljava/lang/String;" line="633"><counter type="INSTRUCTION" missed="0" covered="3"/><counter type="LINE" missed="0" covered="1"/><counter type="COMPLEXITY" missed="0" covered="1"/><counter type="METHOD" missed="0" covered="1"/></method><method name="lambda$updateAllModels$21" desc="(Lorg/openapitools/codegen/CodegenDiscriminator;Lorg/openapitools/codegen/CodegenProperty;)Z" line="567"><counter type="INSTRUCTION" missed="0" covered="6"/><counter type="LINE" missed="0" covered="1"/><counter type="COMPLEXITY" missed="0" covered="1"/><counter type="METHOD" missed="0" covered="1"/></method><method name="lambda$updateAllModels$20" desc="(Lorg/openapitools/codegen/CodegenDiscriminator;Lorg/openapitools/codegen/CodegenProperty;)Z" line="566"><counter type="INSTRUCTION" missed="0" covered="6"/><counter type="LINE" missed="0" covered="1"/><counter type="COMPLEXITY" missed="0" covered="1"/><counter type="METHOD" missed="0" covered="1"/></method><method name="lambda$updateAllModels$19" desc="(Lorg/openapitools/codegen/CodegenDiscriminator;Lorg/openapitools/codegen/CodegenModel;Lorg/openapitools/codegen/CodegenProperty;)V" line="552"><counter type="INSTRUCTION" missed="0" covered="10"/><counter type="LINE" missed="0" covered="3"/><counter type="COMPLEXITY" missed="0" covered="1"/><counter type="METHOD" missed="0" covered="1"/></method><method name="lambda$updateAllModels$18" desc="(Lorg/openapitools/codegen/CodegenDiscriminator;Lorg/openapitools/codegen/CodegenProperty;)Z" line="550"><counter type="INSTRUCTION" missed="0" covered="6"/><counter type="LINE" missed="0" covered="1"/><counter type="COMPLEXITY" missed="0" covered="1"/><counter type="METHOD" missed="0" covered="1"/></method><method name="lambda$updateAllModels$17" desc="(Lorg/openapitools/codegen/CodegenModel;Lorg/openapitools/codegen/CodegenModel;Lorg/openapitools/codegen/CodegenProperty;)Z" line="528"><counter type="INSTRUCTION" missed="0" covered="26"/><counter type="BRANCH" missed="0" covered="2"/><counter type="LINE" missed="0" covered="6"/><counter type="COMPLEXITY" missed="0" covered="2"/><counter type="METHOD" missed="0" covered="1"/></method><method name="lambda$fromOperation$16" desc="(Lorg/openapitools/codegen/CodegenParameter;)Z" line="453"><counter type="INSTRUCTION" missed="0" covered="10"/><counter type="BRANCH" missed="0" covered="4"/><counter type="LINE" missed="0" covered="1"/><counter type="COMPLEXITY" missed="0" covered="3"/><counter type="METHOD" missed="0" covered="1"/></method><method name="lambda$fromOperation$15" desc="(Lorg/openapitools/codegen/CodegenParameter;)Ljava/lang/String;" line="427"><counter type="INSTRUCTION" missed="0" covered="4"/><counter type="LINE" missed="0" covered="1"/><counter type="COMPLEXITY" missed="0" covered="1"/><counter type="METHOD" missed="0" covered="1"/></method><method name="lambda$fromOperation$14" desc="(Lorg/openapitools/codegen/CodegenParameter;)Z" line="424"><counter type="INSTRUCTION" missed="0" covered="3"/><counter type="LINE" missed="0" covered="1"/><counter type="COMPLEXITY" missed="0" covered="1"/><counter type="METHOD" missed="0" covered="1"/></method><method name="lambda$fromOperation$13" desc="(Lorg/openapitools/codegen/CodegenOperation;Lorg/openapitools/codegen/CodegenParameter;)V" line="416"><counter type="INSTRUCTION" missed="0" covered="24"/><counter type="LINE" missed="0" covered="3"/><counter type="COMPLEXITY" missed="0" covered="1"/><counter type="METHOD" missed="0" covered="1"/></method><method name="lambda$fromOperation$12" desc="(Lorg/openapitools/codegen/CodegenParameter;)Z" line="415"><counter type="INSTRUCTION" missed="0" covered="7"/><counter type="BRANCH" missed="0" covered="2"/><counter type="LINE" missed="0" covered="1"/><counter type="COMPLEXITY" missed="0" covered="2"/><counter type="METHOD" missed="0" covered="1"/></method><method name="lambda$fromOperation$11" desc="(Lio/swagger/v3/oas/models/media/Content;)Z" line="389"><counter type="INSTRUCTION" missed="0" covered="4"/><counter type="LINE" missed="0" covered="1"/><counter type="COMPLEXITY" missed="0" covered="1"/><counter type="METHOD" missed="0" covered="1"/></method><method name="lambda$fromOperation$10" desc="(Ljava/util/Map;Lorg/openapitools/codegen/CodegenResponse;)V" line="373"><counter type="INSTRUCTION" missed="0" covered="9"/><counter type="LINE" missed="0" covered="1"/><counter type="COMPLEXITY" missed="0" covered="1"/><counter type="METHOD" missed="0" covered="1"/></method><method name="lambda$fromOperation$9" desc="(Ljava/util/Map;)Ljava/util/stream/Stream;" line="357"><counter type="INSTRUCTION" missed="0" covered="4"/><counter type="LINE" missed="0" covered="1"/><counter type="COMPLEXITY" missed="0" covered="1"/><counter type="METHOD" missed="0" covered="1"/></method><method name="lambda$fromOperation$8" desc="(Lorg/openapitools/codegen/CodegenResponse;)Z" line="342"><counter type="INSTRUCTION" missed="0" covered="3"/><counter type="LINE" missed="0" covered="1"/><counter type="COMPLEXITY" missed="0" covered="1"/><counter type="METHOD" missed="0" covered="1"/></method><method name="lambda$fromOperation$7" desc="(Lorg/openapitools/codegen/CodegenResponse;)Ljava/lang/String;" line="334"><counter type="INSTRUCTION" missed="0" covered="3"/><counter type="LINE" missed="0" covered="1"/><counter type="COMPLEXITY" missed="0" covered="1"/><counter type="METHOD" missed="0" covered="1"/></method><method name="lambda$fromOperation$6" desc="(Lorg/openapitools/codegen/CodegenResponse;)Ljava/lang/Integer;" line="332"><counter type="INSTRUCTION" missed="0" covered="5"/><counter type="LINE" missed="0" covered="1"/><counter type="COMPLEXITY" missed="0" covered="1"/><counter type="METHOD" missed="0" covered="1"/></method><method name="lambda$fromOperation$5" desc="(Lorg/openapitools/codegen/CodegenResponse;)Z" line="331"><counter type="INSTRUCTION" missed="0" covered="10"/><counter type="BRANCH" missed="0" covered="4"/><counter type="LINE" missed="0" covered="1"/><counter type="COMPLEXITY" missed="0" covered="3"/><counter type="METHOD" missed="0" covered="1"/></method><method name="lambda$processOpts$4" desc="(Ljava/lang/String;)V" line="311"><counter type="INSTRUCTION" missed="0" covered="7"/><counter type="LINE" missed="0" covered="1"/><counter type="COMPLEXITY" missed="0" covered="1"/><counter type="METHOD" missed="0" covered="1"/></method><method name="lambda$processOpts$3" desc="(Ljava/lang/String;)Z" line="310"><counter type="INSTRUCTION" missed="1" covered="6"/><counter type="BRANCH" missed="1" covered="1"/><counter type="LINE" missed="0" covered="1"/><counter type="COMPLEXITY" missed="1" covered="1"/><counter type="METHOD" missed="0" covered="1"/></method><method name="lambda$processOpts$2" desc="(Ljava/lang/String;Ljava/lang/String;)V" line="308"><counter type="INSTRUCTION" missed="0" covered="8"/><counter type="LINE" missed="0" covered="1"/><counter type="COMPLEXITY" missed="0" covered="1"/><counter type="METHOD" missed="0" covered="1"/></method><method name="lambda$processOpts$1" desc="(Ljava/lang/String;Ljava/lang/String;)Ljava/lang/String;" line="219"><counter type="INSTRUCTION" missed="0" covered="8"/><counter type="LINE" missed="0" covered="1"/><counter type="COMPLEXITY" missed="0" covered="1"/><counter type="METHOD" missed="0" covered="1"/></method><method name="lambda$processOpts$0" desc="(Ljava/lang/String;Ljava/lang/String;)Ljava/lang/Object;" line="219"><counter type="INSTRUCTION" missed="0" covered="2"/><counter type="LINE" missed="0" covered="1"/><counter type="COMPLEXITY" missed="0" covered="1"/><counter type="METHOD" missed="0" covered="1"/></method><method name="&lt;clinit&gt;" desc="()V" line="75"><counter type="INSTRUCTION" missed="0" covered="4"/><counter type="LINE" missed="0" covered="1"/><counter type="COMPLEXITY" missed="0" covered="1"/><counter type="METHOD" missed="0" covered="1"/></method><counter type="INSTRUCTION" missed="245" covered="3364"/><counter type="BRANCH" missed="80" covered="318"/><counter type="LINE" missed="28" covered="600"/><counter type="COMPLEXITY" missed="80" covered="186"/><counter type="METHOD" missed="4" covered="62"/><counter type="CLASS" missed="0" covered="1"/></class><sourcefile name="MicronautCodegen.java"><line nr="75" mi="0" ci="4" mb="0" cb="0"/><line nr="77" mi="0" ci="3" mb="0" cb="0"/><line nr="78" mi="0" ci="3" mb="0" cb="0"/><line nr="79" mi="0" ci="3" mb="0" cb="0"/><line nr="80" mi="0" ci="3" mb="0" cb="0"/><line nr="81" mi="0" ci="3" mb="0" cb="0"/><line nr="82" mi="0" ci="3" mb="0" cb="0"/><line nr="83" mi="0" ci="3" mb="0" cb="0"/><line nr="84" mi="0" ci="3" mb="0" cb="0"/><line nr="85" mi="0" ci="3" mb="0" cb="0"/><line nr="86" mi="0" ci="3" mb="0" cb="0"/><line nr="87" mi="0" ci="3" mb="0" cb="0"/><line nr="88" mi="0" ci="3" mb="0" cb="0"/><line nr="90" mi="0" ci="2" mb="0" cb="0"/><line nr="94" mi="0" ci="3" mb="0" cb="0"/><line nr="95" mi="0" ci="3" mb="0" cb="0"/><line nr="96" mi="0" ci="3" mb="0" cb="0"/><line nr="98" mi="0" ci="3" mb="0" cb="0"/><line nr="99" mi="0" ci="9" mb="0" cb="0"/><line nr="100" mi="0" ci="9" mb="0" cb="0"/><line nr="101" mi="0" ci="9" mb="0" cb="0"/><line nr="102" mi="0" ci="9" mb="0" cb="0"/><line nr="103" mi="0" ci="9" mb="0" cb="0"/><line nr="104" mi="0" ci="9" mb="0" cb="0"/><line nr="105" mi="0" ci="9" mb="0" cb="0"/><line nr="106" mi="0" ci="9" mb="0" cb="0"/><line nr="107" mi="0" ci="9" mb="0" cb="0"/><line nr="108" mi="0" ci="9" mb="0" cb="0"/><line nr="109" mi="0" ci="9" mb="0" cb="0"/><line nr="111" mi="0" ci="9" mb="0" cb="0"/><line nr="112" mi="0" ci="9" mb="0" cb="0"/><line nr="113" mi="0" ci="7" mb="0" cb="0"/><line nr="114" mi="0" ci="7" mb="0" cb="0"/><line nr="115" mi="0" ci="7" mb="0" cb="0"/><line nr="116" mi="0" ci="7" mb="0" cb="0"/><line nr="117" mi="0" ci="7" mb="0" cb="0"/><line nr="118" mi="0" ci="7" mb="0" cb="0"/><line nr="119" mi="0" ci="7" mb="0" cb="0"/><line nr="120" mi="0" ci="7" mb="0" cb="0"/><line nr="121" mi="0" ci="8" mb="0" cb="0"/><line nr="122" mi="0" ci="1" mb="0" cb="0"/><line nr="126" mi="0" ci="3" mb="0" cb="0"/><line nr="127" mi="0" ci="3" mb="0" cb="0"/><line nr="128" mi="0" ci="3" mb="0" cb="0"/><line nr="129" mi="0" ci="3" mb="0" cb="0"/><line nr="130" mi="0" ci="6" mb="0" cb="0"/><line nr="131" mi="0" ci="3" mb="0" cb="0"/><line nr="132" mi="0" ci="3" mb="0" cb="0"/><line nr="136" mi="0" ci="3" mb="0" cb="0"/><line nr="137" mi="0" ci="8" mb="0" cb="0"/><line nr="138" mi="0" ci="8" mb="0" cb="0"/><line nr="139" mi="0" ci="8" mb="0" cb="0"/><line nr="140" mi="0" ci="8" mb="0" cb="0"/><line nr="141" mi="0" ci="8" mb="0" cb="0"/><line nr="142" mi="0" ci="8" mb="0" cb="0"/><line nr="143" mi="0" ci="8" mb="0" cb="0"/><line nr="144" mi="0" ci="8" mb="0" cb="0"/><line nr="145" mi="0" ci="8" mb="0" cb="0"/><line nr="146" mi="0" ci="8" mb="0" cb="0"/><line nr="147" mi="0" ci="8" mb="0" cb="0"/><line nr="148" mi="0" ci="7" mb="0" cb="0"/><line nr="149" mi="0" ci="6" mb="0" cb="0"/><line nr="153" mi="0" ci="3" mb="0" cb="0"/><line nr="154" mi="0" ci="6" mb="0" cb="0"/><line nr="155" mi="0" ci="6" mb="0" cb="0"/><line nr="156" mi="0" ci="6" mb="0" cb="0"/><line nr="157" mi="0" ci="6" mb="0" cb="0"/><line nr="158" mi="0" ci="6" mb="0" cb="0"/><line nr="159" mi="0" ci="6" mb="0" cb="0"/><line nr="160" mi="0" ci="6" mb="0" cb="0"/><line nr="161" mi="0" ci="6" mb="0" cb="0"/><line nr="162" mi="0" ci="6" mb="0" cb="0"/><line nr="163" mi="0" ci="6" mb="0" cb="0"/><line nr="164" mi="0" ci="6" mb="0" cb="0"/><line nr="165" mi="0" ci="6" mb="0" cb="0"/><line nr="166" mi="0" ci="6" mb="0" cb="0"/><line nr="167" mi="0" ci="6" mb="0" cb="0"/><line nr="168" mi="0" ci="6" mb="0" cb="0"/><line nr="169" mi="0" ci="6" mb="0" cb="0"/><line nr="170" mi="0" ci="6" mb="0" cb="0"/><line nr="171" mi="0" ci="6" mb="0" cb="0"/><line nr="172" mi="0" ci="6" mb="0" cb="0"/><line nr="173" mi="0" ci="6" mb="0" cb="0"/><line nr="174" mi="0" ci="6" mb="0" cb="0"/><line nr="175" mi="0" ci="6" mb="0" cb="0"/><line nr="176" mi="0" ci="6" mb="0" cb="0"/><line nr="177" mi="0" ci="6" mb="0" cb="0"/><line nr="178" mi="0" ci="6" mb="0" cb="0"/><line nr="179" mi="0" ci="6" mb="0" cb="0"/><line nr="180" mi="0" ci="6" mb="0" cb="0"/><line nr="181" mi="0" ci="6" mb="0" cb="0"/><line nr="182" mi="0" ci="6" mb="0" cb="0"/><line nr="183" mi="0" ci="6" mb="0" cb="0"/><line nr="184" mi="0" ci="6" mb="0" cb="0"/><line nr="185" mi="0" ci="6" mb="0" cb="0"/><line nr="186" mi="0" ci="6" mb="0" cb="0"/><line nr="187" mi="0" ci="6" mb="0" cb="0"/><line nr="188" mi="0" ci="6" mb="0" cb="0"/><line nr="189" mi="0" ci="6" mb="0" cb="0"/><line nr="190" mi="0" ci="6" mb="0" cb="0"/><line nr="191" mi="0" ci="6" mb="0" cb="0"/><line nr="192" mi="0" ci="3" mb="0" cb="0"/><line nr="193" mi="0" ci="6" mb="0" cb="0"/><line nr="194" mi="0" ci="6" mb="0" cb="0"/><line nr="195" mi="0" ci="6" mb="0" cb="0"/><line nr="196" mi="0" ci="3" mb="0" cb="0"/><line nr="200" mi="0" ci="5" mb="0" cb="0"/><line nr="201" mi="0" ci="5" mb="0" cb="0"/><line nr="202" mi="0" ci="5" mb="0" cb="0"/><line nr="203" mi="0" ci="1" mb="0" cb="0"/><line nr="207" mi="0" ci="2" mb="0" cb="0"/><line nr="212" mi="0" ci="1" mb="0" cb="0"/><line nr="216" mi="0" ci="2" mb="0" cb="0"/><line nr="218" mi="0" ci="3" mb="0" cb="0"/><line nr="219" mi="0" ci="10" mb="0" cb="0"/><line nr="223" mi="0" ci="6" mb="0" cb="0"/><line nr="224" mi="0" ci="7" mb="0" cb="0"/><line nr="225" mi="0" ci="7" mb="0" cb="0"/><line nr="226" mi="0" ci="7" mb="0" cb="0"/><line nr="227" mi="0" ci="15" mb="0" cb="2"/><line nr="231" mi="0" ci="5" mb="1" cb="1"/><line nr="232" mi="0" ci="5" mb="0" cb="0"/><line nr="234" mi="0" ci="5" mb="0" cb="2"/><line nr="235" mi="0" ci="5" mb="0" cb="0"/><line nr="237" mi="0" ci="5" mb="1" cb="1"/><line nr="238" mi="0" ci="5" mb="0" cb="0"/><line nr="240" mi="0" ci="5" mb="1" cb="1"/><line nr="241" mi="0" ci="5" mb="0" cb="0"/><line nr="243" mi="0" ci="5" mb="1" cb="1"/><line nr="244" mi="0" ci="5" mb="0" cb="0"/><line nr="246" mi="0" ci="5" mb="1" cb="1"/><line nr="247" mi="0" ci="5" mb="0" cb="0"/><line nr="249" mi="0" ci="5" mb="1" cb="1"/><line nr="250" mi="0" ci="5" mb="0" cb="0"/><line nr="252" mi="0" ci="5" mb="1" cb="1"/><line nr="253" mi="0" ci="5" mb="0" cb="0"/><line nr="255" mi="0" ci="5" mb="1" cb="1"/><line nr="256" mi="0" ci="5" mb="0" cb="0"/><line nr="261" mi="0" ci="6" mb="0" cb="0"/><line nr="262" mi="0" ci="6" mb="0" cb="0"/><line nr="263" mi="0" ci="6" mb="0" cb="0"/><line nr="264" mi="0" ci="6" mb="0" cb="0"/><line nr="265" mi="0" ci="6" mb="0" cb="0"/><line nr="266" mi="0" ci="6" mb="0" cb="0"/><line nr="267" mi="0" ci="6" mb="0" cb="0"/><line nr="268" mi="0" ci="6" mb="0" cb="0"/><line nr="269" mi="0" ci="6" mb="0" cb="0"/><line nr="270" mi="0" ci="6" mb="0" cb="0"/><line nr="271" mi="0" ci="6" mb="0" cb="0"/><line nr="275" mi="0" ci="3" mb="0" cb="0"/><line nr="276" mi="0" ci="7" mb="0" cb="0"/><line nr="277" mi="0" ci="7" mb="0" cb="0"/><line nr="278" mi="0" ci="10" mb="0" cb="0"/><line nr="279" mi="0" ci="10" mb="0" cb="0"/><line nr="283" mi="0" ci="5" mb="0" cb="2"/><line nr="284" mi="0" ci="7" mb="0" cb="0"/><line nr="286" mi="0" ci="6" mb="0" cb="0"/><line nr="287" mi="0" ci="3" mb="1" cb="1"/><line nr="288" mi="7" ci="0" mb="0" cb="0"/><line nr="290" mi="0" ci="8" mb="1" cb="3"/><line nr="291" mi="0" ci="6" mb="0" cb="0"/><line nr="292" mi="0" ci="6" mb="0" cb="0"/><line nr="293" mi="0" ci="7" mb="0" cb="0"/><line nr="296" mi="0" ci="3" mb="0" cb="2"/><line nr="297" mi="0" ci="6" mb="0" cb="0"/><line nr="302" mi="0" ci="9" mb="0" cb="0"/><line nr="303" mi="0" ci="9" mb="0" cb="0"/><line nr="304" mi="0" ci="9" mb="0" cb="0"/><line nr="305" mi="0" ci="9" mb="0" cb="0"/><line nr="306" mi="0" ci="9" mb="0" cb="0"/><line nr="307" mi="0" ci="9" mb="0" cb="0"/><line nr="308" mi="0" ci="13" mb="0" cb="0"/><line nr="309" mi="0" ci="7" mb="0" cb="0"/><line nr="310" mi="1" ci="9" mb="1" cb="1"/><line nr="311" mi="0" ci="8" mb="0" cb="0"/><line nr="312" mi="0" ci="1" mb="0" cb="0"/><line nr="317" mi="0" ci="7" mb="0" cb="0"/><line nr="318" mi="0" ci="8" mb="0" cb="2"/><line nr="322" mi="0" ci="6" mb="1" cb="1"/><line nr="323" mi="5" ci="0" mb="0" cb="0"/><line nr="325" mi="0" ci="6" mb="1" cb="1"/><line nr="326" mi="5" ci="0" mb="0" cb="0"/><line nr="331" mi="0" ci="17" mb="0" cb="4"/><line nr="332" mi="0" ci="11" mb="0" cb="0"/><line nr="333" mi="0" ci="3" mb="0" cb="0"/><line nr="334" mi="0" ci="11" mb="0" cb="0"/><line nr="336" mi="0" ci="6" mb="0" cb="4"/><line nr="337" mi="0" ci="6" mb="0" cb="0"/><line nr="339" mi="0" ci="2" mb="0" cb="0"/><line nr="342" mi="0" ci="10" mb="0" cb="4"/><line nr="343" mi="0" ci="5" mb="0" cb="0"/><line nr="344" mi="0" ci="2" mb="0" cb="0"/><line nr="347" mi="0" ci="7" mb="0" cb="4"/><line nr="348" mi="0" ci="18" mb="0" cb="0"/><line nr="350" mi="0" ci="3" mb="0" cb="0"/><line nr="353" mi="0" ci="9" mb="0" cb="6"/><line nr="354" mi="0" ci="10" mb="0" cb="0"/><line nr="355" mi="0" ci="8" mb="0" cb="0"/><line nr="356" mi="0" ci="4" mb="0" cb="2"/><line nr="357" mi="0" ci="12" mb="0" cb="0"/><line nr="358" mi="0" ci="6" mb="0" cb="0"/><line nr="360" mi="0" ci="3" mb="0" cb="0"/><line nr="361" mi="0" ci="2" mb="0" cb="0"/><line nr="367" mi="0" ci="3" mb="0" cb="0"/><line nr="368" mi="0" ci="13" mb="0" cb="0"/><line nr="369" mi="0" ci="6" mb="0" cb="0"/><line nr="370" mi="0" ci="4" mb="0" cb="2"/><line nr="371" mi="0" ci="11" mb="0" cb="0"/><line nr="373" mi="0" ci="14" mb="0" cb="0"/><line nr="377" mi="0" ci="9" mb="0" cb="0"/><line nr="378" mi="0" ci="5" mb="1" cb="3"/><line nr="379" mi="0" ci="7" mb="0" cb="0"/><line nr="380" mi="0" ci="7" mb="0" cb="0"/><line nr="385" mi="0" ci="3" mb="0" cb="2"/><line nr="386" mi="0" ci="7" mb="0" cb="2"/><line nr="387" mi="0" ci="7" mb="0" cb="0"/><line nr="388" mi="0" ci="2" mb="0" cb="0"/><line nr="389" mi="0" ci="5" mb="0" cb="0"/><line nr="390" mi="0" ci="2" mb="0" cb="0"/><line nr="391" mi="0" ci="8" mb="0" cb="0"/><line nr="392" mi="0" ci="6" mb="0" cb="0"/><line nr="393" mi="0" ci="2" mb="0" cb="2"/><line nr="394" mi="0" ci="2" mb="0" cb="2"/><line nr="395" mi="0" ci="6" mb="0" cb="0"/><line nr="396" mi="0" ci="4" mb="1" cb="1"/><line nr="397" mi="0" ci="7" mb="0" cb="0"/><line nr="399" mi="5" ci="0" mb="0" cb="0"/><line nr="401" mi="0" ci="10" mb="0" cb="2"/><line nr="402" mi="0" ci="8" mb="0" cb="0"/><line nr="405" mi="0" ci="2" mb="1" cb="1"/><line nr="406" mi="8" ci="0" mb="0" cb="0"/><line nr="412" mi="0" ci="7" mb="0" cb="0"/><line nr="413" mi="0" ci="2" mb="0" cb="0"/><line nr="415" mi="0" ci="15" mb="0" cb="2"/><line nr="416" mi="0" ci="20" mb="0" cb="0"/><line nr="418" mi="0" ci="3" mb="0" cb="0"/><line nr="419" mi="0" ci="1" mb="0" cb="0"/><line nr="423" mi="0" ci="3" mb="0" cb="0"/><line nr="424" mi="0" ci="10" mb="0" cb="0"/><line nr="425" mi="0" ci="3" mb="0" cb="2"/><line nr="426" mi="0" ci="3" mb="0" cb="0"/><line nr="427" mi="0" ci="12" mb="0" cb="0"/><line nr="429" mi="0" ci="5" mb="0" cb="0"/><line nr="433" mi="0" ci="3" mb="0" cb="0"/><line nr="434" mi="0" ci="11" mb="0" cb="2"/><line nr="435" mi="0" ci="3" mb="0" cb="0"/><line nr="436" mi="0" ci="3" mb="0" cb="2"/><line nr="437" mi="0" ci="8" mb="0" cb="0"/><line nr="438" mi="0" ci="6" mb="0" cb="4"/><line nr="439" mi="0" ci="8" mb="0" cb="0"/><line nr="440" mi="0" ci="3" mb="0" cb="2"/><line nr="441" mi="0" ci="8" mb="0" cb="0"/><line nr="442" mi="0" ci="3" mb="0" cb="2"/><line nr="443" mi="0" ci="10" mb="0" cb="0"/><line nr="444" mi="0" ci="8" mb="1" cb="3"/><line nr="445" mi="0" ci="9" mb="0" cb="0"/><line nr="447" mi="0" ci="1" mb="0" cb="0"/><line nr="448" mi="0" ci="5" mb="0" cb="0"/><line nr="452" mi="0" ci="6" mb="0" cb="0"/><line nr="453" mi="0" ci="14" mb="0" cb="4"/><line nr="455" mi="0" ci="2" mb="0" cb="0"/><line nr="460" mi="0" ci="5" mb="0" cb="0"/><line nr="465" mi="0" ci="7" mb="0" cb="0"/><line nr="467" mi="0" ci="2" mb="0" cb="0"/><line nr="472" mi="0" ci="4" mb="0" cb="0"/><line nr="474" mi="0" ci="4" mb="0" cb="0"/><line nr="475" mi="0" ci="11" mb="0" cb="2"/><line nr="477" mi="0" ci="4" mb="1" cb="1"/><line nr="478" mi="7" ci="0" mb="0" cb="0"/><line nr="483" mi="0" ci="6" mb="1" cb="3"/><line nr="484" mi="0" ci="10" mb="0" cb="0"/><line nr="486" mi="0" ci="2" mb="0" cb="0"/><line nr="491" mi="0" ci="7" mb="1" cb="3"/><line nr="492" mi="0" ci="14" mb="0" cb="0"/><line nr="493" mi="0" ci="3" mb="0" cb="0"/><line nr="494" mi="0" ci="6" mb="0" cb="0"/><line nr="495" mi="0" ci="11" mb="0" cb="2"/><line nr="496" mi="0" ci="3" mb="0" cb="2"/><line nr="497" mi="0" ci="5" mb="0" cb="0"/><line nr="499" mi="0" ci="5" mb="0" cb="0"/><line nr="500" mi="0" ci="1" mb="0" cb="0"/><line nr="501" mi="0" ci="5" mb="0" cb="0"/><line nr="502" mi="0" ci="5" mb="0" cb="0"/><line nr="503" mi="0" ci="3" mb="0" cb="0"/><line nr="508" mi="0" ci="3" mb="0" cb="0"/><line nr="509" mi="0" ci="3" mb="0" cb="0"/><line nr="510" mi="0" ci="3" mb="0" cb="0"/><line nr="511" mi="0" ci="3" mb="0" cb="0"/><line nr="512" mi="0" ci="3" mb="0" cb="0"/><line nr="513" mi="0" ci="3" mb="0" cb="2"/><line nr="514" mi="0" ci="11" mb="0" cb="2"/><line nr="517" mi="0" ci="3" mb="0" cb="2"/><line nr="518" mi="0" ci="5" mb="0" cb="0"/><line nr="520" mi="0" ci="5" mb="0" cb="2"/><line nr="521" mi="0" ci="7" mb="0" cb="0"/><line nr="522" mi="0" ci="5" mb="0" cb="0"/><line nr="523" mi="0" ci="3" mb="0" cb="0"/><line nr="527" mi="0" ci="7" mb="0" cb="0"/><line nr="528" mi="0" ci="4" mb="0" cb="0"/><line nr="529" mi="0" ci="2" mb="0" cb="0"/><line nr="530" mi="0" ci="7" mb="0" cb="0"/><line nr="531" mi="0" ci="2" mb="0" cb="2"/><line nr="532" mi="0" ci="9" mb="0" cb="0"/><line nr="535" mi="0" ci="2" mb="0" cb="0"/><line nr="537" mi="0" ci="1" mb="0" cb="0"/><line nr="542" mi="0" ci="3" mb="0" cb="0"/><line nr="543" mi="0" ci="2" mb="0" cb="2"/><line nr="544" mi="0" ci="1" mb="0" cb="0"/><line nr="549" mi="0" ci="5" mb="0" cb="0"/><line nr="550" mi="0" ci="7" mb="0" cb="0"/><line nr="551" mi="0" ci="5" mb="0" cb="0"/><line nr="552" mi="0" ci="4" mb="0" cb="0"/><line nr="553" mi="0" ci="5" mb="0" cb="0"/><line nr="554" mi="0" ci="1" mb="0" cb="0"/><line nr="558" mi="0" ci="11" mb="0" cb="2"/><line nr="560" mi="0" ci="6" mb="0" cb="0"/><line nr="561" mi="0" ci="2" mb="1" cb="1"/><line nr="562" mi="13" ci="0" mb="0" cb="0"/><line nr="563" mi="7" ci="0" mb="0" cb="0"/><line nr="564" mi="1" ci="0" mb="0" cb="0"/><line nr="566" mi="0" ci="12" mb="0" cb="0"/><line nr="567" mi="0" ci="12" mb="0" cb="0"/><line nr="569" mi="0" ci="3" mb="0" cb="0"/><line nr="570" mi="0" ci="6" mb="0" cb="0"/><line nr="571" mi="0" ci="6" mb="0" cb="0"/><line nr="572" mi="0" ci="6" mb="0" cb="0"/><line nr="573" mi="0" ci="13" mb="2" cb="2"/><line nr="574" mi="0" ci="4" mb="0" cb="0"/><line nr="575" mi="3" ci="0" mb="0" cb="0"/><line nr="576" mi="3" ci="0" mb="0" cb="0"/><line nr="577" mi="0" ci="8" mb="0" cb="0"/><line nr="579" mi="0" ci="1" mb="0" cb="0"/><line nr="580" mi="0" ci="1" mb="0" cb="0"/><line nr="584" mi="0" ci="11" mb="0" cb="2"/><line nr="585" mi="0" ci="10" mb="0" cb="6"/><line nr="587" mi="0" ci="2" mb="0" cb="0"/><line nr="588" mi="0" ci="4" mb="0" cb="0"/><line nr="589" mi="0" ci="8" mb="0" cb="0"/><line nr="590" mi="0" ci="8" mb="0" cb="0"/><line nr="591" mi="0" ci="8" mb="0" cb="0"/><line nr="592" mi="0" ci="3" mb="0" cb="0"/><line nr="593" mi="0" ci="3" mb="0" cb="0"/><line nr="594" mi="0" ci="8" mb="0" cb="0"/><line nr="595" mi="0" ci="4" mb="0" cb="0"/><line nr="596" mi="0" ci="3" mb="0" cb="0"/><line nr="598" mi="0" ci="4" mb="0" cb="0"/><line nr="599" mi="0" ci="7" mb="0" cb="0"/><line nr="600" mi="0" ci="6" mb="0" cb="0"/><line nr="601" mi="0" ci="9" mb="0" cb="0"/><line nr="602" mi="0" ci="7" mb="0" cb="0"/><line nr="605" mi="0" ci="5" mb="0" cb="0"/><line nr="608" mi="0" ci="1" mb="0" cb="0"/><line nr="610" mi="0" ci="2" mb="0" cb="0"/><line nr="615" mi="0" ci="6" mb="0" cb="4"/><line nr="616" mi="0" ci="12" mb="0" cb="2"/><line nr="618" mi="0" ci="9" mb="0" cb="6"/><line nr="619" mi="0" ci="7" mb="0" cb="0"/><line nr="621" mi="0" ci="9" mb="0" cb="0"/><line nr="622" mi="0" ci="10" mb="0" cb="4"/><line nr="624" mi="0" ci="2" mb="1" cb="1"/><line nr="625" mi="0" ci="10" mb="0" cb="0"/><line nr="629" mi="0" ci="6" mb="0" cb="2"/><line nr="630" mi="0" ci="8" mb="0" cb="6"/><line nr="633" mi="0" ci="13" mb="0" cb="0"/><line nr="634" mi="0" ci="3" mb="0" cb="0"/><line nr="635" mi="0" ci="4" mb="0" cb="0"/><line nr="636" mi="0" ci="2" mb="0" cb="0"/><line nr="637" mi="0" ci="3" mb="0" cb="2"/><line nr="638" mi="0" ci="4" mb="0" cb="0"/><line nr="639" mi="0" ci="17" mb="0" cb="0"/><line nr="642" mi="0" ci="1" mb="0" cb="0"/><line nr="646" mi="0" ci="10" mb="2" cb="4"/><line nr="647" mi="0" ci="6" mb="0" cb="0"/><line nr="649" mi="0" ci="10" mb="2" cb="4"/><line nr="650" mi="0" ci="6" mb="0" cb="0"/><line nr="652" mi="0" ci="1" mb="0" cb="0"/><line nr="656" mi="0" ci="4" mb="0" cb="0"/><line nr="658" mi="0" ci="9" mb="0" cb="6"/><line nr="659" mi="0" ci="7" mb="0" cb="0"/><line nr="661" mi="0" ci="12" mb="1" cb="5"/><line nr="662" mi="0" ci="10" mb="0" cb="0"/><line nr="664" mi="0" ci="1" mb="0" cb="0"/><line nr="668" mi="0" ci="12" mb="1" cb="3"/><line nr="673" mi="0" ci="4" mb="0" cb="0"/><line nr="674" mi="0" ci="6" mb="0" cb="2"/><line nr="675" mi="0" ci="6" mb="0" cb="4"/><line nr="676" mi="0" ci="5" mb="0" cb="0"/><line nr="677" mi="0" ci="4" mb="0" cb="0"/><line nr="678" mi="0" ci="13" mb="0" cb="0"/><line nr="679" mi="0" ci="4" mb="0" cb="0"/><line nr="680" mi="0" ci="11" mb="0" cb="2"/><line nr="681" mi="0" ci="14" mb="0" cb="0"/><line nr="683" mi="0" ci="4" mb="0" cb="0"/><line nr="688" mi="0" ci="5" mb="0" cb="4"/><line nr="689" mi="0" ci="5" mb="0" cb="0"/><line nr="691" mi="0" ci="5" mb="0" cb="0"/><line nr="696" mi="3" ci="2" mb="3" cb="1"/><line nr="697" mi="5" ci="0" mb="0" cb="0"/><line nr="699" mi="0" ci="4" mb="0" cb="0"/><line nr="709" mi="0" ci="1" mb="0" cb="0"/><line nr="710" mi="0" ci="4" mb="0" cb="0"/><line nr="711" mi="0" ci="7" mb="0" cb="0"/><line nr="712" mi="0" ci="12" mb="0" cb="0"/><line nr="713" mi="0" ci="2" mb="0" cb="0"/><line nr="717" mi="0" ci="3" mb="0" cb="2"/><line nr="718" mi="0" ci="5" mb="0" cb="0"/><line nr="720" mi="0" ci="3" mb="0" cb="2"/><line nr="721" mi="0" ci="6" mb="0" cb="0"/><line nr="723" mi="0" ci="3" mb="0" cb="2"/><line nr="724" mi="0" ci="6" mb="0" cb="0"/><line nr="726" mi="0" ci="3" mb="0" cb="2"/><line nr="727" mi="0" ci="6" mb="0" cb="0"/><line nr="729" mi="0" ci="6" mb="1" cb="3"/><line nr="730" mi="0" ci="5" mb="0" cb="0"/><line nr="732" mi="0" ci="3" mb="0" cb="2"/><line nr="733" mi="3" ci="7" mb="0" cb="0"/><line nr="736" mi="0" ci="3" mb="0" cb="2"/><line nr="737" mi="0" ci="8" mb="1" cb="1"/><line nr="738" mi="11" ci="0" mb="0" cb="0"/><line nr="741" mi="0" ci="2" mb="0" cb="0"/><line nr="743" mi="0" ci="3" mb="0" cb="2"/><line nr="744" mi="0" ci="8" mb="1" cb="1"/><line nr="745" mi="11" ci="0" mb="0" cb="0"/><line nr="748" mi="0" ci="2" mb="0" cb="0"/><line nr="750" mi="0" ci="6" mb="0" cb="4"/><line nr="751" mi="0" ci="5" mb="0" cb="0"/><line nr="753" mi="0" ci="3" mb="1" cb="1"/><line nr="754" mi="5" ci="0" mb="0" cb="0"/><line nr="756" mi="0" ci="3" mb="0" cb="2"/><line nr="757" mi="3" ci="8" mb="0" cb="0"/><line nr="759" mi="0" ci="3" mb="1" cb="1"/><line nr="760" mi="6" ci="0" mb="0" cb="0"/><line nr="762" mi="0" ci="3" mb="0" cb="2"/><line nr="763" mi="0" ci="6" mb="0" cb="0"/><line nr="765" mi="0" ci="3" mb="0" cb="2"/><line nr="766" mi="0" ci="6" mb="0" cb="0"/><line nr="769" mi="0" ci="3" mb="0" cb="2"/><line nr="770" mi="0" ci="3" mb="0" cb="0"/><line nr="771" mi="0" ci="10" mb="0" cb="0"/><line nr="772" mi="1" ci="8" mb="1" cb="1"/><line nr="773" mi="0" ci="5" mb="0" cb="0"/><line nr="774" mi="0" ci="4" mb="0" cb="0"/><line nr="775" mi="0" ci="6" mb="0" cb="0"/><line nr="776" mi="0" ci="5" mb="0" cb="0"/><line nr="777" mi="0" ci="5" mb="0" cb="0"/><line nr="778" mi="0" ci="3" mb="0" cb="0"/><line nr="780" mi="0" ci="3" mb="0" cb="2"/><line nr="781" mi="0" ci="16" mb="0" cb="0"/><line nr="783" mi="0" ci="3" mb="0" cb="2"/><line nr="784" mi="0" ci="16" mb="0" cb="0"/><line nr="788" mi="0" ci="2" mb="0" cb="0"/><line nr="795" mi="0" ci="3" mb="0" cb="0"/><line nr="800" mi="0" ci="8" mb="0" cb="0"/><line nr="805" mi="0" ci="7" mb="0" cb="2"/><line nr="806" mi="0" ci="2" mb="0" cb="0"/><line nr="808" mi="0" ci="7" mb="1" cb="1"/><line nr="809" mi="3" ci="0" mb="0" cb="0"/><line nr="811" mi="0" ci="7" mb="1" cb="1"/><line nr="812" mi="3" ci="0" mb="0" cb="0"/><line nr="814" mi="0" ci="7" mb="0" cb="2"/><line nr="815" mi="0" ci="3" mb="0" cb="0"/><line nr="817" mi="0" ci="5" mb="0" cb="0"/><line nr="824" mi="0" ci="3" mb="0" cb="0"/><line nr="825" mi="0" ci="1" mb="0" cb="0"/><line nr="829" mi="0" ci="3" mb="0" cb="0"/><line nr="830" mi="0" ci="1" mb="0" cb="0"/><line nr="834" mi="0" ci="3" mb="0" cb="0"/><line nr="835" mi="0" ci="1" mb="0" cb="0"/><line nr="838" mi="0" ci="3" mb="0" cb="0"/><line nr="839" mi="0" ci="1" mb="0" cb="0"/><line nr="844" mi="0" ci="3" mb="0" cb="0"/><line nr="845" mi="0" ci="8" mb="0" cb="0"/><line nr="846" mi="0" ci="6" mb="0" cb="0"/><line nr="847" mi="0" ci="5" mb="0" cb="2"/><line nr="848" mi="0" ci="5" mb="0" cb="0"/><line nr="850" mi="0" ci="1" mb="0" cb="0"/><line nr="853" mi="0" ci="4" mb="0" cb="0"/><line nr="855" mi="0" ci="4" mb="0" cb="0"/><line nr="856" mi="2" ci="10" mb="1" cb="1"/><line nr="857" mi="2" ci="10" mb="1" cb="1"/><line nr="858" mi="3" ci="7" mb="1" cb="1"/><line nr="859" mi="2" ci="10" mb="1" cb="1"/><line nr="860" mi="2" ci="10" mb="1" cb="1"/><line nr="861" mi="2" ci="10" mb="1" cb="1"/><line nr="862" mi="0" ci="4" mb="0" cb="0"/><line nr="863" mi="2" ci="10" mb="1" cb="1"/><line nr="864" mi="0" ci="4" mb="0" cb="0"/><line nr="865" mi="0" ci="4" mb="0" cb="0"/><line nr="866" mi="0" ci="4" mb="0" cb="0"/><line nr="867" mi="0" ci="4" mb="0" cb="0"/><line nr="868" mi="0" ci="4" mb="0" cb="0"/><line nr="869" mi="0" ci="4" mb="0" cb="0"/><line nr="870" mi="0" ci="4" mb="0" cb="0"/><line nr="871" mi="0" ci="4" mb="0" cb="0"/><line nr="872" mi="0" ci="4" mb="0" cb="0"/><line nr="873" mi="0" ci="4" mb="0" cb="0"/><line nr="874" mi="0" ci="4" mb="0" cb="0"/><line nr="875" mi="0" ci="4" mb="0" cb="0"/><line nr="876" mi="0" ci="4" mb="0" cb="0"/><line nr="877" mi="0" ci="4" mb="0" cb="0"/><line nr="878" mi="0" ci="4" mb="0" cb="0"/><line nr="879" mi="0" ci="4" mb="0" cb="0"/><line nr="880" mi="0" ci="4" mb="0" cb="0"/><line nr="881" mi="2" ci="10" mb="1" cb="1"/><line nr="882" mi="5" ci="7" mb="1" cb="1"/><line nr="883" mi="5" ci="7" mb="1" cb="1"/><line nr="884" mi="0" ci="4" mb="0" cb="0"/><line nr="885" mi="0" ci="4" mb="0" cb="0"/><line nr="886" mi="0" ci="4" mb="0" cb="0"/><line nr="887" mi="0" ci="4" mb="0" cb="0"/><line nr="888" mi="0" ci="4" mb="0" cb="0"/><line nr="889" mi="0" ci="4" mb="0" cb="0"/><line nr="890" mi="0" ci="4" mb="0" cb="0"/><line nr="891" mi="0" ci="4" mb="0" cb="0"/><line nr="892" mi="0" ci="4" mb="0" cb="0"/><line nr="893" mi="0" ci="4" mb="0" cb="0"/><line nr="894" mi="0" ci="4" mb="0" cb="0"/><line nr="895" mi="0" ci="4" mb="0" cb="0"/><line nr="896" mi="0" ci="4" mb="0" cb="0"/><line nr="897" mi="0" ci="4" mb="0" cb="0"/><line nr="898" mi="0" ci="4" mb="0" cb="0"/><line nr="899" mi="0" ci="4" mb="0" cb="0"/><line nr="900" mi="0" ci="4" mb="0" cb="0"/><line nr="901" mi="0" ci="4" mb="0" cb="0"/><line nr="902" mi="0" ci="4" mb="0" cb="0"/><line nr="903" mi="0" ci="4" mb="0" cb="0"/><line nr="904" mi="0" ci="4" mb="0" cb="0"/><line nr="905" mi="0" ci="4" mb="0" cb="0"/><line nr="906" mi="0" ci="4" mb="0" cb="0"/><line nr="907" mi="0" ci="4" mb="0" cb="0"/><line nr="908" mi="0" ci="4" mb="0" cb="0"/><line nr="909" mi="0" ci="4" mb="0" cb="0"/><line nr="910" mi="2" ci="10" mb="1" cb="1"/><line nr="911" mi="2" ci="10" mb="1" cb="1"/><line nr="912" mi="2" ci="10" mb="1" cb="1"/><line nr="913" mi="0" ci="4" mb="0" cb="0"/><line nr="914" mi="0" ci="4" mb="0" cb="0"/><line nr="915" mi="2" ci="10" mb="1" cb="1"/><line nr="916" mi="0" ci="4" mb="0" cb="0"/><line nr="917" mi="2" ci="10" mb="1" cb="1"/><line nr="918" mi="2" ci="10" mb="1" cb="1"/><line nr="919" mi="2" ci="10" mb="1" cb="1"/><line nr="920" mi="2" ci="10" mb="1" cb="1"/><line nr="921" mi="5" ci="7" mb="1" cb="1"/><line nr="922" mi="0" ci="4" mb="0" cb="0"/><line nr="923" mi="0" ci="4" mb="0" cb="0"/><line nr="924" mi="2" ci="10" mb="1" cb="1"/><line nr="925" mi="2" ci="10" mb="1" cb="1"/><line nr="926" mi="0" ci="4" mb="0" cb="0"/><line nr="927" mi="0" ci="4" mb="0" cb="0"/><line nr="928" mi="0" ci="4" mb="0" cb="0"/><line nr="930" mi="0" ci="4" mb="0" cb="0"/><line nr="931" mi="0" ci="4" mb="0" cb="0"/><line nr="932" mi="0" ci="4" mb="0" cb="0"/><line nr="934" mi="0" ci="2" mb="0" cb="0"/><line nr="938" mi="0" ci="4" mb="0" cb="0"/><line nr="939" mi="0" ci="3" mb="1" cb="1"/><line nr="940" mi="2" ci="0" mb="0" cb="0"/><line nr="942" mi="0" ci="3" mb="0" cb="2"/><line nr="943" mi="0" ci="4" mb="0" cb="0"/><line nr="945" mi="0" ci="4" mb="0" cb="2"/><line nr="946" mi="0" ci="3" mb="1" cb="1"/><line nr="947" mi="0" ci="2" mb="1" cb="1"/><line nr="948" mi="0" ci="7" mb="1" cb="3"/><line nr="949" mi="0" ci="4" mb="0" cb="0"/><line nr="950" mi="0" ci="5" mb="0" cb="0"/><line nr="952" mi="0" ci="3" mb="0" cb="2"/><line nr="953" mi="0" ci="4" mb="0" cb="0"/><line nr="955" mi="0" ci="6" mb="0" cb="4"/><line nr="956" mi="0" ci="5" mb="0" cb="0"/><line nr="957" mi="0" ci="2" mb="0" cb="0"/><line nr="958" mi="0" ci="2" mb="0" cb="0"/><line nr="959" mi="0" ci="3" mb="0" cb="2"/><line nr="960" mi="0" ci="7" mb="0" cb="0"/><line nr="961" mi="0" ci="3" mb="0" cb="2"/><line nr="962" mi="0" ci="7" mb="0" cb="0"/><line nr="964" mi="0" ci="3" mb="0" cb="2"/><line nr="965" mi="0" ci="3" mb="0" cb="2"/><line nr="966" mi="0" ci="4" mb="0" cb="0"/><line nr="967" mi="0" ci="3" mb="0" cb="0"/><line nr="968" mi="0" ci="12" mb="0" cb="2"/><line nr="970" mi="0" ci="3" mb="0" cb="2"/><line nr="971" mi="0" ci="5" mb="0" cb="0"/><line nr="972" mi="0" ci="3" mb="0" cb="0"/><line nr="973" mi="0" ci="12" mb="0" cb="2"/><line nr="975" mi="0" ci="3" mb="0" cb="2"/><line nr="976" mi="0" ci="3" mb="0" cb="2"/><line nr="977" mi="0" ci="7" mb="0" cb="0"/><line nr="979" mi="0" ci="3" mb="0" cb="2"/><line nr="980" mi="0" ci="8" mb="0" cb="0"/><line nr="982" mi="0" ci="6" mb="2" cb="2"/><line nr="983" mi="0" ci="4" mb="0" cb="0"/><line nr="985" mi="0" ci="2" mb="0" cb="0"/><line nr="989" mi="0" ci="4" mb="0" cb="0"/><line nr="990" mi="0" ci="3" mb="0" cb="2"/><line nr="991" mi="0" ci="2" mb="0" cb="0"/><line nr="993" mi="0" ci="3" mb="0" cb="2"/><line nr="994" mi="4" ci="3" mb="3" cb="1"/><line nr="995" mi="7" ci="0" mb="0" cb="0"/><line nr="996" mi="2" ci="0" mb="0" cb="0"/><line nr="998" mi="0" ci="3" mb="1" cb="1"/><line nr="999" mi="4" ci="0" mb="0" cb="0"/><line nr="1001" mi="0" ci="6" mb="1" cb="3"/><line nr="1002" mi="9" ci="0" mb="0" cb="0"/><line nr="1005" mi="0" ci="3" mb="0" cb="2"/><line nr="1006" mi="0" ci="7" mb="0" cb="0"/><line nr="1007" mi="0" ci="3" mb="1" cb="1"/><line nr="1008" mi="7" ci="0" mb="0" cb="0"/><line nr="1011" mi="0" ci="3" mb="0" cb="2"/><line nr="1012" mi="0" ci="3" mb="1" cb="1"/><line nr="1013" mi="6" ci="0" mb="0" cb="0"/><line nr="1015" mi="13" ci="0" mb="2" cb="0"/><line nr="1017" mi="0" ci="3" mb="1" cb="1"/><line nr="1018" mi="7" ci="0" mb="0" cb="0"/><line nr="1020" mi="13" ci="0" mb="2" cb="0"/><line nr="1022" mi="0" ci="3" mb="0" cb="2"/><line nr="1023" mi="0" ci="3" mb="0" cb="2"/><line nr="1024" mi="0" ci="7" mb="0" cb="0"/><line nr="1026" mi="0" ci="3" mb="0" cb="2"/><line nr="1027" mi="0" ci="8" mb="0" cb="0"/><line nr="1029" mi="0" ci="3" mb="0" cb="2"/><line nr="1030" mi="0" ci="4" mb="0" cb="0"/><line nr="1032" mi="0" ci="2" mb="0" cb="0"/><line nr="1036" mi="0" ci="2" mb="0" cb="0"/><line nr="1037" mi="0" ci="5" mb="0" cb="0"/><line nr="1038" mi="0" ci="5" mb="0" cb="0"/><line nr="1039" mi="0" ci="5" mb="0" cb="0"/><line nr="1040" mi="0" ci="5" mb="0" cb="0"/><counter type="INSTRUCTION" missed="245" covered="3364"/><counter type="BRANCH" missed="80" covered="318"/><counter type="LINE" missed="28" covered="600"/><counter type="COMPLEXITY" missed="80" covered="186"/><counter type="METHOD" missed="4" covered="62"/><counter type="CLASS" missed="0" covered="1"/></sourcefile><counter type="INSTRUCTION" missed="245" covered="3364"/><counter type="BRANCH" missed="80" covered="318"/><counter type="LINE" missed="28" covered="600"/><counter type="COMPLEXITY" missed="80" covered="186"/><counter type="METHOD" missed="4" covered="62"/><counter type="CLASS" missed="0" covered="1"/></package><counter type="INSTRUCTION" missed="245" covered="3364"/><counter type="BRANCH" missed="80" covered="318"/><counter type="LINE" missed="28" covered="600"/><counter type="COMPLEXITY" missed="80" covered="186"/><counter type="METHOD" missed="4" covered="62"/><counter type="CLASS" missed="0" covered="1"/></report>