<?xml version="1.0" encoding="UTF-8" standalone="yes"?><!DOCTYPE report PUBLIC "-//JACOCO//DTD Report 1.1//EN" "report.dtd"><report name="OpenAPI codegen for Micronaut"><sessioninfo id="fv-az1493-687-402eaa10" start="1726665579462" dump="1726665590762"/><package name="org/openapitools/codegen/languages"><class name="org/openapitools/codegen/languages/MicronautCodegen" sourcefilename="MicronautCodegen.java"><method name="&lt;init&gt;" desc="()V" line="76"><counter type="INSTRUCTION" missed="0" covered="614"/><counter type="LINE" missed="0" covered="106"/><counter type="COMPLEXITY" missed="0" covered="1"/><counter type="METHOD" missed="0" covered="1"/></method><method name="getName" desc="()Ljava/lang/String;" line="203"><counter type="INSTRUCTION" missed="0" covered="2"/><counter type="LINE" missed="0" covered="1"/><counter type="COMPLEXITY" missed="0" covered="1"/><counter type="METHOD" missed="0" covered="1"/></method><method name="postProcess" desc="()V" line="207"><counter type="INSTRUCTION" missed="0" covered="1"/><counter type="LINE" missed="0" covered="1"/><counter type="COMPLEXITY" missed="0" covered="1"/><counter type="METHOD" missed="0" covered="1"/></method><method name="processOpts" desc="()V" line="211"><counter type="INSTRUCTION" missed="7" covered="362"/><counter type="BRANCH" missed="10" covered="20"/><counter type="LINE" missed="1" covered="61"/><counter type="COMPLEXITY" missed="10" covered="6"/><counter type="METHOD" missed="0" covered="1"/></method><method name="fromOperation" desc="(Ljava/lang/String;Ljava/lang/String;Lio/swagger/v3/oas/models/Operation;Ljava/util/List;)Lorg/openapitools/codegen/CodegenOperation;" line="311"><counter type="INSTRUCTION" missed="23" covered="451"/><counter type="BRANCH" missed="6" covered="58"/><counter type="LINE" missed="4" covered="78"/><counter type="COMPLEXITY" missed="6" covered="27"/><counter type="METHOD" missed="0" covered="1"/></method><method name="fromResponse" desc="(Ljava/lang/String;Lio/swagger/v3/oas/models/responses/ApiResponse;)Lorg/openapitools/codegen/CodegenResponse;" line="454"><counter type="INSTRUCTION" missed="0" covered="14"/><counter type="LINE" missed="0" covered="3"/><counter type="COMPLEXITY" missed="0" covered="1"/><counter type="METHOD" missed="0" covered="1"/></method><method name="updateAllModels" desc="(Ljava/util/Map;)Ljava/util/Map;" line="466"><counter type="INSTRUCTION" missed="27" covered="379"/><counter type="BRANCH" missed="5" covered="35"/><counter type="LINE" missed="5" covered="73"/><counter type="COMPLEXITY" missed="5" covered="17"/><counter type="METHOD" missed="0" covered="1"/></method><method name="postProcessParameter" desc="(Lorg/openapitools/codegen/CodegenParameter;)V" line="605"><counter type="INSTRUCTION" missed="0" covered="123"/><counter type="BRANCH" missed="1" covered="27"/><counter type="LINE" missed="0" covered="18"/><counter type="COMPLEXITY" missed="1" covered="14"/><counter type="METHOD" missed="0" covered="1"/></method><method name="postProcessResponseWithProperty" desc="(Lorg/openapitools/codegen/CodegenResponse;Lorg/openapitools/codegen/CodegenProperty;)V" line="636"><counter type="INSTRUCTION" missed="0" covered="33"/><counter type="BRANCH" missed="4" covered="8"/><counter type="LINE" missed="0" covered="5"/><counter type="COMPLEXITY" missed="4" covered="3"/><counter type="METHOD" missed="0" covered="1"/></method><method name="postProcessModelProperty" desc="(Lorg/openapitools/codegen/CodegenModel;Lorg/openapitools/codegen/CodegenProperty;)V" line="646"><counter type="INSTRUCTION" missed="0" covered="43"/><counter type="BRANCH" missed="1" covered="11"/><counter type="LINE" missed="0" covered="6"/><counter type="COMPLEXITY" missed="1" covered="6"/><counter type="METHOD" missed="0" covered="1"/></method><method name="isDataTypeString" desc="(Ljava/lang/String;)Z" line="658"><counter type="INSTRUCTION" missed="0" covered="12"/><counter type="BRANCH" missed="1" covered="3"/><counter type="LINE" missed="0" covered="1"/><counter type="COMPLEXITY" missed="1" covered="2"/><counter type="METHOD" missed="0" covered="1"/></method><method name="getTypeDeclaration" desc="(Lio/swagger/v3/oas/models/media/Schema;)Ljava/lang/String;" line="663"><counter type="INSTRUCTION" missed="0" covered="68"/><counter type="BRANCH" missed="0" covered="8"/><counter type="LINE" missed="0" covered="10"/><counter type="COMPLEXITY" missed="0" covered="5"/><counter type="METHOD" missed="0" covered="1"/></method><method name="toDefaultValue" desc="(Lorg/openapitools/codegen/CodegenProperty;Lio/swagger/v3/oas/models/media/Schema;)Ljava/lang/String;" line="678"><counter type="INSTRUCTION" missed="0" covered="15"/><counter type="BRANCH" missed="0" covered="4"/><counter type="LINE" missed="0" covered="3"/><counter type="COMPLEXITY" missed="0" covered="3"/><counter type="METHOD" missed="0" covered="1"/></method><method name="toDefaultValue" desc="(Lio/swagger/v3/oas/models/media/Schema;)Ljava/lang/String;" line="686"><counter type="INSTRUCTION" missed="8" covered="6"/><counter type="BRANCH" missed="3" covered="1"/><counter type="LINE" missed="1" covered="2"/><counter type="COMPLEXITY" missed="2" covered="1"/><counter type="METHOD" missed="0" covered="1"/></method><method name="toExampleValue" desc="(Lio/swagger/v3/oas/models/media/Schema;)Ljava/lang/String;" line="699"><counter type="INSTRUCTION" missed="27" covered="181"/><counter type="BRANCH" missed="5" covered="37"/><counter type="LINE" missed="4" covered="45"/><counter type="COMPLEXITY" missed="5" covered="17"/><counter type="METHOD" missed="0" covered="1"/></method><method name="toEnumName" desc="(Lorg/openapitools/codegen/CodegenProperty;)Ljava/lang/String;" line="785"><counter type="INSTRUCTION" missed="0" covered="3"/><counter type="LINE" missed="0" covered="1"/><counter type="COMPLEXITY" missed="0" covered="1"/><counter type="METHOD" missed="0" covered="1"/></method><method name="toEnumVarName" desc="(Ljava/lang/String;Ljava/lang/String;)Ljava/lang/String;" line="790"><counter type="INSTRUCTION" missed="0" covered="8"/><counter type="LINE" missed="0" covered="1"/><counter type="COMPLEXITY" missed="0" covered="1"/><counter type="METHOD" missed="0" covered="1"/></method><method name="toEnumValue" desc="(Ljava/lang/String;Ljava/lang/String;)Ljava/lang/String;" line="795"><counter type="INSTRUCTION" missed="6" covered="38"/><counter type="BRANCH" missed="2" covered="6"/><counter type="LINE" missed="2" covered="7"/><counter type="COMPLEXITY" missed="2" covered="3"/><counter type="METHOD" missed="0" covered="1"/></method><method name="setUseBeanValidation" desc="(Z)V" line="814"><counter type="INSTRUCTION" missed="0" covered="4"/><counter type="LINE" missed="0" covered="2"/><counter type="COMPLEXITY" missed="0" covered="1"/><counter type="METHOD" missed="0" covered="1"/></method><method name="setUseGenericResponse" desc="(Z)V" line="819"><counter type="INSTRUCTION" missed="0" covered="4"/><counter type="LINE" missed="0" covered="2"/><counter type="COMPLEXITY" missed="0" covered="1"/><counter type="METHOD" missed="0" covered="1"/></method><method name="setUseOptional" desc="(Z)V" line="824"><counter type="INSTRUCTION" missed="0" covered="4"/><counter type="LINE" missed="0" covered="2"/><counter type="COMPLEXITY" missed="0" covered="1"/><counter type="METHOD" missed="0" covered="1"/></method><method name="addSupportingFile" desc="(Ljava/lang/String;Ljava/lang/String;Ljava/lang/String;)V" line="830"><counter type="INSTRUCTION" missed="0" covered="28"/><counter type="BRANCH" missed="0" covered="2"/><counter type="LINE" missed="0" covered="6"/><counter type="COMPLEXITY" missed="0" covered="2"/><counter type="METHOD" missed="0" covered="1"/></method><method name="copy" desc="(Lorg/openapitools/codegen/CodegenModel;)Lorg/openapitools/codegen/CodegenModel;" line="839"><counter type="INSTRUCTION" missed="52" covered="428"/><counter type="BRANCH" missed="21" covered="21"/><counter type="LINE" missed="0" covered="79"/><counter type="COMPLEXITY" missed="21" covered="1"/><counter type="METHOD" missed="0" covered="1"/></method><method name="getBeanValidation" desc="(Lio/swagger/v3/oas/models/media/Schema;)Ljava/util/List;" line="924"><counter type="INSTRUCTION" missed="2" covered="163"/><counter type="BRANCH" missed="6" covered="38"/><counter type="LINE" missed="1" covered="37"/><counter type="COMPLEXITY" missed="6" covered="17"/><counter type="METHOD" missed="0" covered="1"/></method><method name="getBeanValidation" desc="(Lorg/openapitools/codegen/CodegenParameter;)Ljava/util/List;" line="975"><counter type="INSTRUCTION" missed="72" covered="79"/><counter type="BRANCH" missed="12" covered="24"/><counter type="LINE" missed="9" covered="21"/><counter type="COMPLEXITY" missed="9" covered="10"/><counter type="METHOD" missed="0" covered="1"/></method><method name="removeValidation" desc="(Ljava/lang/String;)Ljava/lang/String;" line="1022"><counter type="INSTRUCTION" missed="0" covered="22"/><counter type="LINE" missed="0" covered="5"/><counter type="COMPLEXITY" missed="0" covered="1"/><counter type="METHOD" missed="0" covered="1"/></method><method name="lambda$toExampleValue$37" desc="(Ljava/lang/String;)Ljava/lang/String;" line="774"><counter type="INSTRUCTION" missed="0" covered="8"/><counter type="LINE" missed="0" covered="1"/><counter type="COMPLEXITY" missed="0" covered="1"/><counter type="METHOD" missed="0" covered="1"/></method><method name="lambda$toExampleValue$36" desc="(Ljava/lang/String;)Ljava/lang/String;" line="771"><counter type="INSTRUCTION" missed="0" covered="8"/><counter type="LINE" missed="0" covered="1"/><counter type="COMPLEXITY" missed="0" covered="1"/><counter type="METHOD" missed="0" covered="1"/></method><method name="lambda$toExampleValue$35" desc="(Ljava/lang/String;)Ljava/lang/String;" line="767"><counter type="INSTRUCTION" missed="0" covered="3"/><counter type="LINE" missed="0" covered="1"/><counter type="COMPLEXITY" missed="0" covered="1"/><counter type="METHOD" missed="0" covered="1"/></method><method name="lambda$toExampleValue$34" desc="(Ljava/util/Map;)Ljava/lang/String;" line="763"><counter type="INSTRUCTION" missed="0" covered="10"/><counter type="LINE" missed="0" covered="3"/><counter type="COMPLEXITY" missed="0" covered="1"/><counter type="METHOD" missed="0" covered="1"/></method><method name="lambda$toExampleValue$33" desc="(Ljava/util/Map$Entry;)Ljava/lang/String;" line="764"><counter type="INSTRUCTION" missed="0" covered="6"/><counter type="LINE" missed="0" covered="2"/><counter type="COMPLEXITY" missed="0" covered="1"/><counter type="METHOD" missed="0" covered="1"/></method><method name="lambda$toExampleValue$32" desc="(Ljava/util/Map;)Z" line="762"><counter type="INSTRUCTION" missed="1" covered="6"/><counter type="BRANCH" missed="1" covered="1"/><counter type="LINE" missed="0" covered="1"/><counter type="COMPLEXITY" missed="1" covered="1"/><counter type="METHOD" missed="0" covered="1"/></method><method name="lambda$toExampleValue$31" desc="(Ljava/lang/String;)Ljava/util/Map;" line="761"><counter type="INSTRUCTION" missed="0" covered="8"/><counter type="LINE" missed="0" covered="1"/><counter type="COMPLEXITY" missed="0" covered="1"/><counter type="METHOD" missed="0" covered="1"/></method><method name="lambda$toExampleValue$30" desc="(Ljava/lang/String;)Ljava/lang/String;" line="747"><counter type="INSTRUCTION" missed="3" covered="0"/><counter type="LINE" missed="1" covered="0"/><counter type="COMPLEXITY" missed="1" covered="0"/><counter type="METHOD" missed="1" covered="0"/></method><method name="lambda$toExampleValue$29" desc="(Ljava/lang/String;)Ljava/lang/String;" line="735"><counter type="INSTRUCTION" missed="3" covered="0"/><counter type="LINE" missed="1" covered="0"/><counter type="COMPLEXITY" missed="1" covered="0"/><counter type="METHOD" missed="1" covered="0"/></method><method name="lambda$toExampleValue$28" desc="(Ljava/lang/String;)Ljava/lang/String;" line="728"><counter type="INSTRUCTION" missed="3" covered="0"/><counter type="LINE" missed="1" covered="0"/><counter type="COMPLEXITY" missed="1" covered="0"/><counter type="METHOD" missed="1" covered="0"/></method><method name="lambda$toExampleValue$27" desc="(Ljava/lang/String;)Ljava/lang/String;" line="723"><counter type="INSTRUCTION" missed="3" covered="0"/><counter type="LINE" missed="1" covered="0"/><counter type="COMPLEXITY" missed="1" covered="0"/><counter type="METHOD" missed="1" covered="0"/></method><method name="lambda$toExampleValue$26" desc="(Lio/swagger/v3/oas/models/media/Schema;)Ljava/util/Optional;" line="702"><counter type="INSTRUCTION" missed="0" covered="6"/><counter type="LINE" missed="0" covered="1"/><counter type="COMPLEXITY" missed="0" covered="1"/><counter type="METHOD" missed="0" covered="1"/></method><method name="lambda$toExampleValue$25" desc="(Ljava/util/List;)Ljava/util/Optional;" line="702"><counter type="INSTRUCTION" missed="0" covered="4"/><counter type="LINE" missed="0" covered="1"/><counter type="COMPLEXITY" missed="0" covered="1"/><counter type="METHOD" missed="0" covered="1"/></method><method name="lambda$toExampleValue$24" desc="(Lio/swagger/v3/oas/models/media/Schema;)Ljava/util/Optional;" line="701"><counter type="INSTRUCTION" missed="0" covered="4"/><counter type="LINE" missed="0" covered="1"/><counter type="COMPLEXITY" missed="0" covered="1"/><counter type="METHOD" missed="0" covered="1"/></method><method name="lambda$getTypeDeclaration$23" desc="(Ljava/lang/String;)Ljava/lang/String;" line="668"><counter type="INSTRUCTION" missed="0" covered="3"/><counter type="LINE" missed="0" covered="1"/><counter type="COMPLEXITY" missed="0" covered="1"/><counter type="METHOD" missed="0" covered="1"/></method><method name="lambda$postProcessParameter$22" desc="(Ljava/lang/String;)Ljava/lang/String;" line="623"><counter type="INSTRUCTION" missed="0" covered="3"/><counter type="LINE" missed="0" covered="1"/><counter type="COMPLEXITY" missed="0" covered="1"/><counter type="METHOD" missed="0" covered="1"/></method><method name="lambda$updateAllModels$21" desc="(Lorg/openapitools/codegen/CodegenDiscriminator;Lorg/openapitools/codegen/CodegenProperty;)Z" line="557"><counter type="INSTRUCTION" missed="0" covered="6"/><counter type="LINE" missed="0" covered="1"/><counter type="COMPLEXITY" missed="0" covered="1"/><counter type="METHOD" missed="0" covered="1"/></method><method name="lambda$updateAllModels$20" desc="(Lorg/openapitools/codegen/CodegenDiscriminator;Lorg/openapitools/codegen/CodegenProperty;)Z" line="556"><counter type="INSTRUCTION" missed="0" covered="6"/><counter type="LINE" missed="0" covered="1"/><counter type="COMPLEXITY" missed="0" covered="1"/><counter type="METHOD" missed="0" covered="1"/></method><method name="lambda$updateAllModels$19" desc="(Lorg/openapitools/codegen/CodegenDiscriminator;Lorg/openapitools/codegen/CodegenModel;Lorg/openapitools/codegen/CodegenProperty;)V" line="542"><counter type="INSTRUCTION" missed="0" covered="10"/><counter type="LINE" missed="0" covered="3"/><counter type="COMPLEXITY" missed="0" covered="1"/><counter type="METHOD" missed="0" covered="1"/></method><method name="lambda$updateAllModels$18" desc="(Lorg/openapitools/codegen/CodegenDiscriminator;Lorg/openapitools/codegen/CodegenProperty;)Z" line="540"><counter type="INSTRUCTION" missed="0" covered="6"/><counter type="LINE" missed="0" covered="1"/><counter type="COMPLEXITY" missed="0" covered="1"/><counter type="METHOD" missed="0" covered="1"/></method><method name="lambda$updateAllModels$17" desc="(Lorg/openapitools/codegen/CodegenModel;Lorg/openapitools/codegen/CodegenModel;Lorg/openapitools/codegen/CodegenProperty;)Z" line="518"><counter type="INSTRUCTION" missed="0" covered="26"/><counter type="BRANCH" missed="0" covered="2"/><counter type="LINE" missed="0" covered="6"/><counter type="COMPLEXITY" missed="0" covered="2"/><counter type="METHOD" missed="0" covered="1"/></method><method name="lambda$fromOperation$16" desc="(Lorg/openapitools/codegen/CodegenParameter;)Z" line="447"><counter type="INSTRUCTION" missed="0" covered="10"/><counter type="BRANCH" missed="0" covered="4"/><counter type="LINE" missed="0" covered="1"/><counter type="COMPLEXITY" missed="0" covered="3"/><counter type="METHOD" missed="0" covered="1"/></method><method name="lambda$fromOperation$15" desc="(Lorg/openapitools/codegen/CodegenParameter;)Ljava/lang/String;" line="421"><counter type="INSTRUCTION" missed="0" covered="4"/><counter type="LINE" missed="0" covered="1"/><counter type="COMPLEXITY" missed="0" covered="1"/><counter type="METHOD" missed="0" covered="1"/></method><method name="lambda$fromOperation$14" desc="(Lorg/openapitools/codegen/CodegenParameter;)Z" line="418"><counter type="INSTRUCTION" missed="0" covered="3"/><counter type="LINE" missed="0" covered="1"/><counter type="COMPLEXITY" missed="0" covered="1"/><counter type="METHOD" missed="0" covered="1"/></method><method name="lambda$fromOperation$13" desc="(Lorg/openapitools/codegen/CodegenOperation;Lorg/openapitools/codegen/CodegenParameter;)V" line="410"><counter type="INSTRUCTION" missed="0" covered="24"/><counter type="LINE" missed="0" covered="3"/><counter type="COMPLEXITY" missed="0" covered="1"/><counter type="METHOD" missed="0" covered="1"/></method><method name="lambda$fromOperation$12" desc="(Lorg/openapitools/codegen/CodegenParameter;)Z" line="409"><counter type="INSTRUCTION" missed="0" covered="7"/><counter type="BRANCH" missed="0" covered="2"/><counter type="LINE" missed="0" covered="1"/><counter type="COMPLEXITY" missed="0" covered="2"/><counter type="METHOD" missed="0" covered="1"/></method><method name="lambda$fromOperation$11" desc="(Lio/swagger/v3/oas/models/media/Content;)Z" line="383"><counter type="INSTRUCTION" missed="0" covered="4"/><counter type="LINE" missed="0" covered="1"/><counter type="COMPLEXITY" missed="0" covered="1"/><counter type="METHOD" missed="0" covered="1"/></method><method name="lambda$fromOperation$10" desc="(Ljava/util/Map;Lorg/openapitools/codegen/CodegenResponse;)V" line="367"><counter type="INSTRUCTION" missed="0" covered="9"/><counter type="LINE" missed="0" covered="1"/><counter type="COMPLEXITY" missed="0" covered="1"/><counter type="METHOD" missed="0" covered="1"/></method><method name="lambda$fromOperation$9" desc="(Ljava/util/Map;)Ljava/util/stream/Stream;" line="351"><counter type="INSTRUCTION" missed="0" covered="4"/><counter type="LINE" missed="0" covered="1"/><counter type="COMPLEXITY" missed="0" covered="1"/><counter type="METHOD" missed="0" covered="1"/></method><method name="lambda$fromOperation$8" desc="(Lorg/openapitools/codegen/CodegenResponse;)Z" line="336"><counter type="INSTRUCTION" missed="0" covered="3"/><counter type="LINE" missed="0" covered="1"/><counter type="COMPLEXITY" missed="0" covered="1"/><counter type="METHOD" missed="0" covered="1"/></method><method name="lambda$fromOperation$7" desc="(Lorg/openapitools/codegen/CodegenResponse;)Ljava/lang/String;" line="328"><counter type="INSTRUCTION" missed="0" covered="3"/><counter type="LINE" missed="0" covered="1"/><counter type="COMPLEXITY" missed="0" covered="1"/><counter type="METHOD" missed="0" covered="1"/></method><method name="lambda$fromOperation$6" desc="(Lorg/openapitools/codegen/CodegenResponse;)Ljava/lang/Integer;" line="326"><counter type="INSTRUCTION" missed="0" covered="5"/><counter type="LINE" missed="0" covered="1"/><counter type="COMPLEXITY" missed="0" covered="1"/><counter type="METHOD" missed="0" covered="1"/></method><method name="lambda$fromOperation$5" desc="(Lorg/openapitools/codegen/CodegenResponse;)Z" line="325"><counter type="INSTRUCTION" missed="0" covered="10"/><counter type="BRANCH" missed="0" covered="4"/><counter type="LINE" missed="0" covered="1"/><counter type="COMPLEXITY" missed="0" covered="3"/><counter type="METHOD" missed="0" covered="1"/></method><method name="lambda$processOpts$4" desc="(Ljava/lang/String;)V" line="305"><counter type="INSTRUCTION" missed="0" covered="7"/><counter type="LINE" missed="0" covered="1"/><counter type="COMPLEXITY" missed="0" covered="1"/><counter type="METHOD" missed="0" covered="1"/></method><method name="lambda$processOpts$3" desc="(Ljava/lang/String;)Z" line="304"><counter type="INSTRUCTION" missed="1" covered="6"/><counter type="BRANCH" missed="1" covered="1"/><counter type="LINE" missed="0" covered="1"/><counter type="COMPLEXITY" missed="1" covered="1"/><counter type="METHOD" missed="0" covered="1"/></method><method name="lambda$processOpts$2" desc="(Ljava/lang/String;Ljava/lang/String;)V" line="302"><counter type="INSTRUCTION" missed="0" covered="8"/><counter type="LINE" missed="0" covered="1"/><counter type="COMPLEXITY" missed="0" covered="1"/><counter type="METHOD" missed="0" covered="1"/></method><method name="lambda$processOpts$1" desc="(Ljava/lang/String;Ljava/lang/String;)Ljava/lang/String;" line="214"><counter type="INSTRUCTION" missed="0" covered="8"/><counter type="LINE" missed="0" covered="1"/><counter type="COMPLEXITY" missed="0" covered="1"/><counter type="METHOD" missed="0" covered="1"/></method><method name="lambda$processOpts$0" desc="(Ljava/lang/String;Ljava/lang/String;)Ljava/lang/Object;" line="214"><counter type="INSTRUCTION" missed="0" covered="2"/><counter type="LINE" missed="0" covered="1"/><counter type="COMPLEXITY" missed="0" covered="1"/><counter type="METHOD" missed="0" covered="1"/></method><method name="&lt;clinit&gt;" desc="()V" line="74"><counter type="INSTRUCTION" missed="0" covered="4"/><counter type="LINE" missed="0" covered="1"/><counter type="COMPLEXITY" missed="0" covered="1"/><counter type="METHOD" missed="0" covered="1"/></method><counter type="INSTRUCTION" missed="238" covered="3329"/><counter type="BRANCH" missed="79" covered="317"/><counter type="LINE" missed="27" covered="593"/><counter type="COMPLEXITY" missed="79" covered="185"/><counter type="METHOD" missed="4" covered="61"/><counter type="CLASS" missed="0" covered="1"/></class><sourcefile name="MicronautCodegen.java"><line nr="74" mi="0" ci="4" mb="0" cb="0"/><line nr="76" mi="0" ci="3" mb="0" cb="0"/><line nr="77" mi="0" ci="3" mb="0" cb="0"/><line nr="78" mi="0" ci="3" mb="0" cb="0"/><line nr="79" mi="0" ci="3" mb="0" cb="0"/><line nr="80" mi="0" ci="3" mb="0" cb="0"/><line nr="81" mi="0" ci="3" mb="0" cb="0"/><line nr="82" mi="0" ci="3" mb="0" cb="0"/><line nr="83" mi="0" ci="3" mb="0" cb="0"/><line nr="84" mi="0" ci="3" mb="0" cb="0"/><line nr="85" mi="0" ci="3" mb="0" cb="0"/><line nr="86" mi="0" ci="3" mb="0" cb="0"/><line nr="88" mi="0" ci="2" mb="0" cb="0"/><line nr="92" mi="0" ci="3" mb="0" cb="0"/><line nr="93" mi="0" ci="3" mb="0" cb="0"/><line nr="94" mi="0" ci="3" mb="0" cb="0"/><line nr="96" mi="0" ci="3" mb="0" cb="0"/><line nr="97" mi="0" ci="9" mb="0" cb="0"/><line nr="98" mi="0" ci="9" mb="0" cb="0"/><line nr="99" mi="0" ci="9" mb="0" cb="0"/><line nr="100" mi="0" ci="9" mb="0" cb="0"/><line nr="101" mi="0" ci="9" mb="0" cb="0"/><line nr="102" mi="0" ci="9" mb="0" cb="0"/><line nr="103" mi="0" ci="9" mb="0" cb="0"/><line nr="104" mi="0" ci="9" mb="0" cb="0"/><line nr="105" mi="0" ci="9" mb="0" cb="0"/><line nr="106" mi="0" ci="9" mb="0" cb="0"/><line nr="107" mi="0" ci="9" mb="0" cb="0"/><line nr="109" mi="0" ci="9" mb="0" cb="0"/><line nr="110" mi="0" ci="9" mb="0" cb="0"/><line nr="111" mi="0" ci="7" mb="0" cb="0"/><line nr="112" mi="0" ci="7" mb="0" cb="0"/><line nr="113" mi="0" ci="7" mb="0" cb="0"/><line nr="114" mi="0" ci="7" mb="0" cb="0"/><line nr="115" mi="0" ci="7" mb="0" cb="0"/><line nr="116" mi="0" ci="7" mb="0" cb="0"/><line nr="117" mi="0" ci="7" mb="0" cb="0"/><line nr="118" mi="0" ci="8" mb="0" cb="0"/><line nr="119" mi="0" ci="1" mb="0" cb="0"/><line nr="123" mi="0" ci="3" mb="0" cb="0"/><line nr="124" mi="0" ci="3" mb="0" cb="0"/><line nr="125" mi="0" ci="3" mb="0" cb="0"/><line nr="126" mi="0" ci="3" mb="0" cb="0"/><line nr="127" mi="0" ci="6" mb="0" cb="0"/><line nr="128" mi="0" ci="3" mb="0" cb="0"/><line nr="129" mi="0" ci="3" mb="0" cb="0"/><line nr="133" mi="0" ci="3" mb="0" cb="0"/><line nr="134" mi="0" ci="8" mb="0" cb="0"/><line nr="135" mi="0" ci="8" mb="0" cb="0"/><line nr="136" mi="0" ci="8" mb="0" cb="0"/><line nr="137" mi="0" ci="8" mb="0" cb="0"/><line nr="138" mi="0" ci="8" mb="0" cb="0"/><line nr="139" mi="0" ci="8" mb="0" cb="0"/><line nr="140" mi="0" ci="8" mb="0" cb="0"/><line nr="141" mi="0" ci="8" mb="0" cb="0"/><line nr="142" mi="0" ci="8" mb="0" cb="0"/><line nr="143" mi="0" ci="8" mb="0" cb="0"/><line nr="144" mi="0" ci="8" mb="0" cb="0"/><line nr="145" mi="0" ci="6" mb="0" cb="0"/><line nr="149" mi="0" ci="3" mb="0" cb="0"/><line nr="150" mi="0" ci="6" mb="0" cb="0"/><line nr="151" mi="0" ci="6" mb="0" cb="0"/><line nr="152" mi="0" ci="6" mb="0" cb="0"/><line nr="153" mi="0" ci="6" mb="0" cb="0"/><line nr="154" mi="0" ci="6" mb="0" cb="0"/><line nr="155" mi="0" ci="6" mb="0" cb="0"/><line nr="156" mi="0" ci="6" mb="0" cb="0"/><line nr="157" mi="0" ci="6" mb="0" cb="0"/><line nr="158" mi="0" ci="6" mb="0" cb="0"/><line nr="159" mi="0" ci="6" mb="0" cb="0"/><line nr="160" mi="0" ci="6" mb="0" cb="0"/><line nr="161" mi="0" ci="6" mb="0" cb="0"/><line nr="162" mi="0" ci="6" mb="0" cb="0"/><line nr="163" mi="0" ci="6" mb="0" cb="0"/><line nr="164" mi="0" ci="6" mb="0" cb="0"/><line nr="165" mi="0" ci="6" mb="0" cb="0"/><line nr="166" mi="0" ci="6" mb="0" cb="0"/><line nr="167" mi="0" ci="6" mb="0" cb="0"/><line nr="168" mi="0" ci="6" mb="0" cb="0"/><line nr="169" mi="0" ci="6" mb="0" cb="0"/><line nr="170" mi="0" ci="6" mb="0" cb="0"/><line nr="171" mi="0" ci="6" mb="0" cb="0"/><line nr="172" mi="0" ci="6" mb="0" cb="0"/><line nr="173" mi="0" ci="6" mb="0" cb="0"/><line nr="174" mi="0" ci="6" mb="0" cb="0"/><line nr="175" mi="0" ci="6" mb="0" cb="0"/><line nr="176" mi="0" ci="6" mb="0" cb="0"/><line nr="177" mi="0" ci="6" mb="0" cb="0"/><line nr="178" mi="0" ci="6" mb="0" cb="0"/><line nr="179" mi="0" ci="6" mb="0" cb="0"/><line nr="180" mi="0" ci="6" mb="0" cb="0"/><line nr="181" mi="0" ci="6" mb="0" cb="0"/><line nr="182" mi="0" ci="6" mb="0" cb="0"/><line nr="183" mi="0" ci="6" mb="0" cb="0"/><line nr="184" mi="0" ci="6" mb="0" cb="0"/><line nr="185" mi="0" ci="6" mb="0" cb="0"/><line nr="186" mi="0" ci="6" mb="0" cb="0"/><line nr="187" mi="0" ci="6" mb="0" cb="0"/><line nr="188" mi="0" ci="3" mb="0" cb="0"/><line nr="189" mi="0" ci="6" mb="0" cb="0"/><line nr="190" mi="0" ci="6" mb="0" cb="0"/><line nr="191" mi="0" ci="6" mb="0" cb="0"/><line nr="192" mi="0" ci="3" mb="0" cb="0"/><line nr="196" mi="0" ci="5" mb="0" cb="0"/><line nr="197" mi="0" ci="5" mb="0" cb="0"/><line nr="198" mi="0" ci="5" mb="0" cb="0"/><line nr="199" mi="0" ci="1" mb="0" cb="0"/><line nr="203" mi="0" ci="2" mb="0" cb="0"/><line nr="207" mi="0" ci="1" mb="0" cb="0"/><line nr="211" mi="0" ci="2" mb="0" cb="0"/><line nr="213" mi="0" ci="3" mb="0" cb="0"/><line nr="214" mi="0" ci="10" mb="0" cb="0"/><line nr="218" mi="0" ci="6" mb="0" cb="0"/><line nr="219" mi="0" ci="7" mb="0" cb="0"/><line nr="220" mi="0" ci="7" mb="0" cb="0"/><line nr="221" mi="0" ci="7" mb="0" cb="0"/><line nr="222" mi="0" ci="15" mb="0" cb="2"/><line nr="226" mi="0" ci="5" mb="1" cb="1"/><line nr="227" mi="0" ci="5" mb="0" cb="0"/><line nr="229" mi="0" ci="5" mb="0" cb="2"/><line nr="230" mi="0" ci="5" mb="0" cb="0"/><line nr="232" mi="0" ci="5" mb="1" cb="1"/><line nr="233" mi="0" ci="5" mb="0" cb="0"/><line nr="235" mi="0" ci="5" mb="1" cb="1"/><line nr="236" mi="0" ci="5" mb="0" cb="0"/><line nr="238" mi="0" ci="5" mb="1" cb="1"/><line nr="239" mi="0" ci="5" mb="0" cb="0"/><line nr="241" mi="0" ci="5" mb="1" cb="1"/><line nr="242" mi="0" ci="5" mb="0" cb="0"/><line nr="244" mi="0" ci="5" mb="1" cb="1"/><line nr="245" mi="0" ci="5" mb="0" cb="0"/><line nr="247" mi="0" ci="5" mb="1" cb="1"/><line nr="248" mi="0" ci="5" mb="0" cb="0"/><line nr="250" mi="0" ci="5" mb="1" cb="1"/><line nr="251" mi="0" ci="5" mb="0" cb="0"/><line nr="256" mi="0" ci="6" mb="0" cb="0"/><line nr="257" mi="0" ci="6" mb="0" cb="0"/><line nr="258" mi="0" ci="6" mb="0" cb="0"/><line nr="259" mi="0" ci="6" mb="0" cb="0"/><line nr="260" mi="0" ci="6" mb="0" cb="0"/><line nr="261" mi="0" ci="6" mb="0" cb="0"/><line nr="262" mi="0" ci="6" mb="0" cb="0"/><line nr="263" mi="0" ci="6" mb="0" cb="0"/><line nr="264" mi="0" ci="6" mb="0" cb="0"/><line nr="265" mi="0" ci="6" mb="0" cb="0"/><line nr="269" mi="0" ci="3" mb="0" cb="0"/><line nr="270" mi="0" ci="7" mb="0" cb="0"/><line nr="271" mi="0" ci="7" mb="0" cb="0"/><line nr="272" mi="0" ci="10" mb="0" cb="0"/><line nr="273" mi="0" ci="10" mb="0" cb="0"/><line nr="277" mi="0" ci="5" mb="0" cb="2"/><line nr="278" mi="0" ci="7" mb="0" cb="0"/><line nr="280" mi="0" ci="6" mb="0" cb="0"/><line nr="281" mi="0" ci="3" mb="1" cb="1"/><line nr="282" mi="7" ci="0" mb="0" cb="0"/><line nr="284" mi="0" ci="8" mb="1" cb="3"/><line nr="285" mi="0" ci="6" mb="0" cb="0"/><line nr="286" mi="0" ci="6" mb="0" cb="0"/><line nr="287" mi="0" ci="7" mb="0" cb="0"/><line nr="290" mi="0" ci="3" mb="0" cb="2"/><line nr="291" mi="0" ci="6" mb="0" cb="0"/><line nr="296" mi="0" ci="9" mb="0" cb="0"/><line nr="297" mi="0" ci="9" mb="0" cb="0"/><line nr="298" mi="0" ci="9" mb="0" cb="0"/><line nr="299" mi="0" ci="9" mb="0" cb="0"/><line nr="300" mi="0" ci="9" mb="0" cb="0"/><line nr="301" mi="0" ci="9" mb="0" cb="0"/><line nr="302" mi="0" ci="13" mb="0" cb="0"/><line nr="303" mi="0" ci="7" mb="0" cb="0"/><line nr="304" mi="1" ci="9" mb="1" cb="1"/><line nr="305" mi="0" ci="8" mb="0" cb="0"/><line nr="306" mi="0" ci="1" mb="0" cb="0"/><line nr="311" mi="0" ci="7" mb="0" cb="0"/><line nr="312" mi="0" ci="8" mb="0" cb="2"/><line nr="316" mi="0" ci="6" mb="1" cb="1"/><line nr="317" mi="5" ci="0" mb="0" cb="0"/><line nr="319" mi="0" ci="6" mb="1" cb="1"/><line nr="320" mi="5" ci="0" mb="0" cb="0"/><line nr="325" mi="0" ci="17" mb="0" cb="4"/><line nr="326" mi="0" ci="11" mb="0" cb="0"/><line nr="327" mi="0" ci="3" mb="0" cb="0"/><line nr="328" mi="0" ci="11" mb="0" cb="0"/><line nr="330" mi="0" ci="6" mb="0" cb="4"/><line nr="331" mi="0" ci="6" mb="0" cb="0"/><line nr="333" mi="0" ci="2" mb="0" cb="0"/><line nr="336" mi="0" ci="10" mb="0" cb="4"/><line nr="337" mi="0" ci="5" mb="0" cb="0"/><line nr="338" mi="0" ci="2" mb="0" cb="0"/><line nr="341" mi="0" ci="7" mb="0" cb="4"/><line nr="342" mi="0" ci="18" mb="0" cb="0"/><line nr="344" mi="0" ci="3" mb="0" cb="0"/><line nr="347" mi="0" ci="9" mb="0" cb="6"/><line nr="348" mi="0" ci="10" mb="0" cb="0"/><line nr="349" mi="0" ci="8" mb="0" cb="0"/><line nr="350" mi="0" ci="4" mb="0" cb="2"/><line nr="351" mi="0" ci="12" mb="0" cb="0"/><line nr="352" mi="0" ci="6" mb="0" cb="0"/><line nr="354" mi="0" ci="3" mb="0" cb="0"/><line nr="355" mi="0" ci="2" mb="0" cb="0"/><line nr="361" mi="0" ci="3" mb="0" cb="0"/><line nr="362" mi="0" ci="13" mb="0" cb="0"/><line nr="363" mi="0" ci="6" mb="0" cb="0"/><line nr="364" mi="0" ci="4" mb="0" cb="2"/><line nr="365" mi="0" ci="11" mb="0" cb="0"/><line nr="367" mi="0" ci="14" mb="0" cb="0"/><line nr="371" mi="0" ci="9" mb="0" cb="0"/><line nr="372" mi="0" ci="5" mb="1" cb="3"/><line nr="373" mi="0" ci="7" mb="0" cb="0"/><line nr="374" mi="0" ci="7" mb="0" cb="0"/><line nr="379" mi="0" ci="3" mb="0" cb="2"/><line nr="380" mi="0" ci="7" mb="0" cb="2"/><line nr="381" mi="0" ci="7" mb="0" cb="0"/><line nr="382" mi="0" ci="2" mb="0" cb="0"/><line nr="383" mi="0" ci="5" mb="0" cb="0"/><line nr="384" mi="0" ci="2" mb="0" cb="0"/><line nr="385" mi="0" ci="8" mb="0" cb="0"/><line nr="386" mi="0" ci="6" mb="0" cb="0"/><line nr="387" mi="0" ci="2" mb="0" cb="2"/><line nr="388" mi="0" ci="2" mb="0" cb="2"/><line nr="389" mi="0" ci="6" mb="0" cb="0"/><line nr="390" mi="0" ci="4" mb="1" cb="1"/><line nr="391" mi="0" ci="7" mb="0" cb="0"/><line nr="393" mi="5" ci="0" mb="0" cb="0"/><line nr="395" mi="0" ci="10" mb="0" cb="2"/><line nr="396" mi="0" ci="8" mb="0" cb="0"/><line nr="399" mi="0" ci="2" mb="1" cb="1"/><line nr="400" mi="8" ci="0" mb="0" cb="0"/><line nr="406" mi="0" ci="7" mb="0" cb="0"/><line nr="407" mi="0" ci="2" mb="0" cb="0"/><line nr="409" mi="0" ci="15" mb="0" cb="2"/><line nr="410" mi="0" ci="20" mb="0" cb="0"/><line nr="412" mi="0" ci="3" mb="0" cb="0"/><line nr="413" mi="0" ci="1" mb="0" cb="0"/><line nr="417" mi="0" ci="3" mb="0" cb="0"/><line nr="418" mi="0" ci="10" mb="0" cb="0"/><line nr="419" mi="0" ci="3" mb="0" cb="2"/><line nr="420" mi="0" ci="3" mb="0" cb="0"/><line nr="421" mi="0" ci="12" mb="0" cb="0"/><line nr="423" mi="0" ci="5" mb="0" cb="0"/><line nr="427" mi="0" ci="3" mb="0" cb="0"/><line nr="428" mi="0" ci="11" mb="0" cb="2"/><line nr="429" mi="0" ci="3" mb="0" cb="0"/><line nr="430" mi="0" ci="3" mb="0" cb="2"/><line nr="431" mi="0" ci="8" mb="0" cb="0"/><line nr="432" mi="0" ci="6" mb="0" cb="4"/><line nr="433" mi="0" ci="8" mb="0" cb="0"/><line nr="434" mi="0" ci="3" mb="0" cb="2"/><line nr="435" mi="0" ci="8" mb="0" cb="0"/><line nr="436" mi="0" ci="3" mb="0" cb="2"/><line nr="437" mi="0" ci="10" mb="0" cb="0"/><line nr="438" mi="0" ci="8" mb="1" cb="3"/><line nr="439" mi="0" ci="9" mb="0" cb="0"/><line nr="441" mi="0" ci="1" mb="0" cb="0"/><line nr="442" mi="0" ci="5" mb="0" cb="0"/><line nr="446" mi="0" ci="6" mb="0" cb="0"/><line nr="447" mi="0" ci="14" mb="0" cb="4"/><line nr="449" mi="0" ci="2" mb="0" cb="0"/><line nr="454" mi="0" ci="5" mb="0" cb="0"/><line nr="459" mi="0" ci="7" mb="0" cb="0"/><line nr="461" mi="0" ci="2" mb="0" cb="0"/><line nr="466" mi="0" ci="4" mb="0" cb="0"/><line nr="468" mi="0" ci="4" mb="0" cb="0"/><line nr="469" mi="0" ci="11" mb="0" cb="2"/><line nr="473" mi="0" ci="6" mb="1" cb="3"/><line nr="474" mi="0" ci="10" mb="0" cb="0"/><line nr="476" mi="0" ci="2" mb="0" cb="0"/><line nr="481" mi="0" ci="7" mb="1" cb="3"/><line nr="482" mi="0" ci="14" mb="0" cb="0"/><line nr="483" mi="0" ci="3" mb="0" cb="0"/><line nr="484" mi="0" ci="6" mb="0" cb="0"/><line nr="485" mi="0" ci="11" mb="0" cb="2"/><line nr="486" mi="0" ci="3" mb="0" cb="2"/><line nr="487" mi="0" ci="5" mb="0" cb="0"/><line nr="489" mi="0" ci="5" mb="0" cb="0"/><line nr="490" mi="0" ci="1" mb="0" cb="0"/><line nr="491" mi="0" ci="5" mb="0" cb="0"/><line nr="492" mi="0" ci="5" mb="0" cb="0"/><line nr="493" mi="0" ci="3" mb="0" cb="0"/><line nr="498" mi="0" ci="3" mb="0" cb="0"/><line nr="499" mi="0" ci="3" mb="0" cb="0"/><line nr="500" mi="0" ci="3" mb="0" cb="0"/><line nr="501" mi="0" ci="3" mb="0" cb="0"/><line nr="502" mi="0" ci="3" mb="0" cb="0"/><line nr="503" mi="0" ci="3" mb="0" cb="2"/><line nr="504" mi="0" ci="11" mb="0" cb="2"/><line nr="507" mi="0" ci="3" mb="0" cb="2"/><line nr="508" mi="0" ci="5" mb="0" cb="0"/><line nr="510" mi="0" ci="5" mb="0" cb="2"/><line nr="511" mi="0" ci="7" mb="0" cb="0"/><line nr="512" mi="0" ci="5" mb="0" cb="0"/><line nr="513" mi="0" ci="3" mb="0" cb="0"/><line nr="517" mi="0" ci="7" mb="0" cb="0"/><line nr="518" mi="0" ci="4" mb="0" cb="0"/><line nr="519" mi="0" ci="2" mb="0" cb="0"/><line nr="520" mi="0" ci="7" mb="0" cb="0"/><line nr="521" mi="0" ci="2" mb="0" cb="2"/><line nr="522" mi="0" ci="9" mb="0" cb="0"/><line nr="525" mi="0" ci="2" mb="0" cb="0"/><line nr="527" mi="0" ci="1" mb="0" cb="0"/><line nr="532" mi="0" ci="3" mb="0" cb="0"/><line nr="533" mi="0" ci="2" mb="0" cb="2"/><line nr="534" mi="0" ci="1" mb="0" cb="0"/><line nr="539" mi="0" ci="5" mb="0" cb="0"/><line nr="540" mi="0" ci="7" mb="0" cb="0"/><line nr="541" mi="0" ci="5" mb="0" cb="0"/><line nr="542" mi="0" ci="4" mb="0" cb="0"/><line nr="543" mi="0" ci="5" mb="0" cb="0"/><line nr="544" mi="0" ci="1" mb="0" cb="0"/><line nr="548" mi="0" ci="11" mb="0" cb="2"/><line nr="550" mi="0" ci="6" mb="0" cb="0"/><line nr="551" mi="0" ci="2" mb="1" cb="1"/><line nr="552" mi="13" ci="0" mb="0" cb="0"/><line nr="553" mi="7" ci="0" mb="0" cb="0"/><line nr="554" mi="1" ci="0" mb="0" cb="0"/><line nr="556" mi="0" ci="12" mb="0" cb="0"/><line nr="557" mi="0" ci="12" mb="0" cb="0"/><line nr="559" mi="0" ci="3" mb="0" cb="0"/><line nr="560" mi="0" ci="6" mb="0" cb="0"/><line nr="561" mi="0" ci="6" mb="0" cb="0"/><line nr="562" mi="0" ci="6" mb="0" cb="0"/><line nr="563" mi="0" ci="13" mb="2" cb="2"/><line nr="564" mi="0" ci="4" mb="0" cb="0"/><line nr="565" mi="3" ci="0" mb="0" cb="0"/><line nr="566" mi="3" ci="0" mb="0" cb="0"/><line nr="567" mi="0" ci="8" mb="0" cb="0"/><line nr="569" mi="0" ci="1" mb="0" cb="0"/><line nr="570" mi="0" ci="1" mb="0" cb="0"/><line nr="574" mi="0" ci="11" mb="0" cb="2"/><line nr="575" mi="0" ci="10" mb="0" cb="6"/><line nr="577" mi="0" ci="2" mb="0" cb="0"/><line nr="578" mi="0" ci="4" mb="0" cb="0"/><line nr="579" mi="0" ci="8" mb="0" cb="0"/><line nr="580" mi="0" ci="8" mb="0" cb="0"/><line nr="581" mi="0" ci="8" mb="0" cb="0"/><line nr="582" mi="0" ci="3" mb="0" cb="0"/><line nr="583" mi="0" ci="3" mb="0" cb="0"/><line nr="584" mi="0" ci="8" mb="0" cb="0"/><line nr="585" mi="0" ci="4" mb="0" cb="0"/><line nr="586" mi="0" ci="3" mb="0" cb="0"/><line nr="588" mi="0" ci="4" mb="0" cb="0"/><line nr="589" mi="0" ci="7" mb="0" cb="0"/><line nr="590" mi="0" ci="6" mb="0" cb="0"/><line nr="591" mi="0" ci="9" mb="0" cb="0"/><line nr="592" mi="0" ci="7" mb="0" cb="0"/><line nr="595" mi="0" ci="5" mb="0" cb="0"/><line nr="598" mi="0" ci="1" mb="0" cb="0"/><line nr="600" mi="0" ci="2" mb="0" cb="0"/><line nr="605" mi="0" ci="6" mb="0" cb="4"/><line nr="606" mi="0" ci="12" mb="0" cb="2"/><line nr="608" mi="0" ci="9" mb="0" cb="6"/><line nr="609" mi="0" ci="7" mb="0" cb="0"/><line nr="611" mi="0" ci="9" mb="0" cb="0"/><line nr="612" mi="0" ci="10" mb="0" cb="4"/><line nr="614" mi="0" ci="2" mb="1" cb="1"/><line nr="615" mi="0" ci="10" mb="0" cb="0"/><line nr="619" mi="0" ci="6" mb="0" cb="2"/><line nr="620" mi="0" ci="8" mb="0" cb="6"/><line nr="623" mi="0" ci="13" mb="0" cb="0"/><line nr="624" mi="0" ci="3" mb="0" cb="0"/><line nr="625" mi="0" ci="4" mb="0" cb="0"/><line nr="626" mi="0" ci="2" mb="0" cb="0"/><line nr="627" mi="0" ci="3" mb="0" cb="2"/><line nr="628" mi="0" ci="4" mb="0" cb="0"/><line nr="629" mi="0" ci="17" mb="0" cb="0"/><line nr="632" mi="0" ci="1" mb="0" cb="0"/><line nr="636" mi="0" ci="10" mb="2" cb="4"/><line nr="637" mi="0" ci="6" mb="0" cb="0"/><line nr="639" mi="0" ci="10" mb="2" cb="4"/><line nr="640" mi="0" ci="6" mb="0" cb="0"/><line nr="642" mi="0" ci="1" mb="0" cb="0"/><line nr="646" mi="0" ci="4" mb="0" cb="0"/><line nr="648" mi="0" ci="9" mb="0" cb="6"/><line nr="649" mi="0" ci="7" mb="0" cb="0"/><line nr="651" mi="0" ci="12" mb="1" cb="5"/><line nr="652" mi="0" ci="10" mb="0" cb="0"/><line nr="654" mi="0" ci="1" mb="0" cb="0"/><line nr="658" mi="0" ci="12" mb="1" cb="3"/><line nr="663" mi="0" ci="4" mb="0" cb="0"/><line nr="664" mi="0" ci="6" mb="0" cb="2"/><line nr="665" mi="0" ci="6" mb="0" cb="4"/><line nr="666" mi="0" ci="5" mb="0" cb="0"/><line nr="667" mi="0" ci="4" mb="0" cb="0"/><line nr="668" mi="0" ci="13" mb="0" cb="0"/><line nr="669" mi="0" ci="4" mb="0" cb="0"/><line nr="670" mi="0" ci="11" mb="0" cb="2"/><line nr="671" mi="0" ci="14" mb="0" cb="0"/><line nr="673" mi="0" ci="4" mb="0" cb="0"/><line nr="678" mi="0" ci="5" mb="0" cb="4"/><line nr="679" mi="0" ci="5" mb="0" cb="0"/><line nr="681" mi="0" ci="5" mb="0" cb="0"/><line nr="686" mi="3" ci="2" mb="3" cb="1"/><line nr="687" mi="5" ci="0" mb="0" cb="0"/><line nr="689" mi="0" ci="4" mb="0" cb="0"/><line nr="699" mi="0" ci="1" mb="0" cb="0"/><line nr="700" mi="0" ci="4" mb="0" cb="0"/><line nr="701" mi="0" ci="7" mb="0" cb="0"/><line nr="702" mi="0" ci="12" mb="0" cb="0"/><line nr="703" mi="0" ci="2" mb="0" cb="0"/><line nr="707" mi="0" ci="3" mb="0" cb="2"/><line nr="708" mi="0" ci="5" mb="0" cb="0"/><line nr="710" mi="0" ci="3" mb="0" cb="2"/><line nr="711" mi="0" ci="6" mb="0" cb="0"/><line nr="713" mi="0" ci="3" mb="0" cb="2"/><line nr="714" mi="0" ci="6" mb="0" cb="0"/><line nr="716" mi="0" ci="3" mb="0" cb="2"/><line nr="717" mi="0" ci="6" mb="0" cb="0"/><line nr="719" mi="0" ci="6" mb="1" cb="3"/><line nr="720" mi="0" ci="5" mb="0" cb="0"/><line nr="722" mi="0" ci="3" mb="0" cb="2"/><line nr="723" mi="3" ci="7" mb="0" cb="0"/><line nr="726" mi="0" ci="3" mb="0" cb="2"/><line nr="727" mi="0" ci="8" mb="1" cb="1"/><line nr="728" mi="11" ci="0" mb="0" cb="0"/><line nr="731" mi="0" ci="2" mb="0" cb="0"/><line nr="733" mi="0" ci="3" mb="0" cb="2"/><line nr="734" mi="0" ci="8" mb="1" cb="1"/><line nr="735" mi="11" ci="0" mb="0" cb="0"/><line nr="738" mi="0" ci="2" mb="0" cb="0"/><line nr="740" mi="0" ci="6" mb="0" cb="4"/><line nr="741" mi="0" ci="5" mb="0" cb="0"/><line nr="743" mi="0" ci="3" mb="1" cb="1"/><line nr="744" mi="5" ci="0" mb="0" cb="0"/><line nr="746" mi="0" ci="3" mb="0" cb="2"/><line nr="747" mi="3" ci="8" mb="0" cb="0"/><line nr="749" mi="0" ci="3" mb="1" cb="1"/><line nr="750" mi="6" ci="0" mb="0" cb="0"/><line nr="752" mi="0" ci="3" mb="0" cb="2"/><line nr="753" mi="0" ci="6" mb="0" cb="0"/><line nr="755" mi="0" ci="3" mb="0" cb="2"/><line nr="756" mi="0" ci="6" mb="0" cb="0"/><line nr="759" mi="0" ci="3" mb="0" cb="2"/><line nr="760" mi="0" ci="3" mb="0" cb="0"/><line nr="761" mi="0" ci="10" mb="0" cb="0"/><line nr="762" mi="1" ci="8" mb="1" cb="1"/><line nr="763" mi="0" ci="5" mb="0" cb="0"/><line nr="764" mi="0" ci="4" mb="0" cb="0"/><line nr="765" mi="0" ci="4" mb="0" cb="0"/><line nr="766" mi="0" ci="5" mb="0" cb="0"/><line nr="767" mi="0" ci="5" mb="0" cb="0"/><line nr="768" mi="0" ci="3" mb="0" cb="0"/><line nr="770" mi="0" ci="3" mb="0" cb="2"/><line nr="771" mi="0" ci="16" mb="0" cb="0"/><line nr="773" mi="0" ci="3" mb="0" cb="2"/><line nr="774" mi="0" ci="16" mb="0" cb="0"/><line nr="778" mi="0" ci="2" mb="0" cb="0"/><line nr="785" mi="0" ci="3" mb="0" cb="0"/><line nr="790" mi="0" ci="8" mb="0" cb="0"/><line nr="795" mi="0" ci="7" mb="0" cb="2"/><line nr="796" mi="0" ci="2" mb="0" cb="0"/><line nr="798" mi="0" ci="7" mb="1" cb="1"/><line nr="799" mi="3" ci="0" mb="0" cb="0"/><line nr="801" mi="0" ci="7" mb="1" cb="1"/><line nr="802" mi="3" ci="0" mb="0" cb="0"/><line nr="804" mi="0" ci="7" mb="0" cb="2"/><line nr="805" mi="0" ci="3" mb="0" cb="0"/><line nr="807" mi="0" ci="5" mb="0" cb="0"/><line nr="814" mi="0" ci="3" mb="0" cb="0"/><line nr="815" mi="0" ci="1" mb="0" cb="0"/><line nr="819" mi="0" ci="3" mb="0" cb="0"/><line nr="820" mi="0" ci="1" mb="0" cb="0"/><line nr="824" mi="0" ci="3" mb="0" cb="0"/><line nr="825" mi="0" ci="1" mb="0" cb="0"/><line nr="830" mi="0" ci="3" mb="0" cb="0"/><line nr="831" mi="0" ci="8" mb="0" cb="0"/><line nr="832" mi="0" ci="6" mb="0" cb="0"/><line nr="833" mi="0" ci="5" mb="0" cb="2"/><line nr="834" mi="0" ci="5" mb="0" cb="0"/><line nr="836" mi="0" ci="1" mb="0" cb="0"/><line nr="839" mi="0" ci="4" mb="0" cb="0"/><line nr="841" mi="0" ci="4" mb="0" cb="0"/><line nr="842" mi="2" ci="10" mb="1" cb="1"/><line nr="843" mi="2" ci="10" mb="1" cb="1"/><line nr="844" mi="3" ci="7" mb="1" cb="1"/><line nr="845" mi="2" ci="10" mb="1" cb="1"/><line nr="846" mi="2" ci="10" mb="1" cb="1"/><line nr="847" mi="2" ci="10" mb="1" cb="1"/><line nr="848" mi="0" ci="4" mb="0" cb="0"/><line nr="849" mi="2" ci="10" mb="1" cb="1"/><line nr="850" mi="0" ci="4" mb="0" cb="0"/><line nr="851" mi="0" ci="4" mb="0" cb="0"/><line nr="852" mi="0" ci="4" mb="0" cb="0"/><line nr="853" mi="0" ci="4" mb="0" cb="0"/><line nr="854" mi="0" ci="4" mb="0" cb="0"/><line nr="855" mi="0" ci="4" mb="0" cb="0"/><line nr="856" mi="0" ci="4" mb="0" cb="0"/><line nr="857" mi="0" ci="4" mb="0" cb="0"/><line nr="858" mi="0" ci="4" mb="0" cb="0"/><line nr="859" mi="0" ci="4" mb="0" cb="0"/><line nr="860" mi="0" ci="4" mb="0" cb="0"/><line nr="861" mi="0" ci="4" mb="0" cb="0"/><line nr="862" mi="0" ci="4" mb="0" cb="0"/><line nr="863" mi="0" ci="4" mb="0" cb="0"/><line nr="864" mi="0" ci="4" mb="0" cb="0"/><line nr="865" mi="0" ci="4" mb="0" cb="0"/><line nr="866" mi="0" ci="4" mb="0" cb="0"/><line nr="867" mi="2" ci="10" mb="1" cb="1"/><line nr="868" mi="5" ci="7" mb="1" cb="1"/><line nr="869" mi="5" ci="7" mb="1" cb="1"/><line nr="870" mi="0" ci="4" mb="0" cb="0"/><line nr="871" mi="0" ci="4" mb="0" cb="0"/><line nr="872" mi="0" ci="4" mb="0" cb="0"/><line nr="873" mi="0" ci="4" mb="0" cb="0"/><line nr="874" mi="0" ci="4" mb="0" cb="0"/><line nr="875" mi="0" ci="4" mb="0" cb="0"/><line nr="876" mi="0" ci="4" mb="0" cb="0"/><line nr="877" mi="0" ci="4" mb="0" cb="0"/><line nr="878" mi="0" ci="4" mb="0" cb="0"/><line nr="879" mi="0" ci="4" mb="0" cb="0"/><line nr="880" mi="0" ci="4" mb="0" cb="0"/><line nr="881" mi="0" ci="4" mb="0" cb="0"/><line nr="882" mi="0" ci="4" mb="0" cb="0"/><line nr="883" mi="0" ci="4" mb="0" cb="0"/><line nr="884" mi="0" ci="4" mb="0" cb="0"/><line nr="885" mi="0" ci="4" mb="0" cb="0"/><line nr="886" mi="0" ci="4" mb="0" cb="0"/><line nr="887" mi="0" ci="4" mb="0" cb="0"/><line nr="888" mi="0" ci="4" mb="0" cb="0"/><line nr="889" mi="0" ci="4" mb="0" cb="0"/><line nr="890" mi="0" ci="4" mb="0" cb="0"/><line nr="891" mi="0" ci="4" mb="0" cb="0"/><line nr="892" mi="0" ci="4" mb="0" cb="0"/><line nr="893" mi="0" ci="4" mb="0" cb="0"/><line nr="894" mi="0" ci="4" mb="0" cb="0"/><line nr="895" mi="0" ci="4" mb="0" cb="0"/><line nr="896" mi="2" ci="10" mb="1" cb="1"/><line nr="897" mi="2" ci="10" mb="1" cb="1"/><line nr="898" mi="2" ci="10" mb="1" cb="1"/><line nr="899" mi="0" ci="4" mb="0" cb="0"/><line nr="900" mi="0" ci="4" mb="0" cb="0"/><line nr="901" mi="2" ci="10" mb="1" cb="1"/><line nr="902" mi="0" ci="4" mb="0" cb="0"/><line nr="903" mi="2" ci="10" mb="1" cb="1"/><line nr="904" mi="2" ci="10" mb="1" cb="1"/><line nr="905" mi="2" ci="10" mb="1" cb="1"/><line nr="906" mi="2" ci="10" mb="1" cb="1"/><line nr="907" mi="5" ci="7" mb="1" cb="1"/><line nr="908" mi="0" ci="4" mb="0" cb="0"/><line nr="909" mi="0" ci="4" mb="0" cb="0"/><line nr="910" mi="2" ci="10" mb="1" cb="1"/><line nr="911" mi="2" ci="10" mb="1" cb="1"/><line nr="912" mi="0" ci="4" mb="0" cb="0"/><line nr="913" mi="0" ci="4" mb="0" cb="0"/><line nr="914" mi="0" ci="4" mb="0" cb="0"/><line nr="916" mi="0" ci="4" mb="0" cb="0"/><line nr="917" mi="0" ci="4" mb="0" cb="0"/><line nr="918" mi="0" ci="4" mb="0" cb="0"/><line nr="920" mi="0" ci="2" mb="0" cb="0"/><line nr="924" mi="0" ci="4" mb="0" cb="0"/><line nr="925" mi="0" ci="3" mb="1" cb="1"/><line nr="926" mi="2" ci="0" mb="0" cb="0"/><line nr="928" mi="0" ci="3" mb="0" cb="2"/><line nr="929" mi="0" ci="4" mb="0" cb="0"/><line nr="931" mi="0" ci="4" mb="0" cb="2"/><line nr="932" mi="0" ci="3" mb="1" cb="1"/><line nr="933" mi="0" ci="2" mb="1" cb="1"/><line nr="934" mi="0" ci="7" mb="1" cb="3"/><line nr="935" mi="0" ci="4" mb="0" cb="0"/><line nr="936" mi="0" ci="5" mb="0" cb="0"/><line nr="938" mi="0" ci="3" mb="0" cb="2"/><line nr="939" mi="0" ci="4" mb="0" cb="0"/><line nr="941" mi="0" ci="6" mb="0" cb="4"/><line nr="942" mi="0" ci="5" mb="0" cb="0"/><line nr="943" mi="0" ci="2" mb="0" cb="0"/><line nr="944" mi="0" ci="2" mb="0" cb="0"/><line nr="945" mi="0" ci="3" mb="0" cb="2"/><line nr="946" mi="0" ci="7" mb="0" cb="0"/><line nr="947" mi="0" ci="3" mb="0" cb="2"/><line nr="948" mi="0" ci="7" mb="0" cb="0"/><line nr="950" mi="0" ci="3" mb="0" cb="2"/><line nr="951" mi="0" ci="3" mb="0" cb="2"/><line nr="952" mi="0" ci="4" mb="0" cb="0"/><line nr="953" mi="0" ci="2" mb="0" cb="0"/><line nr="954" mi="0" ci="12" mb="0" cb="2"/><line nr="956" mi="0" ci="3" mb="0" cb="2"/><line nr="957" mi="0" ci="5" mb="0" cb="0"/><line nr="958" mi="0" ci="2" mb="0" cb="0"/><line nr="959" mi="0" ci="12" mb="0" cb="2"/><line nr="961" mi="0" ci="3" mb="0" cb="2"/><line nr="962" mi="0" ci="3" mb="0" cb="2"/><line nr="963" mi="0" ci="7" mb="0" cb="0"/><line nr="965" mi="0" ci="3" mb="0" cb="2"/><line nr="966" mi="0" ci="8" mb="0" cb="0"/><line nr="968" mi="0" ci="6" mb="2" cb="2"/><line nr="969" mi="0" ci="4" mb="0" cb="0"/><line nr="971" mi="0" ci="2" mb="0" cb="0"/><line nr="975" mi="0" ci="4" mb="0" cb="0"/><line nr="976" mi="0" ci="3" mb="0" cb="2"/><line nr="977" mi="0" ci="2" mb="0" cb="0"/><line nr="979" mi="0" ci="3" mb="0" cb="2"/><line nr="980" mi="4" ci="3" mb="3" cb="1"/><line nr="981" mi="7" ci="0" mb="0" cb="0"/><line nr="982" mi="2" ci="0" mb="0" cb="0"/><line nr="984" mi="0" ci="3" mb="1" cb="1"/><line nr="985" mi="4" ci="0" mb="0" cb="0"/><line nr="987" mi="0" ci="6" mb="1" cb="3"/><line nr="988" mi="9" ci="0" mb="0" cb="0"/><line nr="991" mi="0" ci="3" mb="0" cb="2"/><line nr="992" mi="0" ci="7" mb="0" cb="0"/><line nr="993" mi="0" ci="3" mb="1" cb="1"/><line nr="994" mi="7" ci="0" mb="0" cb="0"/><line nr="997" mi="0" ci="3" mb="0" cb="2"/><line nr="998" mi="0" ci="3" mb="1" cb="1"/><line nr="999" mi="6" ci="0" mb="0" cb="0"/><line nr="1001" mi="13" ci="0" mb="2" cb="0"/><line nr="1003" mi="0" ci="3" mb="1" cb="1"/><line nr="1004" mi="7" ci="0" mb="0" cb="0"/><line nr="1006" mi="13" ci="0" mb="2" cb="0"/><line nr="1008" mi="0" ci="3" mb="0" cb="2"/><line nr="1009" mi="0" ci="3" mb="0" cb="2"/><line nr="1010" mi="0" ci="7" mb="0" cb="0"/><line nr="1012" mi="0" ci="3" mb="0" cb="2"/><line nr="1013" mi="0" ci="8" mb="0" cb="0"/><line nr="1015" mi="0" ci="3" mb="0" cb="2"/><line nr="1016" mi="0" ci="4" mb="0" cb="0"/><line nr="1018" mi="0" ci="2" mb="0" cb="0"/><line nr="1022" mi="0" ci="2" mb="0" cb="0"/><line nr="1023" mi="0" ci="5" mb="0" cb="0"/><line nr="1024" mi="0" ci="5" mb="0" cb="0"/><line nr="1025" mi="0" ci="5" mb="0" cb="0"/><line nr="1026" mi="0" ci="5" mb="0" cb="0"/><counter type="INSTRUCTION" missed="238" covered="3329"/><counter type="BRANCH" missed="79" covered="317"/><counter type="LINE" missed="27" covered="593"/><counter type="COMPLEXITY" missed="79" covered="185"/><counter type="METHOD" missed="4" covered="61"/><counter type="CLASS" missed="0" covered="1"/></sourcefile><counter type="INSTRUCTION" missed="238" covered="3329"/><counter type="BRANCH" missed="79" covered="317"/><counter type="LINE" missed="27" covered="593"/><counter type="COMPLEXITY" missed="79" covered="185"/><counter type="METHOD" missed="4" covered="61"/><counter type="CLASS" missed="0" covered="1"/></package><counter type="INSTRUCTION" missed="238" covered="3329"/><counter type="BRANCH" missed="79" covered="317"/><counter type="LINE" missed="27" covered="593"/><counter type="COMPLEXITY" missed="79" covered="185"/><counter type="METHOD" missed="4" covered="61"/><counter type="CLASS" missed="0" covered="1"/></report>